[2024-03-09T02:28:15.394+0000] {taskinstance.py:1957} INFO - Dependencies all met for dep_context=non-requeueable deps ti=<TaskInstance: play_with_airflow_connections_and_hooks.get_data scheduled__2024-03-08T00:00:00+00:00 [queued]>
[2024-03-09T02:28:15.408+0000] {taskinstance.py:1957} INFO - Dependencies all met for dep_context=requeueable deps ti=<TaskInstance: play_with_airflow_connections_and_hooks.get_data scheduled__2024-03-08T00:00:00+00:00 [queued]>
[2024-03-09T02:28:15.408+0000] {taskinstance.py:2171} INFO - Starting attempt 1 of 1
[2024-03-09T02:28:15.443+0000] {taskinstance.py:2192} INFO - Executing <Task(PythonOperator): get_data> on 2024-03-08 00:00:00+00:00
[2024-03-09T02:28:15.451+0000] {standard_task_runner.py:60} INFO - Started process 197 to run task
[2024-03-09T02:28:15.460+0000] {standard_task_runner.py:87} INFO - Running: ['***', 'tasks', 'run', 'play_with_***_connections_and_hooks', 'get_data', 'scheduled__2024-03-08T00:00:00+00:00', '--job-id', '384', '--raw', '--subdir', 'DAGS_FOLDER/play_with_***_connections_and_hooks.py', '--cfg-path', '/tmp/tmp1dpjjp_k']
[2024-03-09T02:28:15.464+0000] {standard_task_runner.py:88} INFO - Job 384: Subtask get_data
[2024-03-09T02:28:15.618+0000] {task_command.py:423} INFO - Running <TaskInstance: play_with_airflow_connections_and_hooks.get_data scheduled__2024-03-08T00:00:00+00:00 [running]> on host fd2175856160
[2024-03-09T02:28:15.943+0000] {taskinstance.py:2481} INFO - Exporting env vars: AIRFLOW_CTX_DAG_OWNER='***' AIRFLOW_CTX_DAG_ID='play_with_***_connections_and_hooks' AIRFLOW_CTX_TASK_ID='get_data' AIRFLOW_CTX_EXECUTION_DATE='2024-03-08T00:00:00+00:00' AIRFLOW_CTX_TRY_NUMBER='1' AIRFLOW_CTX_DAG_RUN_ID='scheduled__2024-03-08T00:00:00+00:00'
[2024-03-09T02:28:15.964+0000] {base.py:83} INFO - Using connection ID 'my_***_conn' for task execution.
[2024-03-09T02:28:16.473+0000] {logging_mixin.py:188} INFO - ('***', 'public', 'weathers', 'BASE TABLE', None, None, None, None, None, 'YES', 'NO', None)
[2024-03-09T02:28:16.474+0000] {logging_mixin.py:188} INFO - ('***', 'dbt_oz', 'my_first_dbt_model', 'BASE TABLE', None, None, None, None, None, 'YES', 'NO', None)
[2024-03-09T02:28:16.475+0000] {logging_mixin.py:188} INFO - ('***', 'pg_catalog', 'pg_statistic', 'BASE TABLE', None, None, None, None, None, 'YES', 'NO', None)
[2024-03-09T02:28:16.477+0000] {logging_mixin.py:188} INFO - ('***', 'pg_catalog', 'pg_type', 'BASE TABLE', None, None, None, None, None, 'YES', 'NO', None)
[2024-03-09T02:28:16.477+0000] {logging_mixin.py:188} INFO - ('***', 'dbt_oz', 'my_model', 'VIEW', None, None, None, None, None, 'NO', 'NO', None)
[2024-03-09T02:28:16.478+0000] {logging_mixin.py:188} INFO - ('***', 'pg_catalog', 'pg_foreign_table', 'BASE TABLE', None, None, None, None, None, 'YES', 'NO', None)
[2024-03-09T02:28:16.479+0000] {logging_mixin.py:188} INFO - ('***', 'pg_catalog', 'pg_authid', 'BASE TABLE', None, None, None, None, None, 'YES', 'NO', None)
[2024-03-09T02:28:16.480+0000] {logging_mixin.py:188} INFO - ('***', 'pg_catalog', 'pg_shadow', 'VIEW', None, None, None, None, None, 'NO', 'NO', None)
[2024-03-09T02:28:16.481+0000] {logging_mixin.py:188} INFO - ('***', 'dbt_oz', 'stg_weathers', 'VIEW', None, None, None, None, None, 'YES', 'NO', None)
[2024-03-09T02:28:16.482+0000] {logging_mixin.py:188} INFO - ('***', 'pg_catalog', 'pg_roles', 'VIEW', None, None, None, None, None, 'NO', 'NO', None)
[2024-03-09T02:28:16.483+0000] {logging_mixin.py:188} INFO - ('***', 'dbt_oz', 'my_second_dbt_model', 'VIEW', None, None, None, None, None, 'YES', 'NO', None)
[2024-03-09T02:28:16.484+0000] {logging_mixin.py:188} INFO - ('***', 'pg_catalog', 'pg_statistic_ext_data', 'BASE TABLE', None, None, None, None, None, 'YES', 'NO', None)
[2024-03-09T02:28:16.484+0000] {logging_mixin.py:188} INFO - ('***', 'pg_catalog', 'pg_hba_file_rules', 'VIEW', None, None, None, None, None, 'NO', 'NO', None)
[2024-03-09T02:28:16.485+0000] {logging_mixin.py:188} INFO - ('***', 'pg_catalog', 'pg_settings', 'VIEW', None, None, None, None, None, 'NO', 'NO', None)
[2024-03-09T02:28:16.486+0000] {logging_mixin.py:188} INFO - ('***', 'pg_catalog', 'pg_file_settings', 'VIEW', None, None, None, None, None, 'NO', 'NO', None)
[2024-03-09T02:28:16.486+0000] {logging_mixin.py:188} INFO - ('***', 'pg_catalog', 'pg_backend_memory_contexts', 'VIEW', None, None, None, None, None, 'NO', 'NO', None)
[2024-03-09T02:28:16.487+0000] {logging_mixin.py:188} INFO - ('***', 'pg_catalog', 'pg_ident_file_mappings', 'VIEW', None, None, None, None, None, 'NO', 'NO', None)
[2024-03-09T02:28:16.487+0000] {logging_mixin.py:188} INFO - ('***', 'pg_catalog', 'pg_config', 'VIEW', None, None, None, None, None, 'NO', 'NO', None)
[2024-03-09T02:28:16.488+0000] {logging_mixin.py:188} INFO - ('***', 'pg_catalog', 'pg_shmem_allocations', 'VIEW', None, None, None, None, None, 'NO', 'NO', None)
[2024-03-09T02:28:16.488+0000] {logging_mixin.py:188} INFO - ('***', 'pg_catalog', 'pg_tables', 'VIEW', None, None, None, None, None, 'NO', 'NO', None)
[2024-03-09T02:28:16.489+0000] {logging_mixin.py:188} INFO - ('***', 'dbt_oz', 'avgerage_temperature_in_bangkok', 'VIEW', None, None, None, None, None, 'NO', 'NO', None)
[2024-03-09T02:28:16.489+0000] {logging_mixin.py:188} INFO - ('***', 'pg_catalog', 'pg_user_mapping', 'BASE TABLE', None, None, None, None, None, 'YES', 'NO', None)
[2024-03-09T02:28:16.490+0000] {logging_mixin.py:188} INFO - ('***', 'pg_catalog', 'pg_replication_origin_status', 'VIEW', None, None, None, None, None, 'NO', 'NO', None)
[2024-03-09T02:28:16.490+0000] {logging_mixin.py:188} INFO - ('***', 'pg_catalog', 'pg_subscription', 'BASE TABLE', None, None, None, None, None, 'YES', 'NO', None)
[2024-03-09T02:28:16.491+0000] {logging_mixin.py:188} INFO - ('***', 'pg_catalog', 'pg_attribute', 'BASE TABLE', None, None, None, None, None, 'YES', 'NO', None)
[2024-03-09T02:28:16.491+0000] {logging_mixin.py:188} INFO - ('***', 'pg_catalog', 'pg_proc', 'BASE TABLE', None, None, None, None, None, 'YES', 'NO', None)
[2024-03-09T02:28:16.492+0000] {logging_mixin.py:188} INFO - ('***', 'pg_catalog', 'pg_class', 'BASE TABLE', None, None, None, None, None, 'YES', 'NO', None)
[2024-03-09T02:28:16.492+0000] {logging_mixin.py:188} INFO - ('***', 'pg_catalog', 'pg_attrdef', 'BASE TABLE', None, None, None, None, None, 'YES', 'NO', None)
[2024-03-09T02:28:16.493+0000] {logging_mixin.py:188} INFO - ('***', 'pg_catalog', 'pg_constraint', 'BASE TABLE', None, None, None, None, None, 'YES', 'NO', None)
[2024-03-09T02:28:16.494+0000] {logging_mixin.py:188} INFO - ('***', 'pg_catalog', 'pg_inherits', 'BASE TABLE', None, None, None, None, None, 'YES', 'NO', None)
[2024-03-09T02:28:16.494+0000] {logging_mixin.py:188} INFO - ('***', 'pg_catalog', 'pg_index', 'BASE TABLE', None, None, None, None, None, 'YES', 'NO', None)
[2024-03-09T02:28:16.495+0000] {logging_mixin.py:188} INFO - ('***', 'pg_catalog', 'pg_operator', 'BASE TABLE', None, None, None, None, None, 'YES', 'NO', None)
[2024-03-09T02:28:16.496+0000] {logging_mixin.py:188} INFO - ('***', 'pg_catalog', 'pg_statio_all_sequences', 'VIEW', None, None, None, None, None, 'NO', 'NO', None)
[2024-03-09T02:28:16.497+0000] {logging_mixin.py:188} INFO - ('***', 'pg_catalog', 'pg_opfamily', 'BASE TABLE', None, None, None, None, None, 'YES', 'NO', None)
[2024-03-09T02:28:16.497+0000] {logging_mixin.py:188} INFO - ('***', 'pg_catalog', 'pg_opclass', 'BASE TABLE', None, None, None, None, None, 'YES', 'NO', None)
[2024-03-09T02:28:16.498+0000] {logging_mixin.py:188} INFO - ('***', 'pg_catalog', 'pg_am', 'BASE TABLE', None, None, None, None, None, 'YES', 'NO', None)
[2024-03-09T02:28:16.499+0000] {logging_mixin.py:188} INFO - ('***', 'pg_catalog', 'pg_amop', 'BASE TABLE', None, None, None, None, None, 'YES', 'NO', None)
[2024-03-09T02:28:16.499+0000] {logging_mixin.py:188} INFO - ('***', 'pg_catalog', 'pg_amproc', 'BASE TABLE', None, None, None, None, None, 'YES', 'NO', None)
[2024-03-09T02:28:16.500+0000] {logging_mixin.py:188} INFO - ('***', 'pg_catalog', 'pg_language', 'BASE TABLE', None, None, None, None, None, 'YES', 'NO', None)
[2024-03-09T02:28:16.500+0000] {logging_mixin.py:188} INFO - ('***', 'pg_catalog', 'pg_largeobject_metadata', 'BASE TABLE', None, None, None, None, None, 'YES', 'NO', None)
[2024-03-09T02:28:16.501+0000] {logging_mixin.py:188} INFO - ('***', 'pg_catalog', 'pg_aggregate', 'BASE TABLE', None, None, None, None, None, 'YES', 'NO', None)
[2024-03-09T02:28:16.501+0000] {logging_mixin.py:188} INFO - ('***', 'pg_catalog', 'pg_statistic_ext', 'BASE TABLE', None, None, None, None, None, 'YES', 'NO', None)
[2024-03-09T02:28:16.502+0000] {logging_mixin.py:188} INFO - ('***', 'pg_catalog', 'pg_rewrite', 'BASE TABLE', None, None, None, None, None, 'YES', 'NO', None)
[2024-03-09T02:28:16.502+0000] {logging_mixin.py:188} INFO - ('***', 'pg_catalog', 'pg_trigger', 'BASE TABLE', None, None, None, None, None, 'YES', 'NO', None)
[2024-03-09T02:28:16.507+0000] {logging_mixin.py:188} INFO - ('***', 'pg_catalog', 'pg_event_trigger', 'BASE TABLE', None, None, None, None, None, 'YES', 'NO', None)
[2024-03-09T02:28:16.508+0000] {logging_mixin.py:188} INFO - ('***', 'pg_catalog', 'pg_description', 'BASE TABLE', None, None, None, None, None, 'YES', 'NO', None)
[2024-03-09T02:28:16.508+0000] {logging_mixin.py:188} INFO - ('***', 'pg_catalog', 'pg_cast', 'BASE TABLE', None, None, None, None, None, 'YES', 'NO', None)
[2024-03-09T02:28:16.509+0000] {logging_mixin.py:188} INFO - ('***', 'pg_catalog', 'pg_enum', 'BASE TABLE', None, None, None, None, None, 'YES', 'NO', None)
[2024-03-09T02:28:16.509+0000] {logging_mixin.py:188} INFO - ('***', 'pg_catalog', 'pg_namespace', 'BASE TABLE', None, None, None, None, None, 'YES', 'NO', None)
[2024-03-09T02:28:16.510+0000] {logging_mixin.py:188} INFO - ('***', 'pg_catalog', 'pg_conversion', 'BASE TABLE', None, None, None, None, None, 'YES', 'NO', None)
[2024-03-09T02:28:16.510+0000] {logging_mixin.py:188} INFO - ('***', 'pg_catalog', 'pg_depend', 'BASE TABLE', None, None, None, None, None, 'YES', 'NO', None)
[2024-03-09T02:28:16.511+0000] {logging_mixin.py:188} INFO - ('***', 'pg_catalog', 'pg_database', 'BASE TABLE', None, None, None, None, None, 'YES', 'NO', None)
[2024-03-09T02:28:16.511+0000] {logging_mixin.py:188} INFO - ('***', 'pg_catalog', 'pg_db_role_setting', 'BASE TABLE', None, None, None, None, None, 'YES', 'NO', None)
[2024-03-09T02:28:16.512+0000] {logging_mixin.py:188} INFO - ('***', 'pg_catalog', 'pg_tablespace', 'BASE TABLE', None, None, None, None, None, 'YES', 'NO', None)
[2024-03-09T02:28:16.512+0000] {logging_mixin.py:188} INFO - ('***', 'pg_catalog', 'pg_auth_members', 'BASE TABLE', None, None, None, None, None, 'YES', 'NO', None)
[2024-03-09T02:28:16.513+0000] {logging_mixin.py:188} INFO - ('***', 'pg_catalog', 'pg_shdepend', 'BASE TABLE', None, None, None, None, None, 'YES', 'NO', None)
[2024-03-09T02:28:16.513+0000] {logging_mixin.py:188} INFO - ('***', 'pg_catalog', 'pg_shdescription', 'BASE TABLE', None, None, None, None, None, 'YES', 'NO', None)
[2024-03-09T02:28:16.514+0000] {logging_mixin.py:188} INFO - ('***', 'pg_catalog', 'pg_ts_config', 'BASE TABLE', None, None, None, None, None, 'YES', 'NO', None)
[2024-03-09T02:28:16.514+0000] {logging_mixin.py:188} INFO - ('***', 'pg_catalog', 'pg_ts_config_map', 'BASE TABLE', None, None, None, None, None, 'YES', 'NO', None)
[2024-03-09T02:28:16.515+0000] {logging_mixin.py:188} INFO - ('***', 'pg_catalog', 'pg_ts_dict', 'BASE TABLE', None, None, None, None, None, 'YES', 'NO', None)
[2024-03-09T02:28:16.516+0000] {logging_mixin.py:188} INFO - ('***', 'pg_catalog', 'pg_ts_parser', 'BASE TABLE', None, None, None, None, None, 'YES', 'NO', None)
[2024-03-09T02:28:16.516+0000] {logging_mixin.py:188} INFO - ('***', 'pg_catalog', 'pg_ts_template', 'BASE TABLE', None, None, None, None, None, 'YES', 'NO', None)
[2024-03-09T02:28:16.517+0000] {logging_mixin.py:188} INFO - ('***', 'pg_catalog', 'pg_extension', 'BASE TABLE', None, None, None, None, None, 'YES', 'NO', None)
[2024-03-09T02:28:16.517+0000] {logging_mixin.py:188} INFO - ('***', 'pg_catalog', 'pg_foreign_data_wrapper', 'BASE TABLE', None, None, None, None, None, 'YES', 'NO', None)
[2024-03-09T02:28:16.518+0000] {logging_mixin.py:188} INFO - ('***', 'pg_catalog', 'pg_foreign_server', 'BASE TABLE', None, None, None, None, None, 'YES', 'NO', None)
[2024-03-09T02:28:16.518+0000] {logging_mixin.py:188} INFO - ('***', 'pg_catalog', 'pg_policy', 'BASE TABLE', None, None, None, None, None, 'YES', 'NO', None)
[2024-03-09T02:28:16.519+0000] {logging_mixin.py:188} INFO - ('***', 'pg_catalog', 'pg_replication_origin', 'BASE TABLE', None, None, None, None, None, 'YES', 'NO', None)
[2024-03-09T02:28:16.519+0000] {logging_mixin.py:188} INFO - ('***', 'pg_catalog', 'pg_default_acl', 'BASE TABLE', None, None, None, None, None, 'YES', 'NO', None)
[2024-03-09T02:28:16.520+0000] {logging_mixin.py:188} INFO - ('***', 'pg_catalog', 'pg_init_privs', 'BASE TABLE', None, None, None, None, None, 'YES', 'NO', None)
[2024-03-09T02:28:16.520+0000] {logging_mixin.py:188} INFO - ('***', 'pg_catalog', 'pg_seclabel', 'BASE TABLE', None, None, None, None, None, 'YES', 'NO', None)
[2024-03-09T02:28:16.521+0000] {logging_mixin.py:188} INFO - ('***', 'pg_catalog', 'pg_shseclabel', 'BASE TABLE', None, None, None, None, None, 'YES', 'NO', None)
[2024-03-09T02:28:16.521+0000] {logging_mixin.py:188} INFO - ('***', 'pg_catalog', 'pg_collation', 'BASE TABLE', None, None, None, None, None, 'YES', 'NO', None)
[2024-03-09T02:28:16.522+0000] {logging_mixin.py:188} INFO - ('***', 'pg_catalog', 'pg_parameter_acl', 'BASE TABLE', None, None, None, None, None, 'YES', 'NO', None)
[2024-03-09T02:28:16.522+0000] {logging_mixin.py:188} INFO - ('***', 'pg_catalog', 'pg_partitioned_table', 'BASE TABLE', None, None, None, None, None, 'YES', 'NO', None)
[2024-03-09T02:28:16.523+0000] {logging_mixin.py:188} INFO - ('***', 'pg_catalog', 'pg_range', 'BASE TABLE', None, None, None, None, None, 'YES', 'NO', None)
[2024-03-09T02:28:16.523+0000] {logging_mixin.py:188} INFO - ('***', 'pg_catalog', 'pg_transform', 'BASE TABLE', None, None, None, None, None, 'YES', 'NO', None)
[2024-03-09T02:28:16.524+0000] {logging_mixin.py:188} INFO - ('***', 'pg_catalog', 'pg_sequence', 'BASE TABLE', None, None, None, None, None, 'YES', 'NO', None)
[2024-03-09T02:28:16.524+0000] {logging_mixin.py:188} INFO - ('***', 'pg_catalog', 'pg_publication', 'BASE TABLE', None, None, None, None, None, 'YES', 'NO', None)
[2024-03-09T02:28:16.525+0000] {logging_mixin.py:188} INFO - ('***', 'pg_catalog', 'pg_publication_namespace', 'BASE TABLE', None, None, None, None, None, 'YES', 'NO', None)
[2024-03-09T02:28:16.525+0000] {logging_mixin.py:188} INFO - ('***', 'pg_catalog', 'pg_publication_rel', 'BASE TABLE', None, None, None, None, None, 'YES', 'NO', None)
[2024-03-09T02:28:16.526+0000] {logging_mixin.py:188} INFO - ('***', 'pg_catalog', 'pg_subscription_rel', 'BASE TABLE', None, None, None, None, None, 'YES', 'NO', None)
[2024-03-09T02:28:16.526+0000] {logging_mixin.py:188} INFO - ('***', 'pg_catalog', 'pg_group', 'VIEW', None, None, None, None, None, 'YES', 'NO', None)
[2024-03-09T02:28:16.527+0000] {logging_mixin.py:188} INFO - ('***', 'pg_catalog', 'pg_user', 'VIEW', None, None, None, None, None, 'NO', 'NO', None)
[2024-03-09T02:28:16.527+0000] {logging_mixin.py:188} INFO - ('***', 'pg_catalog', 'pg_policies', 'VIEW', None, None, None, None, None, 'NO', 'NO', None)
[2024-03-09T02:28:16.528+0000] {logging_mixin.py:188} INFO - ('***', 'pg_catalog', 'pg_rules', 'VIEW', None, None, None, None, None, 'NO', 'NO', None)
[2024-03-09T02:28:16.528+0000] {logging_mixin.py:188} INFO - ('***', 'pg_catalog', 'pg_views', 'VIEW', None, None, None, None, None, 'NO', 'NO', None)
[2024-03-09T02:28:16.529+0000] {logging_mixin.py:188} INFO - ('***', 'pg_catalog', 'pg_matviews', 'VIEW', None, None, None, None, None, 'NO', 'NO', None)
[2024-03-09T02:28:16.529+0000] {logging_mixin.py:188} INFO - ('***', 'pg_catalog', 'pg_indexes', 'VIEW', None, None, None, None, None, 'NO', 'NO', None)
[2024-03-09T02:28:16.530+0000] {logging_mixin.py:188} INFO - ('***', 'pg_catalog', 'pg_sequences', 'VIEW', None, None, None, None, None, 'NO', 'NO', None)
[2024-03-09T02:28:16.530+0000] {logging_mixin.py:188} INFO - ('***', 'pg_catalog', 'pg_stats', 'VIEW', None, None, None, None, None, 'NO', 'NO', None)
[2024-03-09T02:28:16.531+0000] {logging_mixin.py:188} INFO - ('***', 'pg_catalog', 'pg_stats_ext', 'VIEW', None, None, None, None, None, 'NO', 'NO', None)
[2024-03-09T02:28:16.535+0000] {logging_mixin.py:188} INFO - ('***', 'pg_catalog', 'pg_stats_ext_exprs', 'VIEW', None, None, None, None, None, 'NO', 'NO', None)
[2024-03-09T02:28:16.535+0000] {logging_mixin.py:188} INFO - ('***', 'pg_catalog', 'pg_publication_tables', 'VIEW', None, None, None, None, None, 'NO', 'NO', None)
[2024-03-09T02:28:16.536+0000] {logging_mixin.py:188} INFO - ('***', 'pg_catalog', 'pg_locks', 'VIEW', None, None, None, None, None, 'NO', 'NO', None)
[2024-03-09T02:28:16.536+0000] {logging_mixin.py:188} INFO - ('***', 'pg_catalog', 'pg_cursors', 'VIEW', None, None, None, None, None, 'NO', 'NO', None)
[2024-03-09T02:28:16.537+0000] {logging_mixin.py:188} INFO - ('***', 'pg_catalog', 'pg_available_extensions', 'VIEW', None, None, None, None, None, 'NO', 'NO', None)
[2024-03-09T02:28:16.537+0000] {logging_mixin.py:188} INFO - ('***', 'pg_catalog', 'pg_available_extension_versions', 'VIEW', None, None, None, None, None, 'NO', 'NO', None)
[2024-03-09T02:28:16.538+0000] {logging_mixin.py:188} INFO - ('***', 'pg_catalog', 'pg_prepared_xacts', 'VIEW', None, None, None, None, None, 'NO', 'NO', None)
[2024-03-09T02:28:16.538+0000] {logging_mixin.py:188} INFO - ('***', 'pg_catalog', 'pg_prepared_statements', 'VIEW', None, None, None, None, None, 'NO', 'NO', None)
[2024-03-09T02:28:16.539+0000] {logging_mixin.py:188} INFO - ('***', 'pg_catalog', 'pg_seclabels', 'VIEW', None, None, None, None, None, 'NO', 'NO', None)
[2024-03-09T02:28:16.539+0000] {logging_mixin.py:188} INFO - ('***', 'pg_catalog', 'pg_timezone_abbrevs', 'VIEW', None, None, None, None, None, 'NO', 'NO', None)
[2024-03-09T02:28:16.540+0000] {logging_mixin.py:188} INFO - ('***', 'pg_catalog', 'pg_timezone_names', 'VIEW', None, None, None, None, None, 'NO', 'NO', None)
[2024-03-09T02:28:16.541+0000] {logging_mixin.py:188} INFO - ('***', 'pg_catalog', 'pg_stat_all_tables', 'VIEW', None, None, None, None, None, 'NO', 'NO', None)
[2024-03-09T02:28:16.541+0000] {logging_mixin.py:188} INFO - ('***', 'pg_catalog', 'pg_stat_xact_all_tables', 'VIEW', None, None, None, None, None, 'NO', 'NO', None)
[2024-03-09T02:28:16.542+0000] {logging_mixin.py:188} INFO - ('***', 'pg_catalog', 'pg_stat_xact_user_tables', 'VIEW', None, None, None, None, None, 'NO', 'NO', None)
[2024-03-09T02:28:16.542+0000] {logging_mixin.py:188} INFO - ('***', 'pg_catalog', 'pg_stat_sys_tables', 'VIEW', None, None, None, None, None, 'NO', 'NO', None)
[2024-03-09T02:28:16.543+0000] {logging_mixin.py:188} INFO - ('***', 'pg_catalog', 'pg_stat_xact_sys_tables', 'VIEW', None, None, None, None, None, 'NO', 'NO', None)
[2024-03-09T02:28:16.543+0000] {logging_mixin.py:188} INFO - ('***', 'pg_catalog', 'pg_stat_user_tables', 'VIEW', None, None, None, None, None, 'NO', 'NO', None)
[2024-03-09T02:28:16.543+0000] {logging_mixin.py:188} INFO - ('***', 'pg_catalog', 'pg_statio_all_tables', 'VIEW', None, None, None, None, None, 'NO', 'NO', None)
[2024-03-09T02:28:16.544+0000] {logging_mixin.py:188} INFO - ('***', 'pg_catalog', 'pg_statio_sys_tables', 'VIEW', None, None, None, None, None, 'NO', 'NO', None)
[2024-03-09T02:28:16.548+0000] {logging_mixin.py:188} INFO - ('***', 'pg_catalog', 'pg_statio_user_tables', 'VIEW', None, None, None, None, None, 'NO', 'NO', None)
[2024-03-09T02:28:16.548+0000] {logging_mixin.py:188} INFO - ('***', 'pg_catalog', 'pg_stat_all_indexes', 'VIEW', None, None, None, None, None, 'NO', 'NO', None)
[2024-03-09T02:28:16.548+0000] {logging_mixin.py:188} INFO - ('***', 'pg_catalog', 'pg_stat_sys_indexes', 'VIEW', None, None, None, None, None, 'NO', 'NO', None)
[2024-03-09T02:28:16.548+0000] {logging_mixin.py:188} INFO - ('***', 'pg_catalog', 'pg_stat_user_indexes', 'VIEW', None, None, None, None, None, 'NO', 'NO', None)
[2024-03-09T02:28:16.549+0000] {logging_mixin.py:188} INFO - ('***', 'pg_catalog', 'pg_statio_all_indexes', 'VIEW', None, None, None, None, None, 'NO', 'NO', None)
[2024-03-09T02:28:16.549+0000] {logging_mixin.py:188} INFO - ('***', 'pg_catalog', 'pg_statio_sys_indexes', 'VIEW', None, None, None, None, None, 'NO', 'NO', None)
[2024-03-09T02:28:16.549+0000] {logging_mixin.py:188} INFO - ('***', 'pg_catalog', 'pg_statio_user_indexes', 'VIEW', None, None, None, None, None, 'NO', 'NO', None)
[2024-03-09T02:28:16.549+0000] {logging_mixin.py:188} INFO - ('***', 'pg_catalog', 'pg_statio_sys_sequences', 'VIEW', None, None, None, None, None, 'NO', 'NO', None)
[2024-03-09T02:28:16.549+0000] {logging_mixin.py:188} INFO - ('***', 'pg_catalog', 'pg_statio_user_sequences', 'VIEW', None, None, None, None, None, 'NO', 'NO', None)
[2024-03-09T02:28:16.550+0000] {logging_mixin.py:188} INFO - ('***', 'pg_catalog', 'pg_stat_activity', 'VIEW', None, None, None, None, None, 'NO', 'NO', None)
[2024-03-09T02:28:16.550+0000] {logging_mixin.py:188} INFO - ('***', 'pg_catalog', 'pg_stat_replication', 'VIEW', None, None, None, None, None, 'NO', 'NO', None)
[2024-03-09T02:28:16.550+0000] {logging_mixin.py:188} INFO - ('***', 'pg_catalog', 'pg_stat_slru', 'VIEW', None, None, None, None, None, 'NO', 'NO', None)
[2024-03-09T02:28:16.550+0000] {logging_mixin.py:188} INFO - ('***', 'pg_catalog', 'pg_stat_wal_receiver', 'VIEW', None, None, None, None, None, 'NO', 'NO', None)
[2024-03-09T02:28:16.550+0000] {logging_mixin.py:188} INFO - ('***', 'pg_catalog', 'pg_stat_recovery_prefetch', 'VIEW', None, None, None, None, None, 'NO', 'NO', None)
[2024-03-09T02:28:16.550+0000] {logging_mixin.py:188} INFO - ('***', 'pg_catalog', 'pg_stat_subscription', 'VIEW', None, None, None, None, None, 'NO', 'NO', None)
[2024-03-09T02:28:16.551+0000] {logging_mixin.py:188} INFO - ('***', 'pg_catalog', 'pg_stat_ssl', 'VIEW', None, None, None, None, None, 'NO', 'NO', None)
[2024-03-09T02:28:16.551+0000] {logging_mixin.py:188} INFO - ('***', 'pg_catalog', 'pg_stat_gssapi', 'VIEW', None, None, None, None, None, 'NO', 'NO', None)
[2024-03-09T02:28:16.551+0000] {logging_mixin.py:188} INFO - ('***', 'pg_catalog', 'pg_replication_slots', 'VIEW', None, None, None, None, None, 'NO', 'NO', None)
[2024-03-09T02:28:16.551+0000] {logging_mixin.py:188} INFO - ('***', 'pg_catalog', 'pg_stat_replication_slots', 'VIEW', None, None, None, None, None, 'NO', 'NO', None)
[2024-03-09T02:28:16.551+0000] {logging_mixin.py:188} INFO - ('***', 'pg_catalog', 'pg_stat_database', 'VIEW', None, None, None, None, None, 'NO', 'NO', None)
[2024-03-09T02:28:16.552+0000] {logging_mixin.py:188} INFO - ('***', 'pg_catalog', 'pg_stat_database_conflicts', 'VIEW', None, None, None, None, None, 'YES', 'NO', None)
[2024-03-09T02:28:16.552+0000] {logging_mixin.py:188} INFO - ('***', 'pg_catalog', 'pg_stat_user_functions', 'VIEW', None, None, None, None, None, 'NO', 'NO', None)
[2024-03-09T02:28:16.552+0000] {logging_mixin.py:188} INFO - ('***', 'pg_catalog', 'pg_stat_xact_user_functions', 'VIEW', None, None, None, None, None, 'NO', 'NO', None)
[2024-03-09T02:28:16.552+0000] {logging_mixin.py:188} INFO - ('***', 'pg_catalog', 'pg_stat_archiver', 'VIEW', None, None, None, None, None, 'NO', 'NO', None)
[2024-03-09T02:28:16.552+0000] {logging_mixin.py:188} INFO - ('***', 'pg_catalog', 'pg_stat_bgwriter', 'VIEW', None, None, None, None, None, 'NO', 'NO', None)
[2024-03-09T02:28:16.552+0000] {logging_mixin.py:188} INFO - ('***', 'pg_catalog', 'pg_stat_io', 'VIEW', None, None, None, None, None, 'NO', 'NO', None)
[2024-03-09T02:28:16.553+0000] {logging_mixin.py:188} INFO - ('***', 'pg_catalog', 'pg_stat_wal', 'VIEW', None, None, None, None, None, 'NO', 'NO', None)
[2024-03-09T02:28:16.553+0000] {logging_mixin.py:188} INFO - ('***', 'pg_catalog', 'pg_stat_progress_analyze', 'VIEW', None, None, None, None, None, 'NO', 'NO', None)
[2024-03-09T02:28:16.553+0000] {logging_mixin.py:188} INFO - ('***', 'pg_catalog', 'pg_stat_progress_vacuum', 'VIEW', None, None, None, None, None, 'NO', 'NO', None)
[2024-03-09T02:28:16.553+0000] {logging_mixin.py:188} INFO - ('***', 'pg_catalog', 'pg_stat_progress_cluster', 'VIEW', None, None, None, None, None, 'NO', 'NO', None)
[2024-03-09T02:28:16.553+0000] {logging_mixin.py:188} INFO - ('***', 'pg_catalog', 'pg_stat_progress_create_index', 'VIEW', None, None, None, None, None, 'NO', 'NO', None)
[2024-03-09T02:28:16.554+0000] {logging_mixin.py:188} INFO - ('***', 'pg_catalog', 'pg_stat_progress_basebackup', 'VIEW', None, None, None, None, None, 'NO', 'NO', None)
[2024-03-09T02:28:16.554+0000] {logging_mixin.py:188} INFO - ('***', 'pg_catalog', 'pg_stat_progress_copy', 'VIEW', None, None, None, None, None, 'NO', 'NO', None)
[2024-03-09T02:28:16.554+0000] {logging_mixin.py:188} INFO - ('***', 'pg_catalog', 'pg_user_mappings', 'VIEW', None, None, None, None, None, 'NO', 'NO', None)
[2024-03-09T02:28:16.554+0000] {logging_mixin.py:188} INFO - ('***', 'pg_catalog', 'pg_stat_subscription_stats', 'VIEW', None, None, None, None, None, 'NO', 'NO', None)
[2024-03-09T02:28:16.554+0000] {logging_mixin.py:188} INFO - ('***', 'pg_catalog', 'pg_largeobject', 'BASE TABLE', None, None, None, None, None, 'YES', 'NO', None)
[2024-03-09T02:28:16.554+0000] {logging_mixin.py:188} INFO - ('***', 'information_schema', 'collations', 'VIEW', None, None, None, None, None, 'NO', 'NO', None)
[2024-03-09T02:28:16.555+0000] {logging_mixin.py:188} INFO - ('***', 'information_schema', 'information_schema_catalog_name', 'VIEW', None, None, None, None, None, 'NO', 'NO', None)
[2024-03-09T02:28:16.555+0000] {logging_mixin.py:188} INFO - ('***', 'information_schema', 'applicable_roles', 'VIEW', None, None, None, None, None, 'NO', 'NO', None)
[2024-03-09T02:28:16.555+0000] {logging_mixin.py:188} INFO - ('***', 'information_schema', 'domain_constraints', 'VIEW', None, None, None, None, None, 'NO', 'NO', None)
[2024-03-09T02:28:16.555+0000] {logging_mixin.py:188} INFO - ('***', 'information_schema', 'administrable_role_authorizations', 'VIEW', None, None, None, None, None, 'NO', 'NO', None)
[2024-03-09T02:28:16.555+0000] {logging_mixin.py:188} INFO - ('***', 'information_schema', 'collation_character_set_applicability', 'VIEW', None, None, None, None, None, 'NO', 'NO', None)
[2024-03-09T02:28:16.556+0000] {logging_mixin.py:188} INFO - ('***', 'information_schema', 'attributes', 'VIEW', None, None, None, None, None, 'NO', 'NO', None)
[2024-03-09T02:28:16.556+0000] {logging_mixin.py:188} INFO - ('***', 'information_schema', 'character_sets', 'VIEW', None, None, None, None, None, 'NO', 'NO', None)
[2024-03-09T02:28:16.556+0000] {logging_mixin.py:188} INFO - ('***', 'information_schema', 'column_udt_usage', 'VIEW', None, None, None, None, None, 'NO', 'NO', None)
[2024-03-09T02:28:16.556+0000] {logging_mixin.py:188} INFO - ('***', 'information_schema', 'check_constraint_routine_usage', 'VIEW', None, None, None, None, None, 'NO', 'NO', None)
[2024-03-09T02:28:16.556+0000] {logging_mixin.py:188} INFO - ('***', 'information_schema', 'column_column_usage', 'VIEW', None, None, None, None, None, 'NO', 'NO', None)
[2024-03-09T02:28:16.556+0000] {logging_mixin.py:188} INFO - ('***', 'information_schema', 'check_constraints', 'VIEW', None, None, None, None, None, 'NO', 'NO', None)
[2024-03-09T02:28:16.557+0000] {logging_mixin.py:188} INFO - ('***', 'information_schema', 'constraint_table_usage', 'VIEW', None, None, None, None, None, 'NO', 'NO', None)
[2024-03-09T02:28:16.557+0000] {logging_mixin.py:188} INFO - ('***', 'information_schema', 'column_domain_usage', 'VIEW', None, None, None, None, None, 'NO', 'NO', None)
[2024-03-09T02:28:16.557+0000] {logging_mixin.py:188} INFO - ('***', 'information_schema', 'columns', 'VIEW', None, None, None, None, None, 'NO', 'NO', None)
[2024-03-09T02:28:16.575+0000] {logging_mixin.py:188} INFO - ('***', 'information_schema', 'column_privileges', 'VIEW', None, None, None, None, None, 'NO', 'NO', None)
[2024-03-09T02:28:16.576+0000] {logging_mixin.py:188} INFO - ('***', 'information_schema', 'constraint_column_usage', 'VIEW', None, None, None, None, None, 'NO', 'NO', None)
[2024-03-09T02:28:16.577+0000] {logging_mixin.py:188} INFO - ('***', 'information_schema', 'domain_udt_usage', 'VIEW', None, None, None, None, None, 'NO', 'NO', None)
[2024-03-09T02:28:16.577+0000] {logging_mixin.py:188} INFO - ('***', 'information_schema', 'domains', 'VIEW', None, None, None, None, None, 'NO', 'NO', None)
[2024-03-09T02:28:16.578+0000] {logging_mixin.py:188} INFO - ('***', 'information_schema', 'enabled_roles', 'VIEW', None, None, None, None, None, 'NO', 'NO', None)
[2024-03-09T02:28:16.578+0000] {logging_mixin.py:188} INFO - ('***', 'information_schema', 'key_column_usage', 'VIEW', None, None, None, None, None, 'NO', 'NO', None)
[2024-03-09T02:28:16.579+0000] {logging_mixin.py:188} INFO - ('***', 'information_schema', 'parameters', 'VIEW', None, None, None, None, None, 'NO', 'NO', None)
[2024-03-09T02:28:16.579+0000] {logging_mixin.py:188} INFO - ('***', 'information_schema', 'table_privileges', 'VIEW', None, None, None, None, None, 'NO', 'NO', None)
[2024-03-09T02:28:16.580+0000] {logging_mixin.py:188} INFO - ('***', 'information_schema', 'referential_constraints', 'VIEW', None, None, None, None, None, 'NO', 'NO', None)
[2024-03-09T02:28:16.583+0000] {logging_mixin.py:188} INFO - ('***', 'information_schema', 'sql_features', 'BASE TABLE', None, None, None, None, None, 'YES', 'NO', None)
[2024-03-09T02:28:16.584+0000] {logging_mixin.py:188} INFO - ('***', 'information_schema', 'role_column_grants', 'VIEW', None, None, None, None, None, 'NO', 'NO', None)
[2024-03-09T02:28:16.584+0000] {logging_mixin.py:188} INFO - ('***', 'information_schema', 'routine_column_usage', 'VIEW', None, None, None, None, None, 'NO', 'NO', None)
[2024-03-09T02:28:16.585+0000] {logging_mixin.py:188} INFO - ('***', 'information_schema', 'routine_privileges', 'VIEW', None, None, None, None, None, 'NO', 'NO', None)
[2024-03-09T02:28:16.585+0000] {logging_mixin.py:188} INFO - ('***', 'information_schema', 'role_routine_grants', 'VIEW', None, None, None, None, None, 'NO', 'NO', None)
[2024-03-09T02:28:16.586+0000] {logging_mixin.py:188} INFO - ('***', 'information_schema', 'routine_routine_usage', 'VIEW', None, None, None, None, None, 'NO', 'NO', None)
[2024-03-09T02:28:16.586+0000] {logging_mixin.py:188} INFO - ('***', 'information_schema', 'sql_implementation_info', 'BASE TABLE', None, None, None, None, None, 'YES', 'NO', None)
[2024-03-09T02:28:16.587+0000] {logging_mixin.py:188} INFO - ('***', 'information_schema', 'routine_sequence_usage', 'VIEW', None, None, None, None, None, 'NO', 'NO', None)
[2024-03-09T02:28:16.587+0000] {logging_mixin.py:188} INFO - ('***', 'information_schema', 'routine_table_usage', 'VIEW', None, None, None, None, None, 'NO', 'NO', None)
[2024-03-09T02:28:16.588+0000] {logging_mixin.py:188} INFO - ('***', 'information_schema', 'routines', 'VIEW', None, None, None, None, None, 'NO', 'NO', None)
[2024-03-09T02:28:16.588+0000] {logging_mixin.py:188} INFO - ('***', 'information_schema', 'schemata', 'VIEW', None, None, None, None, None, 'NO', 'NO', None)
[2024-03-09T02:28:16.589+0000] {logging_mixin.py:188} INFO - ('***', 'information_schema', 'sql_parts', 'BASE TABLE', None, None, None, None, None, 'YES', 'NO', None)
[2024-03-09T02:28:16.589+0000] {logging_mixin.py:188} INFO - ('***', 'information_schema', 'sequences', 'VIEW', None, None, None, None, None, 'NO', 'NO', None)
[2024-03-09T02:28:16.590+0000] {logging_mixin.py:188} INFO - ('***', 'information_schema', 'transforms', 'VIEW', None, None, None, None, None, 'NO', 'NO', None)
[2024-03-09T02:28:16.590+0000] {logging_mixin.py:188} INFO - ('***', 'information_schema', 'sql_sizing', 'BASE TABLE', None, None, None, None, None, 'YES', 'NO', None)
[2024-03-09T02:28:16.591+0000] {logging_mixin.py:188} INFO - ('***', 'information_schema', 'role_table_grants', 'VIEW', None, None, None, None, None, 'NO', 'NO', None)
[2024-03-09T02:28:16.591+0000] {logging_mixin.py:188} INFO - ('***', 'information_schema', 'table_constraints', 'VIEW', None, None, None, None, None, 'NO', 'NO', None)
[2024-03-09T02:28:16.592+0000] {logging_mixin.py:188} INFO - ('***', 'information_schema', 'triggers', 'VIEW', None, None, None, None, None, 'NO', 'NO', None)
[2024-03-09T02:28:16.592+0000] {logging_mixin.py:188} INFO - ('***', 'information_schema', 'tables', 'VIEW', None, None, None, None, None, 'NO', 'NO', None)
[2024-03-09T02:28:16.593+0000] {logging_mixin.py:188} INFO - ('***', 'information_schema', 'triggered_update_columns', 'VIEW', None, None, None, None, None, 'NO', 'NO', None)
[2024-03-09T02:28:16.593+0000] {logging_mixin.py:188} INFO - ('***', 'information_schema', 'udt_privileges', 'VIEW', None, None, None, None, None, 'NO', 'NO', None)
[2024-03-09T02:28:16.594+0000] {logging_mixin.py:188} INFO - ('***', 'information_schema', 'role_udt_grants', 'VIEW', None, None, None, None, None, 'NO', 'NO', None)
[2024-03-09T02:28:16.594+0000] {logging_mixin.py:188} INFO - ('***', 'information_schema', 'usage_privileges', 'VIEW', None, None, None, None, None, 'NO', 'NO', None)
[2024-03-09T02:28:16.595+0000] {logging_mixin.py:188} INFO - ('***', 'information_schema', 'role_usage_grants', 'VIEW', None, None, None, None, None, 'NO', 'NO', None)
[2024-03-09T02:28:16.595+0000] {logging_mixin.py:188} INFO - ('***', 'information_schema', 'user_defined_types', 'VIEW', None, None, None, None, None, 'NO', 'NO', None)
[2024-03-09T02:28:16.596+0000] {logging_mixin.py:188} INFO - ('***', 'information_schema', 'view_column_usage', 'VIEW', None, None, None, None, None, 'NO', 'NO', None)
[2024-03-09T02:28:16.596+0000] {logging_mixin.py:188} INFO - ('***', 'information_schema', 'foreign_servers', 'VIEW', None, None, None, None, None, 'NO', 'NO', None)
[2024-03-09T02:28:16.597+0000] {logging_mixin.py:188} INFO - ('***', 'information_schema', 'view_routine_usage', 'VIEW', None, None, None, None, None, 'NO', 'NO', None)
[2024-03-09T02:28:16.597+0000] {logging_mixin.py:188} INFO - ('***', 'information_schema', 'view_table_usage', 'VIEW', None, None, None, None, None, 'NO', 'NO', None)
[2024-03-09T02:28:16.598+0000] {logging_mixin.py:188} INFO - ('***', 'information_schema', '_pg_foreign_tables', 'VIEW', None, None, None, None, None, 'NO', 'NO', None)
[2024-03-09T02:28:16.598+0000] {logging_mixin.py:188} INFO - ('***', 'information_schema', 'views', 'VIEW', None, None, None, None, None, 'NO', 'NO', None)
[2024-03-09T02:28:16.599+0000] {logging_mixin.py:188} INFO - ('***', 'information_schema', 'data_type_privileges', 'VIEW', None, None, None, None, None, 'NO', 'NO', None)
[2024-03-09T02:28:16.599+0000] {logging_mixin.py:188} INFO - ('***', 'information_schema', 'element_types', 'VIEW', None, None, None, None, None, 'NO', 'NO', None)
[2024-03-09T02:28:16.600+0000] {logging_mixin.py:188} INFO - ('***', 'information_schema', '_pg_foreign_table_columns', 'VIEW', None, None, None, None, None, 'NO', 'NO', None)
[2024-03-09T02:28:16.600+0000] {logging_mixin.py:188} INFO - ('***', 'information_schema', 'foreign_table_options', 'VIEW', None, None, None, None, None, 'NO', 'NO', None)
[2024-03-09T02:28:16.601+0000] {logging_mixin.py:188} INFO - ('***', 'information_schema', 'column_options', 'VIEW', None, None, None, None, None, 'NO', 'NO', None)
[2024-03-09T02:28:16.602+0000] {logging_mixin.py:188} INFO - ('***', 'information_schema', '_pg_foreign_data_wrappers', 'VIEW', None, None, None, None, None, 'NO', 'NO', None)
[2024-03-09T02:28:16.602+0000] {logging_mixin.py:188} INFO - ('***', 'information_schema', 'foreign_data_wrapper_options', 'VIEW', None, None, None, None, None, 'NO', 'NO', None)
[2024-03-09T02:28:16.604+0000] {logging_mixin.py:188} INFO - ('***', 'information_schema', 'foreign_data_wrappers', 'VIEW', None, None, None, None, None, 'NO', 'NO', None)
[2024-03-09T02:28:16.605+0000] {logging_mixin.py:188} INFO - ('***', 'information_schema', '_pg_foreign_servers', 'VIEW', None, None, None, None, None, 'NO', 'NO', None)
[2024-03-09T02:28:16.605+0000] {logging_mixin.py:188} INFO - ('***', 'information_schema', 'foreign_tables', 'VIEW', None, None, None, None, None, 'NO', 'NO', None)
[2024-03-09T02:28:16.606+0000] {logging_mixin.py:188} INFO - ('***', 'information_schema', 'foreign_server_options', 'VIEW', None, None, None, None, None, 'NO', 'NO', None)
[2024-03-09T02:28:16.606+0000] {logging_mixin.py:188} INFO - ('***', 'information_schema', '_pg_user_mappings', 'VIEW', None, None, None, None, None, 'NO', 'NO', None)
[2024-03-09T02:28:16.607+0000] {logging_mixin.py:188} INFO - ('***', 'information_schema', 'user_mapping_options', 'VIEW', None, None, None, None, None, 'NO', 'NO', None)
[2024-03-09T02:28:16.607+0000] {logging_mixin.py:188} INFO - ('***', 'information_schema', 'user_mappings', 'VIEW', None, None, None, None, None, 'NO', 'NO', None)
[2024-03-09T02:28:16.608+0000] {python.py:201} INFO - Done. Returned value was: None
[2024-03-09T02:28:16.624+0000] {taskinstance.py:1138} INFO - Marking task as SUCCESS. dag_id=play_with_***_connections_and_hooks, task_id=get_data, execution_date=20240308T000000, start_date=20240309T022815, end_date=20240309T022816
[2024-03-09T02:28:16.696+0000] {local_task_job_runner.py:234} INFO - Task exited with return code 0
[2024-03-09T02:28:16.723+0000] {taskinstance.py:3281} INFO - 0 downstream tasks scheduled from follow-on schedule check
