[2024-03-02T03:35:51.906+0000] {taskinstance.py:1957} INFO - Dependencies all met for dep_context=non-requeueable deps ti=<TaskInstance: play_with_airflow_connections_and_hooks.get_data scheduled__2024-03-01T00:00:00+00:00 [queued]>
[2024-03-02T03:35:51.918+0000] {taskinstance.py:1957} INFO - Dependencies all met for dep_context=requeueable deps ti=<TaskInstance: play_with_airflow_connections_and_hooks.get_data scheduled__2024-03-01T00:00:00+00:00 [queued]>
[2024-03-02T03:35:51.923+0000] {taskinstance.py:2171} INFO - Starting attempt 1 of 1
[2024-03-02T03:35:51.953+0000] {taskinstance.py:2192} INFO - Executing <Task(PythonOperator): get_data> on 2024-03-01 00:00:00+00:00
[2024-03-02T03:35:51.961+0000] {standard_task_runner.py:60} INFO - Started process 198 to run task
[2024-03-02T03:35:51.968+0000] {standard_task_runner.py:87} INFO - Running: ['***', 'tasks', 'run', 'play_with_***_connections_and_hooks', 'get_data', 'scheduled__2024-03-01T00:00:00+00:00', '--job-id', '372', '--raw', '--subdir', 'DAGS_FOLDER/play_with_***_connections_and_hooks.py', '--cfg-path', '/tmp/tmpriyue0el']
[2024-03-02T03:35:51.970+0000] {standard_task_runner.py:88} INFO - Job 372: Subtask get_data
[2024-03-02T03:35:52.075+0000] {task_command.py:423} INFO - Running <TaskInstance: play_with_airflow_connections_and_hooks.get_data scheduled__2024-03-01T00:00:00+00:00 [running]> on host 77d045abac79
[2024-03-02T03:35:52.345+0000] {taskinstance.py:2481} INFO - Exporting env vars: AIRFLOW_CTX_DAG_OWNER='***' AIRFLOW_CTX_DAG_ID='play_with_***_connections_and_hooks' AIRFLOW_CTX_TASK_ID='get_data' AIRFLOW_CTX_EXECUTION_DATE='2024-03-01T00:00:00+00:00' AIRFLOW_CTX_TRY_NUMBER='1' AIRFLOW_CTX_DAG_RUN_ID='scheduled__2024-03-01T00:00:00+00:00'
[2024-03-02T03:35:52.393+0000] {base.py:83} INFO - Using connection ID 'my_***_conn' for task execution.
[2024-03-02T03:35:52.975+0000] {logging_mixin.py:188} INFO - ('***', 'public', 'weathers', 'BASE TABLE', None, None, None, None, None, 'YES', 'NO', None)
[2024-03-02T03:35:52.976+0000] {logging_mixin.py:188} INFO - ('***', 'pg_catalog', 'pg_statistic', 'BASE TABLE', None, None, None, None, None, 'YES', 'NO', None)
[2024-03-02T03:35:52.976+0000] {logging_mixin.py:188} INFO - ('***', 'pg_catalog', 'pg_type', 'BASE TABLE', None, None, None, None, None, 'YES', 'NO', None)
[2024-03-02T03:35:52.977+0000] {logging_mixin.py:188} INFO - ('***', 'pg_catalog', 'pg_foreign_table', 'BASE TABLE', None, None, None, None, None, 'YES', 'NO', None)
[2024-03-02T03:35:52.977+0000] {logging_mixin.py:188} INFO - ('***', 'pg_catalog', 'pg_authid', 'BASE TABLE', None, None, None, None, None, 'YES', 'NO', None)
[2024-03-02T03:35:52.978+0000] {logging_mixin.py:188} INFO - ('***', 'pg_catalog', 'pg_shadow', 'VIEW', None, None, None, None, None, 'NO', 'NO', None)
[2024-03-02T03:35:52.978+0000] {logging_mixin.py:188} INFO - ('***', 'pg_catalog', 'pg_roles', 'VIEW', None, None, None, None, None, 'NO', 'NO', None)
[2024-03-02T03:35:52.979+0000] {logging_mixin.py:188} INFO - ('***', 'pg_catalog', 'pg_statistic_ext_data', 'BASE TABLE', None, None, None, None, None, 'YES', 'NO', None)
[2024-03-02T03:35:52.980+0000] {logging_mixin.py:188} INFO - ('***', 'pg_catalog', 'pg_hba_file_rules', 'VIEW', None, None, None, None, None, 'NO', 'NO', None)
[2024-03-02T03:35:52.981+0000] {logging_mixin.py:188} INFO - ('***', 'pg_catalog', 'pg_settings', 'VIEW', None, None, None, None, None, 'NO', 'NO', None)
[2024-03-02T03:35:52.983+0000] {logging_mixin.py:188} INFO - ('***', 'pg_catalog', 'pg_file_settings', 'VIEW', None, None, None, None, None, 'NO', 'NO', None)
[2024-03-02T03:35:52.983+0000] {logging_mixin.py:188} INFO - ('***', 'pg_catalog', 'pg_backend_memory_contexts', 'VIEW', None, None, None, None, None, 'NO', 'NO', None)
[2024-03-02T03:35:52.984+0000] {logging_mixin.py:188} INFO - ('***', 'pg_catalog', 'pg_ident_file_mappings', 'VIEW', None, None, None, None, None, 'NO', 'NO', None)
[2024-03-02T03:35:52.984+0000] {logging_mixin.py:188} INFO - ('***', 'pg_catalog', 'pg_config', 'VIEW', None, None, None, None, None, 'NO', 'NO', None)
[2024-03-02T03:35:52.985+0000] {logging_mixin.py:188} INFO - ('***', 'pg_catalog', 'pg_shmem_allocations', 'VIEW', None, None, None, None, None, 'NO', 'NO', None)
[2024-03-02T03:35:52.986+0000] {logging_mixin.py:188} INFO - ('***', 'pg_catalog', 'pg_tables', 'VIEW', None, None, None, None, None, 'NO', 'NO', None)
[2024-03-02T03:35:52.986+0000] {logging_mixin.py:188} INFO - ('***', 'pg_catalog', 'pg_user_mapping', 'BASE TABLE', None, None, None, None, None, 'YES', 'NO', None)
[2024-03-02T03:35:52.987+0000] {logging_mixin.py:188} INFO - ('***', 'pg_catalog', 'pg_replication_origin_status', 'VIEW', None, None, None, None, None, 'NO', 'NO', None)
[2024-03-02T03:35:52.987+0000] {logging_mixin.py:188} INFO - ('***', 'pg_catalog', 'pg_subscription', 'BASE TABLE', None, None, None, None, None, 'YES', 'NO', None)
[2024-03-02T03:35:52.988+0000] {logging_mixin.py:188} INFO - ('***', 'pg_catalog', 'pg_attribute', 'BASE TABLE', None, None, None, None, None, 'YES', 'NO', None)
[2024-03-02T03:35:52.988+0000] {logging_mixin.py:188} INFO - ('***', 'pg_catalog', 'pg_proc', 'BASE TABLE', None, None, None, None, None, 'YES', 'NO', None)
[2024-03-02T03:35:52.989+0000] {logging_mixin.py:188} INFO - ('***', 'pg_catalog', 'pg_class', 'BASE TABLE', None, None, None, None, None, 'YES', 'NO', None)
[2024-03-02T03:35:52.989+0000] {logging_mixin.py:188} INFO - ('***', 'pg_catalog', 'pg_attrdef', 'BASE TABLE', None, None, None, None, None, 'YES', 'NO', None)
[2024-03-02T03:35:52.990+0000] {logging_mixin.py:188} INFO - ('***', 'pg_catalog', 'pg_constraint', 'BASE TABLE', None, None, None, None, None, 'YES', 'NO', None)
[2024-03-02T03:35:52.990+0000] {logging_mixin.py:188} INFO - ('***', 'pg_catalog', 'pg_inherits', 'BASE TABLE', None, None, None, None, None, 'YES', 'NO', None)
[2024-03-02T03:35:52.991+0000] {logging_mixin.py:188} INFO - ('***', 'pg_catalog', 'pg_index', 'BASE TABLE', None, None, None, None, None, 'YES', 'NO', None)
[2024-03-02T03:35:52.991+0000] {logging_mixin.py:188} INFO - ('***', 'pg_catalog', 'pg_operator', 'BASE TABLE', None, None, None, None, None, 'YES', 'NO', None)
[2024-03-02T03:35:52.992+0000] {logging_mixin.py:188} INFO - ('***', 'pg_catalog', 'pg_statio_all_sequences', 'VIEW', None, None, None, None, None, 'NO', 'NO', None)
[2024-03-02T03:35:52.992+0000] {logging_mixin.py:188} INFO - ('***', 'pg_catalog', 'pg_opfamily', 'BASE TABLE', None, None, None, None, None, 'YES', 'NO', None)
[2024-03-02T03:35:52.993+0000] {logging_mixin.py:188} INFO - ('***', 'pg_catalog', 'pg_opclass', 'BASE TABLE', None, None, None, None, None, 'YES', 'NO', None)
[2024-03-02T03:35:52.993+0000] {logging_mixin.py:188} INFO - ('***', 'pg_catalog', 'pg_am', 'BASE TABLE', None, None, None, None, None, 'YES', 'NO', None)
[2024-03-02T03:35:52.994+0000] {logging_mixin.py:188} INFO - ('***', 'pg_catalog', 'pg_amop', 'BASE TABLE', None, None, None, None, None, 'YES', 'NO', None)
[2024-03-02T03:35:52.994+0000] {logging_mixin.py:188} INFO - ('***', 'pg_catalog', 'pg_amproc', 'BASE TABLE', None, None, None, None, None, 'YES', 'NO', None)
[2024-03-02T03:35:52.995+0000] {logging_mixin.py:188} INFO - ('***', 'pg_catalog', 'pg_language', 'BASE TABLE', None, None, None, None, None, 'YES', 'NO', None)
[2024-03-02T03:35:52.996+0000] {logging_mixin.py:188} INFO - ('***', 'pg_catalog', 'pg_largeobject_metadata', 'BASE TABLE', None, None, None, None, None, 'YES', 'NO', None)
[2024-03-02T03:35:52.997+0000] {logging_mixin.py:188} INFO - ('***', 'pg_catalog', 'pg_aggregate', 'BASE TABLE', None, None, None, None, None, 'YES', 'NO', None)
[2024-03-02T03:35:52.997+0000] {logging_mixin.py:188} INFO - ('***', 'pg_catalog', 'pg_statistic_ext', 'BASE TABLE', None, None, None, None, None, 'YES', 'NO', None)
[2024-03-02T03:35:52.998+0000] {logging_mixin.py:188} INFO - ('***', 'pg_catalog', 'pg_rewrite', 'BASE TABLE', None, None, None, None, None, 'YES', 'NO', None)
[2024-03-02T03:35:52.998+0000] {logging_mixin.py:188} INFO - ('***', 'pg_catalog', 'pg_trigger', 'BASE TABLE', None, None, None, None, None, 'YES', 'NO', None)
[2024-03-02T03:35:52.999+0000] {logging_mixin.py:188} INFO - ('***', 'pg_catalog', 'pg_event_trigger', 'BASE TABLE', None, None, None, None, None, 'YES', 'NO', None)
[2024-03-02T03:35:53.000+0000] {logging_mixin.py:188} INFO - ('***', 'pg_catalog', 'pg_description', 'BASE TABLE', None, None, None, None, None, 'YES', 'NO', None)
[2024-03-02T03:35:53.000+0000] {logging_mixin.py:188} INFO - ('***', 'pg_catalog', 'pg_cast', 'BASE TABLE', None, None, None, None, None, 'YES', 'NO', None)
[2024-03-02T03:35:53.001+0000] {logging_mixin.py:188} INFO - ('***', 'pg_catalog', 'pg_enum', 'BASE TABLE', None, None, None, None, None, 'YES', 'NO', None)
[2024-03-02T03:35:53.001+0000] {logging_mixin.py:188} INFO - ('***', 'pg_catalog', 'pg_namespace', 'BASE TABLE', None, None, None, None, None, 'YES', 'NO', None)
[2024-03-02T03:35:53.002+0000] {logging_mixin.py:188} INFO - ('***', 'pg_catalog', 'pg_conversion', 'BASE TABLE', None, None, None, None, None, 'YES', 'NO', None)
[2024-03-02T03:35:53.002+0000] {logging_mixin.py:188} INFO - ('***', 'pg_catalog', 'pg_depend', 'BASE TABLE', None, None, None, None, None, 'YES', 'NO', None)
[2024-03-02T03:35:53.003+0000] {logging_mixin.py:188} INFO - ('***', 'pg_catalog', 'pg_database', 'BASE TABLE', None, None, None, None, None, 'YES', 'NO', None)
[2024-03-02T03:35:53.004+0000] {logging_mixin.py:188} INFO - ('***', 'pg_catalog', 'pg_db_role_setting', 'BASE TABLE', None, None, None, None, None, 'YES', 'NO', None)
[2024-03-02T03:35:53.004+0000] {logging_mixin.py:188} INFO - ('***', 'pg_catalog', 'pg_tablespace', 'BASE TABLE', None, None, None, None, None, 'YES', 'NO', None)
[2024-03-02T03:35:53.005+0000] {logging_mixin.py:188} INFO - ('***', 'pg_catalog', 'pg_auth_members', 'BASE TABLE', None, None, None, None, None, 'YES', 'NO', None)
[2024-03-02T03:35:53.006+0000] {logging_mixin.py:188} INFO - ('***', 'pg_catalog', 'pg_shdepend', 'BASE TABLE', None, None, None, None, None, 'YES', 'NO', None)
[2024-03-02T03:35:53.006+0000] {logging_mixin.py:188} INFO - ('***', 'pg_catalog', 'pg_shdescription', 'BASE TABLE', None, None, None, None, None, 'YES', 'NO', None)
[2024-03-02T03:35:53.007+0000] {logging_mixin.py:188} INFO - ('***', 'pg_catalog', 'pg_ts_config', 'BASE TABLE', None, None, None, None, None, 'YES', 'NO', None)
[2024-03-02T03:35:53.007+0000] {logging_mixin.py:188} INFO - ('***', 'pg_catalog', 'pg_ts_config_map', 'BASE TABLE', None, None, None, None, None, 'YES', 'NO', None)
[2024-03-02T03:35:53.008+0000] {logging_mixin.py:188} INFO - ('***', 'pg_catalog', 'pg_ts_dict', 'BASE TABLE', None, None, None, None, None, 'YES', 'NO', None)
[2024-03-02T03:35:53.008+0000] {logging_mixin.py:188} INFO - ('***', 'pg_catalog', 'pg_ts_parser', 'BASE TABLE', None, None, None, None, None, 'YES', 'NO', None)
[2024-03-02T03:35:53.009+0000] {logging_mixin.py:188} INFO - ('***', 'pg_catalog', 'pg_ts_template', 'BASE TABLE', None, None, None, None, None, 'YES', 'NO', None)
[2024-03-02T03:35:53.009+0000] {logging_mixin.py:188} INFO - ('***', 'pg_catalog', 'pg_extension', 'BASE TABLE', None, None, None, None, None, 'YES', 'NO', None)
[2024-03-02T03:35:53.010+0000] {logging_mixin.py:188} INFO - ('***', 'pg_catalog', 'pg_foreign_data_wrapper', 'BASE TABLE', None, None, None, None, None, 'YES', 'NO', None)
[2024-03-02T03:35:53.010+0000] {logging_mixin.py:188} INFO - ('***', 'pg_catalog', 'pg_foreign_server', 'BASE TABLE', None, None, None, None, None, 'YES', 'NO', None)
[2024-03-02T03:35:53.011+0000] {logging_mixin.py:188} INFO - ('***', 'pg_catalog', 'pg_policy', 'BASE TABLE', None, None, None, None, None, 'YES', 'NO', None)
[2024-03-02T03:35:53.011+0000] {logging_mixin.py:188} INFO - ('***', 'pg_catalog', 'pg_replication_origin', 'BASE TABLE', None, None, None, None, None, 'YES', 'NO', None)
[2024-03-02T03:35:53.012+0000] {logging_mixin.py:188} INFO - ('***', 'pg_catalog', 'pg_default_acl', 'BASE TABLE', None, None, None, None, None, 'YES', 'NO', None)
[2024-03-02T03:35:53.012+0000] {logging_mixin.py:188} INFO - ('***', 'pg_catalog', 'pg_init_privs', 'BASE TABLE', None, None, None, None, None, 'YES', 'NO', None)
[2024-03-02T03:35:53.013+0000] {logging_mixin.py:188} INFO - ('***', 'pg_catalog', 'pg_seclabel', 'BASE TABLE', None, None, None, None, None, 'YES', 'NO', None)
[2024-03-02T03:35:53.014+0000] {logging_mixin.py:188} INFO - ('***', 'pg_catalog', 'pg_shseclabel', 'BASE TABLE', None, None, None, None, None, 'YES', 'NO', None)
[2024-03-02T03:35:53.014+0000] {logging_mixin.py:188} INFO - ('***', 'pg_catalog', 'pg_collation', 'BASE TABLE', None, None, None, None, None, 'YES', 'NO', None)
[2024-03-02T03:35:53.015+0000] {logging_mixin.py:188} INFO - ('***', 'pg_catalog', 'pg_parameter_acl', 'BASE TABLE', None, None, None, None, None, 'YES', 'NO', None)
[2024-03-02T03:35:53.016+0000] {logging_mixin.py:188} INFO - ('***', 'pg_catalog', 'pg_partitioned_table', 'BASE TABLE', None, None, None, None, None, 'YES', 'NO', None)
[2024-03-02T03:35:53.016+0000] {logging_mixin.py:188} INFO - ('***', 'pg_catalog', 'pg_range', 'BASE TABLE', None, None, None, None, None, 'YES', 'NO', None)
[2024-03-02T03:35:53.017+0000] {logging_mixin.py:188} INFO - ('***', 'pg_catalog', 'pg_transform', 'BASE TABLE', None, None, None, None, None, 'YES', 'NO', None)
[2024-03-02T03:35:53.017+0000] {logging_mixin.py:188} INFO - ('***', 'pg_catalog', 'pg_sequence', 'BASE TABLE', None, None, None, None, None, 'YES', 'NO', None)
[2024-03-02T03:35:53.018+0000] {logging_mixin.py:188} INFO - ('***', 'pg_catalog', 'pg_publication', 'BASE TABLE', None, None, None, None, None, 'YES', 'NO', None)
[2024-03-02T03:35:53.018+0000] {logging_mixin.py:188} INFO - ('***', 'pg_catalog', 'pg_publication_namespace', 'BASE TABLE', None, None, None, None, None, 'YES', 'NO', None)
[2024-03-02T03:35:53.019+0000] {logging_mixin.py:188} INFO - ('***', 'pg_catalog', 'pg_publication_rel', 'BASE TABLE', None, None, None, None, None, 'YES', 'NO', None)
[2024-03-02T03:35:53.019+0000] {logging_mixin.py:188} INFO - ('***', 'pg_catalog', 'pg_subscription_rel', 'BASE TABLE', None, None, None, None, None, 'YES', 'NO', None)
[2024-03-02T03:35:53.020+0000] {logging_mixin.py:188} INFO - ('***', 'pg_catalog', 'pg_group', 'VIEW', None, None, None, None, None, 'YES', 'NO', None)
[2024-03-02T03:35:53.020+0000] {logging_mixin.py:188} INFO - ('***', 'pg_catalog', 'pg_user', 'VIEW', None, None, None, None, None, 'NO', 'NO', None)
[2024-03-02T03:35:53.021+0000] {logging_mixin.py:188} INFO - ('***', 'pg_catalog', 'pg_policies', 'VIEW', None, None, None, None, None, 'NO', 'NO', None)
[2024-03-02T03:35:53.022+0000] {logging_mixin.py:188} INFO - ('***', 'pg_catalog', 'pg_rules', 'VIEW', None, None, None, None, None, 'NO', 'NO', None)
[2024-03-02T03:35:53.032+0000] {logging_mixin.py:188} INFO - ('***', 'pg_catalog', 'pg_views', 'VIEW', None, None, None, None, None, 'NO', 'NO', None)
[2024-03-02T03:35:53.033+0000] {logging_mixin.py:188} INFO - ('***', 'pg_catalog', 'pg_matviews', 'VIEW', None, None, None, None, None, 'NO', 'NO', None)
[2024-03-02T03:35:53.033+0000] {logging_mixin.py:188} INFO - ('***', 'pg_catalog', 'pg_indexes', 'VIEW', None, None, None, None, None, 'NO', 'NO', None)
[2024-03-02T03:35:53.034+0000] {logging_mixin.py:188} INFO - ('***', 'pg_catalog', 'pg_sequences', 'VIEW', None, None, None, None, None, 'NO', 'NO', None)
[2024-03-02T03:35:53.034+0000] {logging_mixin.py:188} INFO - ('***', 'pg_catalog', 'pg_stats', 'VIEW', None, None, None, None, None, 'NO', 'NO', None)
[2024-03-02T03:35:53.035+0000] {logging_mixin.py:188} INFO - ('***', 'pg_catalog', 'pg_stats_ext', 'VIEW', None, None, None, None, None, 'NO', 'NO', None)
[2024-03-02T03:35:53.035+0000] {logging_mixin.py:188} INFO - ('***', 'pg_catalog', 'pg_stats_ext_exprs', 'VIEW', None, None, None, None, None, 'NO', 'NO', None)
[2024-03-02T03:35:53.036+0000] {logging_mixin.py:188} INFO - ('***', 'pg_catalog', 'pg_publication_tables', 'VIEW', None, None, None, None, None, 'NO', 'NO', None)
[2024-03-02T03:35:53.036+0000] {logging_mixin.py:188} INFO - ('***', 'pg_catalog', 'pg_locks', 'VIEW', None, None, None, None, None, 'NO', 'NO', None)
[2024-03-02T03:35:53.037+0000] {logging_mixin.py:188} INFO - ('***', 'pg_catalog', 'pg_cursors', 'VIEW', None, None, None, None, None, 'NO', 'NO', None)
[2024-03-02T03:35:53.038+0000] {logging_mixin.py:188} INFO - ('***', 'pg_catalog', 'pg_available_extensions', 'VIEW', None, None, None, None, None, 'NO', 'NO', None)
[2024-03-02T03:35:53.038+0000] {logging_mixin.py:188} INFO - ('***', 'pg_catalog', 'pg_available_extension_versions', 'VIEW', None, None, None, None, None, 'NO', 'NO', None)
[2024-03-02T03:35:53.039+0000] {logging_mixin.py:188} INFO - ('***', 'pg_catalog', 'pg_prepared_xacts', 'VIEW', None, None, None, None, None, 'NO', 'NO', None)
[2024-03-02T03:35:53.039+0000] {logging_mixin.py:188} INFO - ('***', 'pg_catalog', 'pg_prepared_statements', 'VIEW', None, None, None, None, None, 'NO', 'NO', None)
[2024-03-02T03:35:53.040+0000] {logging_mixin.py:188} INFO - ('***', 'pg_catalog', 'pg_seclabels', 'VIEW', None, None, None, None, None, 'NO', 'NO', None)
[2024-03-02T03:35:53.040+0000] {logging_mixin.py:188} INFO - ('***', 'pg_catalog', 'pg_timezone_abbrevs', 'VIEW', None, None, None, None, None, 'NO', 'NO', None)
[2024-03-02T03:35:53.041+0000] {logging_mixin.py:188} INFO - ('***', 'pg_catalog', 'pg_timezone_names', 'VIEW', None, None, None, None, None, 'NO', 'NO', None)
[2024-03-02T03:35:53.041+0000] {logging_mixin.py:188} INFO - ('***', 'pg_catalog', 'pg_stat_all_tables', 'VIEW', None, None, None, None, None, 'NO', 'NO', None)
[2024-03-02T03:35:53.042+0000] {logging_mixin.py:188} INFO - ('***', 'pg_catalog', 'pg_stat_xact_all_tables', 'VIEW', None, None, None, None, None, 'NO', 'NO', None)
[2024-03-02T03:35:53.044+0000] {logging_mixin.py:188} INFO - ('***', 'pg_catalog', 'pg_stat_xact_user_tables', 'VIEW', None, None, None, None, None, 'NO', 'NO', None)
[2024-03-02T03:35:53.044+0000] {logging_mixin.py:188} INFO - ('***', 'pg_catalog', 'pg_stat_sys_tables', 'VIEW', None, None, None, None, None, 'NO', 'NO', None)
[2024-03-02T03:35:53.045+0000] {logging_mixin.py:188} INFO - ('***', 'pg_catalog', 'pg_stat_xact_sys_tables', 'VIEW', None, None, None, None, None, 'NO', 'NO', None)
[2024-03-02T03:35:53.045+0000] {logging_mixin.py:188} INFO - ('***', 'pg_catalog', 'pg_stat_user_tables', 'VIEW', None, None, None, None, None, 'NO', 'NO', None)
[2024-03-02T03:35:53.046+0000] {logging_mixin.py:188} INFO - ('***', 'pg_catalog', 'pg_statio_all_tables', 'VIEW', None, None, None, None, None, 'NO', 'NO', None)
[2024-03-02T03:35:53.046+0000] {logging_mixin.py:188} INFO - ('***', 'pg_catalog', 'pg_statio_sys_tables', 'VIEW', None, None, None, None, None, 'NO', 'NO', None)
[2024-03-02T03:35:53.048+0000] {logging_mixin.py:188} INFO - ('***', 'pg_catalog', 'pg_statio_user_tables', 'VIEW', None, None, None, None, None, 'NO', 'NO', None)
[2024-03-02T03:35:53.049+0000] {logging_mixin.py:188} INFO - ('***', 'pg_catalog', 'pg_stat_all_indexes', 'VIEW', None, None, None, None, None, 'NO', 'NO', None)
[2024-03-02T03:35:53.049+0000] {logging_mixin.py:188} INFO - ('***', 'pg_catalog', 'pg_stat_sys_indexes', 'VIEW', None, None, None, None, None, 'NO', 'NO', None)
[2024-03-02T03:35:53.050+0000] {logging_mixin.py:188} INFO - ('***', 'pg_catalog', 'pg_stat_user_indexes', 'VIEW', None, None, None, None, None, 'NO', 'NO', None)
[2024-03-02T03:35:53.050+0000] {logging_mixin.py:188} INFO - ('***', 'pg_catalog', 'pg_statio_all_indexes', 'VIEW', None, None, None, None, None, 'NO', 'NO', None)
[2024-03-02T03:35:53.051+0000] {logging_mixin.py:188} INFO - ('***', 'pg_catalog', 'pg_statio_sys_indexes', 'VIEW', None, None, None, None, None, 'NO', 'NO', None)
[2024-03-02T03:35:53.052+0000] {logging_mixin.py:188} INFO - ('***', 'pg_catalog', 'pg_statio_user_indexes', 'VIEW', None, None, None, None, None, 'NO', 'NO', None)
[2024-03-02T03:35:53.053+0000] {logging_mixin.py:188} INFO - ('***', 'pg_catalog', 'pg_statio_sys_sequences', 'VIEW', None, None, None, None, None, 'NO', 'NO', None)
[2024-03-02T03:35:53.053+0000] {logging_mixin.py:188} INFO - ('***', 'pg_catalog', 'pg_statio_user_sequences', 'VIEW', None, None, None, None, None, 'NO', 'NO', None)
[2024-03-02T03:35:53.054+0000] {logging_mixin.py:188} INFO - ('***', 'pg_catalog', 'pg_stat_activity', 'VIEW', None, None, None, None, None, 'NO', 'NO', None)
[2024-03-02T03:35:53.057+0000] {logging_mixin.py:188} INFO - ('***', 'pg_catalog', 'pg_stat_replication', 'VIEW', None, None, None, None, None, 'NO', 'NO', None)
[2024-03-02T03:35:53.057+0000] {logging_mixin.py:188} INFO - ('***', 'pg_catalog', 'pg_stat_slru', 'VIEW', None, None, None, None, None, 'NO', 'NO', None)
[2024-03-02T03:35:53.058+0000] {logging_mixin.py:188} INFO - ('***', 'pg_catalog', 'pg_stat_wal_receiver', 'VIEW', None, None, None, None, None, 'NO', 'NO', None)
[2024-03-02T03:35:53.058+0000] {logging_mixin.py:188} INFO - ('***', 'pg_catalog', 'pg_stat_recovery_prefetch', 'VIEW', None, None, None, None, None, 'NO', 'NO', None)
[2024-03-02T03:35:53.059+0000] {logging_mixin.py:188} INFO - ('***', 'pg_catalog', 'pg_stat_subscription', 'VIEW', None, None, None, None, None, 'NO', 'NO', None)
[2024-03-02T03:35:53.059+0000] {logging_mixin.py:188} INFO - ('***', 'pg_catalog', 'pg_stat_ssl', 'VIEW', None, None, None, None, None, 'NO', 'NO', None)
[2024-03-02T03:35:53.060+0000] {logging_mixin.py:188} INFO - ('***', 'pg_catalog', 'pg_stat_gssapi', 'VIEW', None, None, None, None, None, 'NO', 'NO', None)
[2024-03-02T03:35:53.062+0000] {logging_mixin.py:188} INFO - ('***', 'pg_catalog', 'pg_replication_slots', 'VIEW', None, None, None, None, None, 'NO', 'NO', None)
[2024-03-02T03:35:53.063+0000] {logging_mixin.py:188} INFO - ('***', 'pg_catalog', 'pg_stat_replication_slots', 'VIEW', None, None, None, None, None, 'NO', 'NO', None)
[2024-03-02T03:35:53.063+0000] {logging_mixin.py:188} INFO - ('***', 'pg_catalog', 'pg_stat_database', 'VIEW', None, None, None, None, None, 'NO', 'NO', None)
[2024-03-02T03:35:53.064+0000] {logging_mixin.py:188} INFO - ('***', 'pg_catalog', 'pg_stat_database_conflicts', 'VIEW', None, None, None, None, None, 'YES', 'NO', None)
[2024-03-02T03:35:53.066+0000] {logging_mixin.py:188} INFO - ('***', 'pg_catalog', 'pg_stat_user_functions', 'VIEW', None, None, None, None, None, 'NO', 'NO', None)
[2024-03-02T03:35:53.069+0000] {logging_mixin.py:188} INFO - ('***', 'pg_catalog', 'pg_stat_xact_user_functions', 'VIEW', None, None, None, None, None, 'NO', 'NO', None)
[2024-03-02T03:35:53.069+0000] {logging_mixin.py:188} INFO - ('***', 'pg_catalog', 'pg_stat_archiver', 'VIEW', None, None, None, None, None, 'NO', 'NO', None)
[2024-03-02T03:35:53.070+0000] {logging_mixin.py:188} INFO - ('***', 'pg_catalog', 'pg_stat_bgwriter', 'VIEW', None, None, None, None, None, 'NO', 'NO', None)
[2024-03-02T03:35:53.070+0000] {logging_mixin.py:188} INFO - ('***', 'pg_catalog', 'pg_stat_io', 'VIEW', None, None, None, None, None, 'NO', 'NO', None)
[2024-03-02T03:35:53.071+0000] {logging_mixin.py:188} INFO - ('***', 'pg_catalog', 'pg_stat_wal', 'VIEW', None, None, None, None, None, 'NO', 'NO', None)
[2024-03-02T03:35:53.071+0000] {logging_mixin.py:188} INFO - ('***', 'pg_catalog', 'pg_stat_progress_analyze', 'VIEW', None, None, None, None, None, 'NO', 'NO', None)
[2024-03-02T03:35:53.072+0000] {logging_mixin.py:188} INFO - ('***', 'pg_catalog', 'pg_stat_progress_vacuum', 'VIEW', None, None, None, None, None, 'NO', 'NO', None)
[2024-03-02T03:35:53.074+0000] {logging_mixin.py:188} INFO - ('***', 'pg_catalog', 'pg_stat_progress_cluster', 'VIEW', None, None, None, None, None, 'NO', 'NO', None)
[2024-03-02T03:35:53.075+0000] {logging_mixin.py:188} INFO - ('***', 'pg_catalog', 'pg_stat_progress_create_index', 'VIEW', None, None, None, None, None, 'NO', 'NO', None)
[2024-03-02T03:35:53.075+0000] {logging_mixin.py:188} INFO - ('***', 'pg_catalog', 'pg_stat_progress_basebackup', 'VIEW', None, None, None, None, None, 'NO', 'NO', None)
[2024-03-02T03:35:53.078+0000] {logging_mixin.py:188} INFO - ('***', 'pg_catalog', 'pg_stat_progress_copy', 'VIEW', None, None, None, None, None, 'NO', 'NO', None)
[2024-03-02T03:35:53.079+0000] {logging_mixin.py:188} INFO - ('***', 'pg_catalog', 'pg_user_mappings', 'VIEW', None, None, None, None, None, 'NO', 'NO', None)
[2024-03-02T03:35:53.079+0000] {logging_mixin.py:188} INFO - ('***', 'pg_catalog', 'pg_stat_subscription_stats', 'VIEW', None, None, None, None, None, 'NO', 'NO', None)
[2024-03-02T03:35:53.080+0000] {logging_mixin.py:188} INFO - ('***', 'pg_catalog', 'pg_largeobject', 'BASE TABLE', None, None, None, None, None, 'YES', 'NO', None)
[2024-03-02T03:35:53.080+0000] {logging_mixin.py:188} INFO - ('***', 'information_schema', 'collations', 'VIEW', None, None, None, None, None, 'NO', 'NO', None)
[2024-03-02T03:35:53.081+0000] {logging_mixin.py:188} INFO - ('***', 'information_schema', 'information_schema_catalog_name', 'VIEW', None, None, None, None, None, 'NO', 'NO', None)
[2024-03-02T03:35:53.081+0000] {logging_mixin.py:188} INFO - ('***', 'information_schema', 'applicable_roles', 'VIEW', None, None, None, None, None, 'NO', 'NO', None)
[2024-03-02T03:35:53.082+0000] {logging_mixin.py:188} INFO - ('***', 'information_schema', 'domain_constraints', 'VIEW', None, None, None, None, None, 'NO', 'NO', None)
[2024-03-02T03:35:53.082+0000] {logging_mixin.py:188} INFO - ('***', 'information_schema', 'administrable_role_authorizations', 'VIEW', None, None, None, None, None, 'NO', 'NO', None)
[2024-03-02T03:35:53.083+0000] {logging_mixin.py:188} INFO - ('***', 'information_schema', 'collation_character_set_applicability', 'VIEW', None, None, None, None, None, 'NO', 'NO', None)
[2024-03-02T03:35:53.085+0000] {logging_mixin.py:188} INFO - ('***', 'information_schema', 'attributes', 'VIEW', None, None, None, None, None, 'NO', 'NO', None)
[2024-03-02T03:35:53.086+0000] {logging_mixin.py:188} INFO - ('***', 'information_schema', 'character_sets', 'VIEW', None, None, None, None, None, 'NO', 'NO', None)
[2024-03-02T03:35:53.088+0000] {logging_mixin.py:188} INFO - ('***', 'information_schema', 'column_udt_usage', 'VIEW', None, None, None, None, None, 'NO', 'NO', None)
[2024-03-02T03:35:53.090+0000] {logging_mixin.py:188} INFO - ('***', 'information_schema', 'check_constraint_routine_usage', 'VIEW', None, None, None, None, None, 'NO', 'NO', None)
[2024-03-02T03:35:53.091+0000] {logging_mixin.py:188} INFO - ('***', 'information_schema', 'column_column_usage', 'VIEW', None, None, None, None, None, 'NO', 'NO', None)
[2024-03-02T03:35:53.092+0000] {logging_mixin.py:188} INFO - ('***', 'information_schema', 'check_constraints', 'VIEW', None, None, None, None, None, 'NO', 'NO', None)
[2024-03-02T03:35:53.093+0000] {logging_mixin.py:188} INFO - ('***', 'information_schema', 'constraint_table_usage', 'VIEW', None, None, None, None, None, 'NO', 'NO', None)
[2024-03-02T03:35:53.093+0000] {logging_mixin.py:188} INFO - ('***', 'information_schema', 'column_domain_usage', 'VIEW', None, None, None, None, None, 'NO', 'NO', None)
[2024-03-02T03:35:53.093+0000] {logging_mixin.py:188} INFO - ('***', 'information_schema', 'columns', 'VIEW', None, None, None, None, None, 'NO', 'NO', None)
[2024-03-02T03:35:53.093+0000] {logging_mixin.py:188} INFO - ('***', 'information_schema', 'column_privileges', 'VIEW', None, None, None, None, None, 'NO', 'NO', None)
[2024-03-02T03:35:53.093+0000] {logging_mixin.py:188} INFO - ('***', 'information_schema', 'constraint_column_usage', 'VIEW', None, None, None, None, None, 'NO', 'NO', None)
[2024-03-02T03:35:53.094+0000] {logging_mixin.py:188} INFO - ('***', 'information_schema', 'domain_udt_usage', 'VIEW', None, None, None, None, None, 'NO', 'NO', None)
[2024-03-02T03:35:53.094+0000] {logging_mixin.py:188} INFO - ('***', 'information_schema', 'domains', 'VIEW', None, None, None, None, None, 'NO', 'NO', None)
[2024-03-02T03:35:53.094+0000] {logging_mixin.py:188} INFO - ('***', 'information_schema', 'enabled_roles', 'VIEW', None, None, None, None, None, 'NO', 'NO', None)
[2024-03-02T03:35:53.094+0000] {logging_mixin.py:188} INFO - ('***', 'information_schema', 'key_column_usage', 'VIEW', None, None, None, None, None, 'NO', 'NO', None)
[2024-03-02T03:35:53.094+0000] {logging_mixin.py:188} INFO - ('***', 'information_schema', 'parameters', 'VIEW', None, None, None, None, None, 'NO', 'NO', None)
[2024-03-02T03:35:53.094+0000] {logging_mixin.py:188} INFO - ('***', 'information_schema', 'table_privileges', 'VIEW', None, None, None, None, None, 'NO', 'NO', None)
[2024-03-02T03:35:53.095+0000] {logging_mixin.py:188} INFO - ('***', 'information_schema', 'referential_constraints', 'VIEW', None, None, None, None, None, 'NO', 'NO', None)
[2024-03-02T03:35:53.095+0000] {logging_mixin.py:188} INFO - ('***', 'information_schema', 'sql_features', 'BASE TABLE', None, None, None, None, None, 'YES', 'NO', None)
[2024-03-02T03:35:53.095+0000] {logging_mixin.py:188} INFO - ('***', 'information_schema', 'role_column_grants', 'VIEW', None, None, None, None, None, 'NO', 'NO', None)
[2024-03-02T03:35:53.095+0000] {logging_mixin.py:188} INFO - ('***', 'information_schema', 'routine_column_usage', 'VIEW', None, None, None, None, None, 'NO', 'NO', None)
[2024-03-02T03:35:53.095+0000] {logging_mixin.py:188} INFO - ('***', 'information_schema', 'routine_privileges', 'VIEW', None, None, None, None, None, 'NO', 'NO', None)
[2024-03-02T03:35:53.096+0000] {logging_mixin.py:188} INFO - ('***', 'information_schema', 'role_routine_grants', 'VIEW', None, None, None, None, None, 'NO', 'NO', None)
[2024-03-02T03:35:53.096+0000] {logging_mixin.py:188} INFO - ('***', 'information_schema', 'routine_routine_usage', 'VIEW', None, None, None, None, None, 'NO', 'NO', None)
[2024-03-02T03:35:53.096+0000] {logging_mixin.py:188} INFO - ('***', 'information_schema', 'sql_implementation_info', 'BASE TABLE', None, None, None, None, None, 'YES', 'NO', None)
[2024-03-02T03:35:53.096+0000] {logging_mixin.py:188} INFO - ('***', 'information_schema', 'routine_sequence_usage', 'VIEW', None, None, None, None, None, 'NO', 'NO', None)
[2024-03-02T03:35:53.104+0000] {logging_mixin.py:188} INFO - ('***', 'information_schema', 'routine_table_usage', 'VIEW', None, None, None, None, None, 'NO', 'NO', None)
[2024-03-02T03:35:53.108+0000] {logging_mixin.py:188} INFO - ('***', 'information_schema', 'routines', 'VIEW', None, None, None, None, None, 'NO', 'NO', None)
[2024-03-02T03:35:53.109+0000] {logging_mixin.py:188} INFO - ('***', 'information_schema', 'schemata', 'VIEW', None, None, None, None, None, 'NO', 'NO', None)
[2024-03-02T03:35:53.110+0000] {logging_mixin.py:188} INFO - ('***', 'information_schema', 'sql_parts', 'BASE TABLE', None, None, None, None, None, 'YES', 'NO', None)
[2024-03-02T03:35:53.113+0000] {logging_mixin.py:188} INFO - ('***', 'information_schema', 'sequences', 'VIEW', None, None, None, None, None, 'NO', 'NO', None)
[2024-03-02T03:35:53.114+0000] {logging_mixin.py:188} INFO - ('***', 'information_schema', 'transforms', 'VIEW', None, None, None, None, None, 'NO', 'NO', None)
[2024-03-02T03:35:53.118+0000] {logging_mixin.py:188} INFO - ('***', 'information_schema', 'sql_sizing', 'BASE TABLE', None, None, None, None, None, 'YES', 'NO', None)
[2024-03-02T03:35:53.121+0000] {logging_mixin.py:188} INFO - ('***', 'information_schema', 'role_table_grants', 'VIEW', None, None, None, None, None, 'NO', 'NO', None)
[2024-03-02T03:35:53.122+0000] {logging_mixin.py:188} INFO - ('***', 'information_schema', 'table_constraints', 'VIEW', None, None, None, None, None, 'NO', 'NO', None)
[2024-03-02T03:35:53.124+0000] {logging_mixin.py:188} INFO - ('***', 'information_schema', 'triggers', 'VIEW', None, None, None, None, None, 'NO', 'NO', None)
[2024-03-02T03:35:53.124+0000] {logging_mixin.py:188} INFO - ('***', 'information_schema', 'tables', 'VIEW', None, None, None, None, None, 'NO', 'NO', None)
[2024-03-02T03:35:53.125+0000] {logging_mixin.py:188} INFO - ('***', 'information_schema', 'triggered_update_columns', 'VIEW', None, None, None, None, None, 'NO', 'NO', None)
[2024-03-02T03:35:53.125+0000] {logging_mixin.py:188} INFO - ('***', 'information_schema', 'udt_privileges', 'VIEW', None, None, None, None, None, 'NO', 'NO', None)
[2024-03-02T03:35:53.126+0000] {logging_mixin.py:188} INFO - ('***', 'information_schema', 'role_udt_grants', 'VIEW', None, None, None, None, None, 'NO', 'NO', None)
[2024-03-02T03:35:53.128+0000] {logging_mixin.py:188} INFO - ('***', 'information_schema', 'usage_privileges', 'VIEW', None, None, None, None, None, 'NO', 'NO', None)
[2024-03-02T03:35:53.128+0000] {logging_mixin.py:188} INFO - ('***', 'information_schema', 'role_usage_grants', 'VIEW', None, None, None, None, None, 'NO', 'NO', None)
[2024-03-02T03:35:53.129+0000] {logging_mixin.py:188} INFO - ('***', 'information_schema', 'user_defined_types', 'VIEW', None, None, None, None, None, 'NO', 'NO', None)
[2024-03-02T03:35:53.130+0000] {logging_mixin.py:188} INFO - ('***', 'information_schema', 'view_column_usage', 'VIEW', None, None, None, None, None, 'NO', 'NO', None)
[2024-03-02T03:35:53.131+0000] {logging_mixin.py:188} INFO - ('***', 'information_schema', 'foreign_servers', 'VIEW', None, None, None, None, None, 'NO', 'NO', None)
[2024-03-02T03:35:53.136+0000] {logging_mixin.py:188} INFO - ('***', 'information_schema', 'view_routine_usage', 'VIEW', None, None, None, None, None, 'NO', 'NO', None)
[2024-03-02T03:35:53.139+0000] {logging_mixin.py:188} INFO - ('***', 'information_schema', 'view_table_usage', 'VIEW', None, None, None, None, None, 'NO', 'NO', None)
[2024-03-02T03:35:53.140+0000] {logging_mixin.py:188} INFO - ('***', 'information_schema', '_pg_foreign_tables', 'VIEW', None, None, None, None, None, 'NO', 'NO', None)
[2024-03-02T03:35:53.140+0000] {logging_mixin.py:188} INFO - ('***', 'information_schema', 'views', 'VIEW', None, None, None, None, None, 'NO', 'NO', None)
[2024-03-02T03:35:53.140+0000] {logging_mixin.py:188} INFO - ('***', 'information_schema', 'data_type_privileges', 'VIEW', None, None, None, None, None, 'NO', 'NO', None)
[2024-03-02T03:35:53.141+0000] {logging_mixin.py:188} INFO - ('***', 'information_schema', 'element_types', 'VIEW', None, None, None, None, None, 'NO', 'NO', None)
[2024-03-02T03:35:53.142+0000] {logging_mixin.py:188} INFO - ('***', 'information_schema', '_pg_foreign_table_columns', 'VIEW', None, None, None, None, None, 'NO', 'NO', None)
[2024-03-02T03:35:53.142+0000] {logging_mixin.py:188} INFO - ('***', 'information_schema', 'foreign_table_options', 'VIEW', None, None, None, None, None, 'NO', 'NO', None)
[2024-03-02T03:35:53.152+0000] {logging_mixin.py:188} INFO - ('***', 'information_schema', 'column_options', 'VIEW', None, None, None, None, None, 'NO', 'NO', None)
[2024-03-02T03:35:53.153+0000] {logging_mixin.py:188} INFO - ('***', 'information_schema', '_pg_foreign_data_wrappers', 'VIEW', None, None, None, None, None, 'NO', 'NO', None)
[2024-03-02T03:35:53.153+0000] {logging_mixin.py:188} INFO - ('***', 'information_schema', 'foreign_data_wrapper_options', 'VIEW', None, None, None, None, None, 'NO', 'NO', None)
[2024-03-02T03:35:53.153+0000] {logging_mixin.py:188} INFO - ('***', 'information_schema', 'foreign_data_wrappers', 'VIEW', None, None, None, None, None, 'NO', 'NO', None)
[2024-03-02T03:35:53.153+0000] {logging_mixin.py:188} INFO - ('***', 'information_schema', '_pg_foreign_servers', 'VIEW', None, None, None, None, None, 'NO', 'NO', None)
[2024-03-02T03:35:53.153+0000] {logging_mixin.py:188} INFO - ('***', 'information_schema', 'foreign_tables', 'VIEW', None, None, None, None, None, 'NO', 'NO', None)
[2024-03-02T03:35:53.153+0000] {logging_mixin.py:188} INFO - ('***', 'information_schema', 'foreign_server_options', 'VIEW', None, None, None, None, None, 'NO', 'NO', None)
[2024-03-02T03:35:53.154+0000] {logging_mixin.py:188} INFO - ('***', 'information_schema', '_pg_user_mappings', 'VIEW', None, None, None, None, None, 'NO', 'NO', None)
[2024-03-02T03:35:53.154+0000] {logging_mixin.py:188} INFO - ('***', 'information_schema', 'user_mapping_options', 'VIEW', None, None, None, None, None, 'NO', 'NO', None)
[2024-03-02T03:35:53.154+0000] {logging_mixin.py:188} INFO - ('***', 'information_schema', 'user_mappings', 'VIEW', None, None, None, None, None, 'NO', 'NO', None)
[2024-03-02T03:35:53.154+0000] {python.py:201} INFO - Done. Returned value was: None
[2024-03-02T03:35:53.190+0000] {taskinstance.py:1138} INFO - Marking task as SUCCESS. dag_id=play_with_***_connections_and_hooks, task_id=get_data, execution_date=20240301T000000, start_date=20240302T033551, end_date=20240302T033553
[2024-03-02T03:35:53.294+0000] {local_task_job_runner.py:234} INFO - Task exited with return code 0
[2024-03-02T03:35:53.322+0000] {taskinstance.py:3281} INFO - 0 downstream tasks scheduled from follow-on schedule check
