[0m03:55:14.827413 [debug] [MainThread]: Sending event: {'category': 'dbt', 'action': 'invocation', 'label': 'start', 'context': [<snowplow_tracker.self_describing_json.SelfDescribingJson object at 0x7f80f7cedd80>, <snowplow_tracker.self_describing_json.SelfDescribingJson object at 0x7f80f690c880>, <snowplow_tracker.self_describing_json.SelfDescribingJson object at 0x7f80f690e8f0>]}


============================== 03:55:14.850460 | 132356a5-f25f-4b20-a15d-223c0898c5c9 ==============================
[0m03:55:14.850460 [info ] [MainThread]: Running with dbt=1.7.9
[0m03:55:14.851590 [debug] [MainThread]: running dbt with arguments {'printer_width': '80', 'indirect_selection': 'eager', 'log_cache_events': 'False', 'write_json': 'True', 'partial_parse': 'True', 'cache_selected_only': 'False', 'profiles_dir': '/home/codespace/.dbt', 'fail_fast': 'False', 'version_check': 'True', 'log_path': 'logs', 'debug': 'False', 'warn_error': 'None', 'use_colors': 'True', 'use_experimental_parser': 'False', 'no_print': 'None', 'quiet': 'False', 'warn_error_options': 'WarnErrorOptions(include=[], exclude=[])', 'static_parser': 'True', 'invocation_command': 'dbt init', 'introspect': 'True', 'target_path': 'None', 'log_format': 'default', 'send_anonymous_usage_stats': 'True'}
[0m03:55:14.852353 [warn ] [MainThread]: [ConfigFolderDirectory]: Unable to parse dict {'dir': PosixPath('/home/codespace/.dbt')}
[0m03:55:14.853150 [info ] [MainThread]: Creating dbt configuration folder at 
[0m03:55:47.046467 [debug] [MainThread]: Starter project path: /home/codespace/.cache/pypoetry/virtualenvs/weather-1CS2JGND-py3.10/lib/python3.10/site-packages/dbt/include/starter_project
[0m03:55:47.052975 [info ] [MainThread]: 
Your new dbt project "weather" was created!

For more information on how to configure the profiles.yml file,
please consult the dbt documentation here:

  https://docs.getdbt.com/docs/configure-your-profile

One more thing:

Need help? Don't hesitate to reach out to us via GitHub issues or on Slack:

  https://community.getdbt.com/

Happy modeling!

[0m03:55:47.054636 [info ] [MainThread]: Setting up your profile.
[0m04:00:33.414451 [info ] [MainThread]: Profile weather written to /home/codespace/.dbt/profiles.yml using target's profile_template.yml and your supplied values. Run 'dbt debug' to validate the connection.
[0m04:00:33.427463 [debug] [MainThread]: Resource report: {"command_name": "init", "command_success": true, "command_wall_clock_time": 318.60416, "process_user_time": 5.5042, "process_kernel_time": 0.477853, "process_mem_max_rss": "93900", "process_in_blocks": "2336", "process_out_blocks": "22624"}
[0m04:00:33.429127 [debug] [MainThread]: Command `dbt init` succeeded at 04:00:33.428709 after 318.61 seconds
[0m04:00:33.430318 [debug] [MainThread]: Sending event: {'category': 'dbt', 'action': 'invocation', 'label': 'end', 'context': [<snowplow_tracker.self_describing_json.SelfDescribingJson object at 0x7f80f7cedd80>, <snowplow_tracker.self_describing_json.SelfDescribingJson object at 0x7f80f64f0df0>, <snowplow_tracker.self_describing_json.SelfDescribingJson object at 0x7f80f64f1c30>]}
[0m04:00:33.431526 [debug] [MainThread]: Flushing usage events
[0m04:07:17.243734 [debug] [MainThread]: Sending event: {'category': 'dbt', 'action': 'invocation', 'label': 'start', 'context': [<snowplow_tracker.self_describing_json.SelfDescribingJson object at 0x7f96cdb53d30>, <snowplow_tracker.self_describing_json.SelfDescribingJson object at 0x7f96ce262e00>, <snowplow_tracker.self_describing_json.SelfDescribingJson object at 0x7f96ce262d70>]}


============================== 04:07:17.249430 | 77e312c2-a81b-48ae-876c-159a5cde1c6a ==============================
[0m04:07:17.249430 [info ] [MainThread]: Running with dbt=1.7.9
[0m04:07:17.250994 [debug] [MainThread]: running dbt with arguments {'printer_width': '80', 'indirect_selection': 'eager', 'write_json': 'True', 'log_cache_events': 'False', 'partial_parse': 'True', 'cache_selected_only': 'False', 'warn_error': 'None', 'version_check': 'True', 'profiles_dir': '/home/codespace/.dbt', 'log_path': 'logs', 'debug': 'False', 'fail_fast': 'False', 'use_colors': 'True', 'use_experimental_parser': 'False', 'no_print': 'None', 'quiet': 'False', 'warn_error_options': 'WarnErrorOptions(include=[], exclude=[])', 'static_parser': 'True', 'invocation_command': 'dbt debug', 'introspect': 'True', 'target_path': 'None', 'log_format': 'default', 'send_anonymous_usage_stats': 'True'}
[0m04:07:17.252845 [info ] [MainThread]: dbt version: 1.7.9
[0m04:07:17.254119 [info ] [MainThread]: python version: 3.10.13
[0m04:07:17.255210 [info ] [MainThread]: python path: /home/codespace/.cache/pypoetry/virtualenvs/weather-1CS2JGND-py3.10/bin/python
[0m04:07:17.256406 [info ] [MainThread]: os info: Linux-6.2.0-1019-azure-x86_64-with-glibc2.31
[0m04:07:17.425402 [info ] [MainThread]: Using profiles dir at /home/codespace/.dbt
[0m04:07:17.426676 [info ] [MainThread]: Using profiles.yml file at /home/codespace/.dbt/profiles.yml
[0m04:07:17.427719 [info ] [MainThread]: Using dbt_project.yml file at /workspaces/introduction-to-data-pipelines-and-apache-airflow/airflow/weather/dbt_project.yml
[0m04:07:17.429353 [info ] [MainThread]: adapter type: postgres
[0m04:07:17.430397 [info ] [MainThread]: adapter version: 1.7.9
[0m04:07:17.431672 [info ] [MainThread]: Configuration:
[0m04:07:17.432995 [info ] [MainThread]:   profiles.yml file [[32mOK found and valid[0m]
[0m04:07:17.434050 [info ] [MainThread]:   dbt_project.yml file [[31mERROR not found[0m]
[0m04:07:17.435065 [info ] [MainThread]: Required dependencies:
[0m04:07:17.436102 [debug] [MainThread]: Executing "git --help"
[0m04:07:17.441415 [debug] [MainThread]: STDOUT: "b"usage: git [-v | --version] [-h | --help] [-C <path>] [-c <name>=<value>]\n           [--exec-path[=<path>]] [--html-path] [--man-path] [--info-path]\n           [-p | --paginate | -P | --no-pager] [--no-replace-objects] [--bare]\n           [--git-dir=<path>] [--work-tree=<path>] [--namespace=<name>]\n           [--config-env=<name>=<envvar>] <command> [<args>]\n\nThese are common Git commands used in various situations:\n\nstart a working area (see also: git help tutorial)\n   clone     Clone a repository into a new directory\n   init      Create an empty Git repository or reinitialize an existing one\n\nwork on the current change (see also: git help everyday)\n   add       Add file contents to the index\n   mv        Move or rename a file, a directory, or a symlink\n   restore   Restore working tree files\n   rm        Remove files from the working tree and from the index\n\nexamine the history and state (see also: git help revisions)\n   bisect    Use binary search to find the commit that introduced a bug\n   diff      Show changes between commits, commit and working tree, etc\n   grep      Print lines matching a pattern\n   log       Show commit logs\n   show      Show various types of objects\n   status    Show the working tree status\n\ngrow, mark and tweak your common history\n   branch    List, create, or delete branches\n   commit    Record changes to the repository\n   merge     Join two or more development histories together\n   rebase    Reapply commits on top of another base tip\n   reset     Reset current HEAD to the specified state\n   switch    Switch branches\n   tag       Create, list, delete or verify a tag object signed with GPG\n\ncollaborate (see also: git help workflows)\n   fetch     Download objects and refs from another repository\n   pull      Fetch from and integrate with another repository or a local branch\n   push      Update remote refs along with associated objects\n\n'git help -a' and 'git help -g' list available subcommands and some\nconcept guides. See 'git help <command>' or 'git help <concept>'\nto read about a specific subcommand or concept.\nSee 'git help git' for an overview of the system.\n""
[0m04:07:17.442469 [debug] [MainThread]: STDERR: "b''"
[0m04:07:17.443366 [info ] [MainThread]:  - git [[32mOK found[0m]

[0m04:07:17.444480 [info ] [MainThread]: Connection:
[0m04:07:17.446947 [info ] [MainThread]:   host: localhost
[0m04:07:17.448584 [info ] [MainThread]:   port: 5432
[0m04:07:17.449998 [info ] [MainThread]:   user: postgres
[0m04:07:17.451490 [info ] [MainThread]:   database: postgres
[0m04:07:17.452647 [info ] [MainThread]:   schema: dbt_oz
[0m04:07:17.453854 [info ] [MainThread]:   connect_timeout: 10
[0m04:07:17.455150 [info ] [MainThread]:   role: None
[0m04:07:17.456413 [info ] [MainThread]:   search_path: None
[0m04:07:17.457658 [info ] [MainThread]:   keepalives_idle: 0
[0m04:07:17.458826 [info ] [MainThread]:   sslmode: None
[0m04:07:17.460127 [info ] [MainThread]:   sslcert: None
[0m04:07:17.461415 [info ] [MainThread]:   sslkey: None
[0m04:07:17.462581 [info ] [MainThread]:   sslrootcert: None
[0m04:07:17.463772 [info ] [MainThread]:   application_name: dbt
[0m04:07:17.465153 [info ] [MainThread]:   retries: 1
[0m04:07:17.466627 [info ] [MainThread]: Registered adapter: postgres=1.7.9
[0m04:07:17.468820 [debug] [MainThread]: Acquiring new postgres connection 'debug'
[0m04:07:17.469937 [debug] [MainThread]: Using postgres connection "debug"
[0m04:07:17.470925 [debug] [MainThread]: On debug: select 1 as id
[0m04:07:17.471945 [debug] [MainThread]: Opening a new connection, currently in state init
[0m04:07:17.484372 [debug] [MainThread]: SQL status: SELECT 1 in 0.0 seconds
[0m04:07:17.485825 [debug] [MainThread]: On debug: Close
[0m04:07:17.486713 [info ] [MainThread]:   Connection test: [[32mOK connection ok[0m]

[0m04:07:17.487745 [info ] [MainThread]: [31m1 check failed:[0m
[0m04:07:17.488803 [info ] [MainThread]: Project loading failed for the following reason:
 project path </workspaces/introduction-to-data-pipelines-and-apache-airflow/airflow/weather/dbt_project.yml> not found

[0m04:07:17.491288 [debug] [MainThread]: Resource report: {"command_name": "debug", "command_wall_clock_time": 0.32804805, "process_user_time": 4.036393, "process_kernel_time": 0.250561, "process_mem_max_rss": "92992", "process_in_blocks": "4688", "process_out_blocks": "40", "command_success": false}
[0m04:07:17.492193 [debug] [MainThread]: Command `dbt debug` failed at 04:07:17.491966 after 0.33 seconds
[0m04:07:17.492884 [debug] [MainThread]: Connection 'debug' was properly closed.
[0m04:07:17.493576 [debug] [MainThread]: Sending event: {'category': 'dbt', 'action': 'invocation', 'label': 'end', 'context': [<snowplow_tracker.self_describing_json.SelfDescribingJson object at 0x7f96cdb53d30>, <snowplow_tracker.self_describing_json.SelfDescribingJson object at 0x7f96cbe62fb0>, <snowplow_tracker.self_describing_json.SelfDescribingJson object at 0x7f96cbe634f0>]}
[0m04:07:17.494294 [debug] [MainThread]: Flushing usage events
