[2024-02-10T03:56:00.959+0000] {taskinstance.py:1957} INFO - Dependencies all met for dep_context=non-requeueable deps ti=<TaskInstance: weather_api_dag.get_weather_data scheduled__2024-02-10T02:00:00+00:00 [queued]>
[2024-02-10T03:56:00.966+0000] {taskinstance.py:1957} INFO - Dependencies all met for dep_context=requeueable deps ti=<TaskInstance: weather_api_dag.get_weather_data scheduled__2024-02-10T02:00:00+00:00 [queued]>
[2024-02-10T03:56:00.966+0000] {taskinstance.py:2171} INFO - Starting attempt 3 of 3
[2024-02-10T03:56:00.982+0000] {taskinstance.py:2192} INFO - Executing <Task(PythonOperator): get_weather_data> on 2024-02-10 02:00:00+00:00
[2024-02-10T03:56:00.988+0000] {standard_task_runner.py:60} INFO - Started process 3717 to run task
[2024-02-10T03:56:00.991+0000] {standard_task_runner.py:87} INFO - Running: ['***', 'tasks', 'run', 'weather_api_dag', 'get_weather_data', 'scheduled__2024-02-10T02:00:00+00:00', '--job-id', '229', '--raw', '--subdir', 'DAGS_FOLDER/weather_api_dag.py', '--cfg-path', '/tmp/tmp5vjpbzl0']
[2024-02-10T03:56:00.992+0000] {standard_task_runner.py:88} INFO - Job 229: Subtask get_weather_data
[2024-02-10T03:56:01.040+0000] {task_command.py:423} INFO - Running <TaskInstance: weather_api_dag.get_weather_data scheduled__2024-02-10T02:00:00+00:00 [running]> on host 136cb87801be
[2024-02-10T03:56:01.126+0000] {taskinstance.py:2481} INFO - Exporting env vars: AIRFLOW_CTX_DAG_EMAIL='66130549@dpu.ac.th' AIRFLOW_CTX_DAG_OWNER='***' AIRFLOW_CTX_DAG_ID='weather_api_dag' AIRFLOW_CTX_TASK_ID='get_weather_data' AIRFLOW_CTX_EXECUTION_DATE='2024-02-10T02:00:00+00:00' AIRFLOW_CTX_TRY_NUMBER='3' AIRFLOW_CTX_DAG_RUN_ID='scheduled__2024-02-10T02:00:00+00:00'
[2024-02-10T03:56:01.135+0000] {logging_mixin.py:188} WARNING - /home/***/.local/lib/python3.8/site-packages/***/utils/context.py:315 AirflowContextDeprecationWarning: Accessing 'execution_date' from the template is deprecated and will be removed in a future version. Please use 'data_interval_start' or 'logical_date' instead.
[2024-02-10T03:56:01.136+0000] {logging_mixin.py:188} INFO - 2024-02-10T02:00:00+00:00
[2024-02-10T03:56:01.180+0000] {taskinstance.py:2699} ERROR - Task failed with exception
Traceback (most recent call last):
  File "/home/airflow/.local/lib/python3.8/site-packages/airflow/models/taskinstance.py", line 433, in _execute_task
    result = execute_callable(context=context, **execute_callable_kwargs)
  File "/home/airflow/.local/lib/python3.8/site-packages/airflow/operators/python.py", line 199, in execute
    return_value = self.execute_callable()
  File "/home/airflow/.local/lib/python3.8/site-packages/airflow/operators/python.py", line 216, in execute_callable
    return self.python_callable(*self.op_args, **self.op_kwargs)
  File "/opt/airflow/dags/weather_api_dag.py", line 23, in _get_weather_data
    print(response.uri)
AttributeError: 'Response' object has no attribute 'uri'
[2024-02-10T03:56:01.196+0000] {taskinstance.py:1138} INFO - Marking task as FAILED. dag_id=weather_api_dag, task_id=get_weather_data, execution_date=20240210T020000, start_date=20240210T035600, end_date=20240210T035601
[2024-02-10T03:56:01.214+0000] {logging_mixin.py:188} WARNING - /home/***/.local/lib/python3.8/site-packages/***/utils/email.py:154 RemovedInAirflow3Warning: Fetching SMTP credentials from configuration variables will be deprecated in a future release. Please set credentials using a connection instead.
[2024-02-10T03:56:01.214+0000] {configuration.py:1046} WARNING - section/key [smtp/smtp_user] not found in config
[2024-02-10T03:56:01.215+0000] {email.py:270} INFO - Email alerting: attempt 1
[2024-02-10T03:56:01.216+0000] {email.py:281} INFO - Sent an alert email to ['66130549@dpu.ac.th']
[2024-02-10T03:56:01.242+0000] {standard_task_runner.py:107} ERROR - Failed to execute job 229 for task get_weather_data ('Response' object has no attribute 'uri'; 3717)
[2024-02-10T03:56:01.285+0000] {local_task_job_runner.py:234} INFO - Task exited with return code 1
[2024-02-10T03:56:01.303+0000] {taskinstance.py:3281} INFO - 0 downstream tasks scheduled from follow-on schedule check
