[2024-01-20T05:03:54.456+0000] {processor.py:161} INFO - Started process (PID=564) to work on /opt/airflow/dags/dog_api_pipeline.py
[2024-01-20T05:03:54.457+0000] {processor.py:830} INFO - Processing file /opt/airflow/dags/dog_api_pipeline.py for tasks to queue
[2024-01-20T05:03:54.457+0000] {logging_mixin.py:188} INFO - [2024-01-20T05:03:54.457+0000] {dagbag.py:538} INFO - Filling up the DagBag from /opt/airflow/dags/dog_api_pipeline.py
[2024-01-20T05:03:54.471+0000] {processor.py:840} INFO - DAG(s) 'dog_api_pipeline' retrieved from /opt/airflow/dags/dog_api_pipeline.py
[2024-01-20T05:03:54.653+0000] {logging_mixin.py:188} INFO - [2024-01-20T05:03:54.652+0000] {override.py:1769} INFO - Created Permission View: can delete on DAG:dog_api_pipeline
[2024-01-20T05:03:54.665+0000] {logging_mixin.py:188} INFO - [2024-01-20T05:03:54.665+0000] {override.py:1769} INFO - Created Permission View: can edit on DAG:dog_api_pipeline
[2024-01-20T05:03:54.675+0000] {logging_mixin.py:188} INFO - [2024-01-20T05:03:54.675+0000] {override.py:1769} INFO - Created Permission View: can read on DAG:dog_api_pipeline
[2024-01-20T05:03:54.676+0000] {logging_mixin.py:188} INFO - [2024-01-20T05:03:54.676+0000] {dag.py:3033} INFO - Sync 1 DAGs
[2024-01-20T05:03:54.687+0000] {logging_mixin.py:188} INFO - [2024-01-20T05:03:54.687+0000] {dag.py:3055} INFO - Creating ORM DAG for dog_api_pipeline
[2024-01-20T05:03:54.688+0000] {logging_mixin.py:188} INFO - [2024-01-20T05:03:54.687+0000] {dag.py:3820} INFO - Setting next_dagrun for dog_api_pipeline to None, run_after=None
[2024-01-20T05:03:54.704+0000] {processor.py:183} INFO - Processing /opt/airflow/dags/dog_api_pipeline.py took 0.251 seconds
[2024-01-20T05:03:58.486+0000] {processor.py:161} INFO - Started process (PID=578) to work on /opt/airflow/dags/dog_api_pipeline.py
[2024-01-20T05:03:58.486+0000] {processor.py:830} INFO - Processing file /opt/airflow/dags/dog_api_pipeline.py for tasks to queue
[2024-01-20T05:03:58.487+0000] {logging_mixin.py:188} INFO - [2024-01-20T05:03:58.487+0000] {dagbag.py:538} INFO - Filling up the DagBag from /opt/airflow/dags/dog_api_pipeline.py
[2024-01-20T05:03:58.499+0000] {processor.py:840} INFO - DAG(s) 'dog_api_pipeline' retrieved from /opt/airflow/dags/dog_api_pipeline.py
[2024-01-20T05:03:58.513+0000] {logging_mixin.py:188} INFO - [2024-01-20T05:03:58.513+0000] {dag.py:3033} INFO - Sync 1 DAGs
[2024-01-20T05:03:58.530+0000] {logging_mixin.py:188} INFO - [2024-01-20T05:03:58.530+0000] {dag.py:3820} INFO - Setting next_dagrun for dog_api_pipeline to None, run_after=None
[2024-01-20T05:03:58.559+0000] {processor.py:183} INFO - Processing /opt/airflow/dags/dog_api_pipeline.py took 0.077 seconds
[2024-01-20T05:04:03.507+0000] {processor.py:161} INFO - Started process (PID=583) to work on /opt/airflow/dags/dog_api_pipeline.py
[2024-01-20T05:04:03.508+0000] {processor.py:830} INFO - Processing file /opt/airflow/dags/dog_api_pipeline.py for tasks to queue
[2024-01-20T05:04:03.509+0000] {logging_mixin.py:188} INFO - [2024-01-20T05:04:03.508+0000] {dagbag.py:538} INFO - Filling up the DagBag from /opt/airflow/dags/dog_api_pipeline.py
[2024-01-20T05:04:03.517+0000] {processor.py:840} INFO - DAG(s) 'dog_api_pipeline' retrieved from /opt/airflow/dags/dog_api_pipeline.py
[2024-01-20T05:04:03.527+0000] {logging_mixin.py:188} INFO - [2024-01-20T05:04:03.527+0000] {dag.py:3033} INFO - Sync 1 DAGs
[2024-01-20T05:04:03.537+0000] {logging_mixin.py:188} INFO - [2024-01-20T05:04:03.537+0000] {dag.py:3820} INFO - Setting next_dagrun for dog_api_pipeline to None, run_after=None
[2024-01-20T05:04:03.558+0000] {processor.py:183} INFO - Processing /opt/airflow/dags/dog_api_pipeline.py took 0.053 seconds
[2024-01-20T05:04:33.672+0000] {processor.py:161} INFO - Started process (PID=614) to work on /opt/airflow/dags/dog_api_pipeline.py
[2024-01-20T05:04:33.673+0000] {processor.py:830} INFO - Processing file /opt/airflow/dags/dog_api_pipeline.py for tasks to queue
[2024-01-20T05:04:33.674+0000] {logging_mixin.py:188} INFO - [2024-01-20T05:04:33.673+0000] {dagbag.py:538} INFO - Filling up the DagBag from /opt/airflow/dags/dog_api_pipeline.py
[2024-01-20T05:04:33.683+0000] {processor.py:840} INFO - DAG(s) 'dog_api_pipeline' retrieved from /opt/airflow/dags/dog_api_pipeline.py
[2024-01-20T05:04:33.813+0000] {logging_mixin.py:188} INFO - [2024-01-20T05:04:33.813+0000] {dag.py:3033} INFO - Sync 1 DAGs
[2024-01-20T05:04:33.826+0000] {logging_mixin.py:188} INFO - [2024-01-20T05:04:33.826+0000] {dag.py:3820} INFO - Setting next_dagrun for dog_api_pipeline to None, run_after=None
[2024-01-20T05:04:33.851+0000] {processor.py:183} INFO - Processing /opt/airflow/dags/dog_api_pipeline.py took 0.183 seconds
[2024-01-20T05:05:03.966+0000] {processor.py:161} INFO - Started process (PID=637) to work on /opt/airflow/dags/dog_api_pipeline.py
[2024-01-20T05:05:03.966+0000] {processor.py:830} INFO - Processing file /opt/airflow/dags/dog_api_pipeline.py for tasks to queue
[2024-01-20T05:05:03.967+0000] {logging_mixin.py:188} INFO - [2024-01-20T05:05:03.967+0000] {dagbag.py:538} INFO - Filling up the DagBag from /opt/airflow/dags/dog_api_pipeline.py
[2024-01-20T05:05:03.974+0000] {processor.py:840} INFO - DAG(s) 'dog_api_pipeline' retrieved from /opt/airflow/dags/dog_api_pipeline.py
[2024-01-20T05:05:03.995+0000] {logging_mixin.py:188} INFO - [2024-01-20T05:05:03.995+0000] {dag.py:3033} INFO - Sync 1 DAGs
[2024-01-20T05:05:04.005+0000] {logging_mixin.py:188} INFO - [2024-01-20T05:05:04.005+0000] {dag.py:3820} INFO - Setting next_dagrun for dog_api_pipeline to None, run_after=None
[2024-01-20T05:05:04.025+0000] {processor.py:183} INFO - Processing /opt/airflow/dags/dog_api_pipeline.py took 0.061 seconds
[2024-01-20T05:05:34.099+0000] {processor.py:161} INFO - Started process (PID=659) to work on /opt/airflow/dags/dog_api_pipeline.py
[2024-01-20T05:05:34.100+0000] {processor.py:830} INFO - Processing file /opt/airflow/dags/dog_api_pipeline.py for tasks to queue
[2024-01-20T05:05:34.101+0000] {logging_mixin.py:188} INFO - [2024-01-20T05:05:34.101+0000] {dagbag.py:538} INFO - Filling up the DagBag from /opt/airflow/dags/dog_api_pipeline.py
[2024-01-20T05:05:34.110+0000] {processor.py:840} INFO - DAG(s) 'dog_api_pipeline' retrieved from /opt/airflow/dags/dog_api_pipeline.py
[2024-01-20T05:05:34.141+0000] {logging_mixin.py:188} INFO - [2024-01-20T05:05:34.141+0000] {dag.py:3033} INFO - Sync 1 DAGs
[2024-01-20T05:05:34.154+0000] {logging_mixin.py:188} INFO - [2024-01-20T05:05:34.154+0000] {dag.py:3820} INFO - Setting next_dagrun for dog_api_pipeline to None, run_after=None
[2024-01-20T05:05:34.173+0000] {processor.py:183} INFO - Processing /opt/airflow/dags/dog_api_pipeline.py took 0.078 seconds
[2024-01-20T05:06:04.248+0000] {processor.py:161} INFO - Started process (PID=690) to work on /opt/airflow/dags/dog_api_pipeline.py
[2024-01-20T05:06:04.249+0000] {processor.py:830} INFO - Processing file /opt/airflow/dags/dog_api_pipeline.py for tasks to queue
[2024-01-20T05:06:04.250+0000] {logging_mixin.py:188} INFO - [2024-01-20T05:06:04.250+0000] {dagbag.py:538} INFO - Filling up the DagBag from /opt/airflow/dags/dog_api_pipeline.py
[2024-01-20T05:06:04.258+0000] {processor.py:840} INFO - DAG(s) 'dog_api_pipeline' retrieved from /opt/airflow/dags/dog_api_pipeline.py
[2024-01-20T05:06:04.278+0000] {logging_mixin.py:188} INFO - [2024-01-20T05:06:04.278+0000] {dag.py:3033} INFO - Sync 1 DAGs
[2024-01-20T05:06:04.288+0000] {logging_mixin.py:188} INFO - [2024-01-20T05:06:04.288+0000] {dag.py:3820} INFO - Setting next_dagrun for dog_api_pipeline to None, run_after=None
[2024-01-20T05:06:04.307+0000] {processor.py:183} INFO - Processing /opt/airflow/dags/dog_api_pipeline.py took 0.062 seconds
[2024-01-20T05:06:34.400+0000] {processor.py:161} INFO - Started process (PID=714) to work on /opt/airflow/dags/dog_api_pipeline.py
[2024-01-20T05:06:34.401+0000] {processor.py:830} INFO - Processing file /opt/airflow/dags/dog_api_pipeline.py for tasks to queue
[2024-01-20T05:06:34.402+0000] {logging_mixin.py:188} INFO - [2024-01-20T05:06:34.401+0000] {dagbag.py:538} INFO - Filling up the DagBag from /opt/airflow/dags/dog_api_pipeline.py
[2024-01-20T05:06:34.411+0000] {processor.py:840} INFO - DAG(s) 'dog_api_pipeline' retrieved from /opt/airflow/dags/dog_api_pipeline.py
[2024-01-20T05:06:34.433+0000] {logging_mixin.py:188} INFO - [2024-01-20T05:06:34.433+0000] {dag.py:3033} INFO - Sync 1 DAGs
[2024-01-20T05:06:34.443+0000] {logging_mixin.py:188} INFO - [2024-01-20T05:06:34.443+0000] {dag.py:3820} INFO - Setting next_dagrun for dog_api_pipeline to None, run_after=None
[2024-01-20T05:06:34.461+0000] {processor.py:183} INFO - Processing /opt/airflow/dags/dog_api_pipeline.py took 0.067 seconds
[2024-01-20T05:07:04.568+0000] {processor.py:161} INFO - Started process (PID=737) to work on /opt/airflow/dags/dog_api_pipeline.py
[2024-01-20T05:07:04.569+0000] {processor.py:830} INFO - Processing file /opt/airflow/dags/dog_api_pipeline.py for tasks to queue
[2024-01-20T05:07:04.570+0000] {logging_mixin.py:188} INFO - [2024-01-20T05:07:04.569+0000] {dagbag.py:538} INFO - Filling up the DagBag from /opt/airflow/dags/dog_api_pipeline.py
[2024-01-20T05:07:04.577+0000] {processor.py:840} INFO - DAG(s) 'dog_api_pipeline' retrieved from /opt/airflow/dags/dog_api_pipeline.py
[2024-01-20T05:07:04.605+0000] {logging_mixin.py:188} INFO - [2024-01-20T05:07:04.604+0000] {dag.py:3033} INFO - Sync 1 DAGs
[2024-01-20T05:07:04.618+0000] {logging_mixin.py:188} INFO - [2024-01-20T05:07:04.618+0000] {dag.py:3820} INFO - Setting next_dagrun for dog_api_pipeline to None, run_after=None
[2024-01-20T05:07:04.638+0000] {processor.py:183} INFO - Processing /opt/airflow/dags/dog_api_pipeline.py took 0.073 seconds
[2024-01-20T05:07:34.709+0000] {processor.py:161} INFO - Started process (PID=768) to work on /opt/airflow/dags/dog_api_pipeline.py
[2024-01-20T05:07:34.710+0000] {processor.py:830} INFO - Processing file /opt/airflow/dags/dog_api_pipeline.py for tasks to queue
[2024-01-20T05:07:34.711+0000] {logging_mixin.py:188} INFO - [2024-01-20T05:07:34.710+0000] {dagbag.py:538} INFO - Filling up the DagBag from /opt/airflow/dags/dog_api_pipeline.py
[2024-01-20T05:07:34.717+0000] {processor.py:840} INFO - DAG(s) 'dog_api_pipeline' retrieved from /opt/airflow/dags/dog_api_pipeline.py
[2024-01-20T05:07:34.738+0000] {logging_mixin.py:188} INFO - [2024-01-20T05:07:34.738+0000] {dag.py:3033} INFO - Sync 1 DAGs
[2024-01-20T05:07:34.747+0000] {logging_mixin.py:188} INFO - [2024-01-20T05:07:34.747+0000] {dag.py:3820} INFO - Setting next_dagrun for dog_api_pipeline to None, run_after=None
[2024-01-20T05:07:34.767+0000] {processor.py:183} INFO - Processing /opt/airflow/dags/dog_api_pipeline.py took 0.060 seconds
[2024-01-20T05:08:04.886+0000] {processor.py:161} INFO - Started process (PID=790) to work on /opt/airflow/dags/dog_api_pipeline.py
[2024-01-20T05:08:04.887+0000] {processor.py:830} INFO - Processing file /opt/airflow/dags/dog_api_pipeline.py for tasks to queue
[2024-01-20T05:08:04.888+0000] {logging_mixin.py:188} INFO - [2024-01-20T05:08:04.887+0000] {dagbag.py:538} INFO - Filling up the DagBag from /opt/airflow/dags/dog_api_pipeline.py
[2024-01-20T05:08:04.896+0000] {processor.py:840} INFO - DAG(s) 'dog_api_pipeline' retrieved from /opt/airflow/dags/dog_api_pipeline.py
[2024-01-20T05:08:04.924+0000] {logging_mixin.py:188} INFO - [2024-01-20T05:08:04.924+0000] {dag.py:3033} INFO - Sync 1 DAGs
[2024-01-20T05:08:04.938+0000] {logging_mixin.py:188} INFO - [2024-01-20T05:08:04.938+0000] {dag.py:3820} INFO - Setting next_dagrun for dog_api_pipeline to None, run_after=None
[2024-01-20T05:08:04.960+0000] {processor.py:183} INFO - Processing /opt/airflow/dags/dog_api_pipeline.py took 0.077 seconds
[2024-01-20T05:08:35.021+0000] {processor.py:161} INFO - Started process (PID=821) to work on /opt/airflow/dags/dog_api_pipeline.py
[2024-01-20T05:08:35.022+0000] {processor.py:830} INFO - Processing file /opt/airflow/dags/dog_api_pipeline.py for tasks to queue
[2024-01-20T05:08:35.023+0000] {logging_mixin.py:188} INFO - [2024-01-20T05:08:35.023+0000] {dagbag.py:538} INFO - Filling up the DagBag from /opt/airflow/dags/dog_api_pipeline.py
[2024-01-20T05:08:35.033+0000] {processor.py:840} INFO - DAG(s) 'dog_api_pipeline' retrieved from /opt/airflow/dags/dog_api_pipeline.py
[2024-01-20T05:08:35.067+0000] {logging_mixin.py:188} INFO - [2024-01-20T05:08:35.066+0000] {dag.py:3033} INFO - Sync 1 DAGs
[2024-01-20T05:08:35.081+0000] {logging_mixin.py:188} INFO - [2024-01-20T05:08:35.081+0000] {dag.py:3820} INFO - Setting next_dagrun for dog_api_pipeline to None, run_after=None
[2024-01-20T05:08:35.110+0000] {processor.py:183} INFO - Processing /opt/airflow/dags/dog_api_pipeline.py took 0.092 seconds
[2024-01-20T05:09:05.199+0000] {processor.py:161} INFO - Started process (PID=843) to work on /opt/airflow/dags/dog_api_pipeline.py
[2024-01-20T05:09:05.200+0000] {processor.py:830} INFO - Processing file /opt/airflow/dags/dog_api_pipeline.py for tasks to queue
[2024-01-20T05:09:05.200+0000] {logging_mixin.py:188} INFO - [2024-01-20T05:09:05.200+0000] {dagbag.py:538} INFO - Filling up the DagBag from /opt/airflow/dags/dog_api_pipeline.py
[2024-01-20T05:09:05.207+0000] {processor.py:840} INFO - DAG(s) 'dog_api_pipeline' retrieved from /opt/airflow/dags/dog_api_pipeline.py
[2024-01-20T05:09:05.236+0000] {logging_mixin.py:188} INFO - [2024-01-20T05:09:05.236+0000] {dag.py:3033} INFO - Sync 1 DAGs
[2024-01-20T05:09:05.258+0000] {logging_mixin.py:188} INFO - [2024-01-20T05:09:05.258+0000] {dag.py:3820} INFO - Setting next_dagrun for dog_api_pipeline to None, run_after=None
[2024-01-20T05:09:05.295+0000] {processor.py:183} INFO - Processing /opt/airflow/dags/dog_api_pipeline.py took 0.098 seconds
[2024-01-20T05:09:35.344+0000] {processor.py:161} INFO - Started process (PID=865) to work on /opt/airflow/dags/dog_api_pipeline.py
[2024-01-20T05:09:35.345+0000] {processor.py:830} INFO - Processing file /opt/airflow/dags/dog_api_pipeline.py for tasks to queue
[2024-01-20T05:09:35.346+0000] {logging_mixin.py:188} INFO - [2024-01-20T05:09:35.346+0000] {dagbag.py:538} INFO - Filling up the DagBag from /opt/airflow/dags/dog_api_pipeline.py
[2024-01-20T05:09:35.356+0000] {processor.py:840} INFO - DAG(s) 'dog_api_pipeline' retrieved from /opt/airflow/dags/dog_api_pipeline.py
[2024-01-20T05:09:35.385+0000] {logging_mixin.py:188} INFO - [2024-01-20T05:09:35.385+0000] {dag.py:3033} INFO - Sync 1 DAGs
[2024-01-20T05:09:35.400+0000] {logging_mixin.py:188} INFO - [2024-01-20T05:09:35.399+0000] {dag.py:3820} INFO - Setting next_dagrun for dog_api_pipeline to None, run_after=None
[2024-01-20T05:09:35.429+0000] {processor.py:183} INFO - Processing /opt/airflow/dags/dog_api_pipeline.py took 0.088 seconds
[2024-01-20T05:10:05.562+0000] {processor.py:161} INFO - Started process (PID=902) to work on /opt/airflow/dags/dog_api_pipeline.py
[2024-01-20T05:10:05.563+0000] {processor.py:830} INFO - Processing file /opt/airflow/dags/dog_api_pipeline.py for tasks to queue
[2024-01-20T05:10:05.563+0000] {logging_mixin.py:188} INFO - [2024-01-20T05:10:05.563+0000] {dagbag.py:538} INFO - Filling up the DagBag from /opt/airflow/dags/dog_api_pipeline.py
[2024-01-20T05:10:05.570+0000] {processor.py:840} INFO - DAG(s) 'dog_api_pipeline' retrieved from /opt/airflow/dags/dog_api_pipeline.py
[2024-01-20T05:10:05.592+0000] {logging_mixin.py:188} INFO - [2024-01-20T05:10:05.592+0000] {dag.py:3033} INFO - Sync 1 DAGs
[2024-01-20T05:10:05.603+0000] {logging_mixin.py:188} INFO - [2024-01-20T05:10:05.603+0000] {dag.py:3820} INFO - Setting next_dagrun for dog_api_pipeline to None, run_after=None
[2024-01-20T05:10:05.622+0000] {processor.py:183} INFO - Processing /opt/airflow/dags/dog_api_pipeline.py took 0.062 seconds
[2024-01-20T05:10:35.714+0000] {processor.py:161} INFO - Started process (PID=925) to work on /opt/airflow/dags/dog_api_pipeline.py
[2024-01-20T05:10:35.715+0000] {processor.py:830} INFO - Processing file /opt/airflow/dags/dog_api_pipeline.py for tasks to queue
[2024-01-20T05:10:35.716+0000] {logging_mixin.py:188} INFO - [2024-01-20T05:10:35.716+0000] {dagbag.py:538} INFO - Filling up the DagBag from /opt/airflow/dags/dog_api_pipeline.py
[2024-01-20T05:10:35.725+0000] {processor.py:840} INFO - DAG(s) 'dog_api_pipeline' retrieved from /opt/airflow/dags/dog_api_pipeline.py
[2024-01-20T05:10:35.759+0000] {logging_mixin.py:188} INFO - [2024-01-20T05:10:35.759+0000] {dag.py:3033} INFO - Sync 1 DAGs
[2024-01-20T05:10:35.775+0000] {logging_mixin.py:188} INFO - [2024-01-20T05:10:35.774+0000] {dag.py:3820} INFO - Setting next_dagrun for dog_api_pipeline to None, run_after=None
[2024-01-20T05:10:35.799+0000] {processor.py:183} INFO - Processing /opt/airflow/dags/dog_api_pipeline.py took 0.088 seconds
[2024-01-20T05:11:05.848+0000] {processor.py:161} INFO - Started process (PID=955) to work on /opt/airflow/dags/dog_api_pipeline.py
[2024-01-20T05:11:05.849+0000] {processor.py:830} INFO - Processing file /opt/airflow/dags/dog_api_pipeline.py for tasks to queue
[2024-01-20T05:11:05.850+0000] {logging_mixin.py:188} INFO - [2024-01-20T05:11:05.850+0000] {dagbag.py:538} INFO - Filling up the DagBag from /opt/airflow/dags/dog_api_pipeline.py
[2024-01-20T05:11:05.860+0000] {processor.py:840} INFO - DAG(s) 'dog_api_pipeline' retrieved from /opt/airflow/dags/dog_api_pipeline.py
[2024-01-20T05:11:05.891+0000] {logging_mixin.py:188} INFO - [2024-01-20T05:11:05.891+0000] {dag.py:3033} INFO - Sync 1 DAGs
[2024-01-20T05:11:05.906+0000] {logging_mixin.py:188} INFO - [2024-01-20T05:11:05.906+0000] {dag.py:3820} INFO - Setting next_dagrun for dog_api_pipeline to None, run_after=None
[2024-01-20T05:11:05.930+0000] {processor.py:183} INFO - Processing /opt/airflow/dags/dog_api_pipeline.py took 0.086 seconds
[2024-01-20T05:11:36.037+0000] {processor.py:161} INFO - Started process (PID=977) to work on /opt/airflow/dags/dog_api_pipeline.py
[2024-01-20T05:11:36.038+0000] {processor.py:830} INFO - Processing file /opt/airflow/dags/dog_api_pipeline.py for tasks to queue
[2024-01-20T05:11:36.039+0000] {logging_mixin.py:188} INFO - [2024-01-20T05:11:36.038+0000] {dagbag.py:538} INFO - Filling up the DagBag from /opt/airflow/dags/dog_api_pipeline.py
[2024-01-20T05:11:36.045+0000] {processor.py:840} INFO - DAG(s) 'dog_api_pipeline' retrieved from /opt/airflow/dags/dog_api_pipeline.py
[2024-01-20T05:11:36.068+0000] {logging_mixin.py:188} INFO - [2024-01-20T05:11:36.067+0000] {dag.py:3033} INFO - Sync 1 DAGs
[2024-01-20T05:11:36.077+0000] {logging_mixin.py:188} INFO - [2024-01-20T05:11:36.077+0000] {dag.py:3820} INFO - Setting next_dagrun for dog_api_pipeline to None, run_after=None
[2024-01-20T05:11:36.095+0000] {processor.py:183} INFO - Processing /opt/airflow/dags/dog_api_pipeline.py took 0.060 seconds
[2024-01-20T05:12:06.167+0000] {processor.py:161} INFO - Started process (PID=1000) to work on /opt/airflow/dags/dog_api_pipeline.py
[2024-01-20T05:12:06.168+0000] {processor.py:830} INFO - Processing file /opt/airflow/dags/dog_api_pipeline.py for tasks to queue
[2024-01-20T05:12:06.169+0000] {logging_mixin.py:188} INFO - [2024-01-20T05:12:06.168+0000] {dagbag.py:538} INFO - Filling up the DagBag from /opt/airflow/dags/dog_api_pipeline.py
[2024-01-20T05:12:06.176+0000] {processor.py:840} INFO - DAG(s) 'dog_api_pipeline' retrieved from /opt/airflow/dags/dog_api_pipeline.py
[2024-01-20T05:12:06.197+0000] {logging_mixin.py:188} INFO - [2024-01-20T05:12:06.196+0000] {dag.py:3033} INFO - Sync 1 DAGs
[2024-01-20T05:12:06.206+0000] {logging_mixin.py:188} INFO - [2024-01-20T05:12:06.206+0000] {dag.py:3820} INFO - Setting next_dagrun for dog_api_pipeline to None, run_after=None
[2024-01-20T05:12:06.224+0000] {processor.py:183} INFO - Processing /opt/airflow/dags/dog_api_pipeline.py took 0.060 seconds
[2024-01-20T05:12:36.322+0000] {processor.py:161} INFO - Started process (PID=1030) to work on /opt/airflow/dags/dog_api_pipeline.py
[2024-01-20T05:12:36.323+0000] {processor.py:830} INFO - Processing file /opt/airflow/dags/dog_api_pipeline.py for tasks to queue
[2024-01-20T05:12:36.323+0000] {logging_mixin.py:188} INFO - [2024-01-20T05:12:36.323+0000] {dagbag.py:538} INFO - Filling up the DagBag from /opt/airflow/dags/dog_api_pipeline.py
[2024-01-20T05:12:36.330+0000] {processor.py:840} INFO - DAG(s) 'dog_api_pipeline' retrieved from /opt/airflow/dags/dog_api_pipeline.py
[2024-01-20T05:12:36.351+0000] {logging_mixin.py:188} INFO - [2024-01-20T05:12:36.351+0000] {dag.py:3033} INFO - Sync 1 DAGs
[2024-01-20T05:12:36.362+0000] {logging_mixin.py:188} INFO - [2024-01-20T05:12:36.362+0000] {dag.py:3820} INFO - Setting next_dagrun for dog_api_pipeline to None, run_after=None
[2024-01-20T05:12:36.382+0000] {processor.py:183} INFO - Processing /opt/airflow/dags/dog_api_pipeline.py took 0.063 seconds
[2024-01-20T05:13:06.466+0000] {processor.py:161} INFO - Started process (PID=1052) to work on /opt/airflow/dags/dog_api_pipeline.py
[2024-01-20T05:13:06.467+0000] {processor.py:830} INFO - Processing file /opt/airflow/dags/dog_api_pipeline.py for tasks to queue
[2024-01-20T05:13:06.468+0000] {logging_mixin.py:188} INFO - [2024-01-20T05:13:06.468+0000] {dagbag.py:538} INFO - Filling up the DagBag from /opt/airflow/dags/dog_api_pipeline.py
[2024-01-20T05:13:06.474+0000] {processor.py:840} INFO - DAG(s) 'dog_api_pipeline' retrieved from /opt/airflow/dags/dog_api_pipeline.py
[2024-01-20T05:13:06.494+0000] {logging_mixin.py:188} INFO - [2024-01-20T05:13:06.494+0000] {dag.py:3033} INFO - Sync 1 DAGs
[2024-01-20T05:13:06.504+0000] {logging_mixin.py:188} INFO - [2024-01-20T05:13:06.504+0000] {dag.py:3820} INFO - Setting next_dagrun for dog_api_pipeline to None, run_after=None
[2024-01-20T05:13:06.522+0000] {processor.py:183} INFO - Processing /opt/airflow/dags/dog_api_pipeline.py took 0.059 seconds
[2024-01-20T05:13:36.632+0000] {processor.py:161} INFO - Started process (PID=1080) to work on /opt/airflow/dags/dog_api_pipeline.py
[2024-01-20T05:13:36.633+0000] {processor.py:830} INFO - Processing file /opt/airflow/dags/dog_api_pipeline.py for tasks to queue
[2024-01-20T05:13:36.634+0000] {logging_mixin.py:188} INFO - [2024-01-20T05:13:36.634+0000] {dagbag.py:538} INFO - Filling up the DagBag from /opt/airflow/dags/dog_api_pipeline.py
[2024-01-20T05:13:36.643+0000] {processor.py:840} INFO - DAG(s) 'dog_api_pipeline' retrieved from /opt/airflow/dags/dog_api_pipeline.py
[2024-01-20T05:13:36.691+0000] {logging_mixin.py:188} INFO - [2024-01-20T05:13:36.691+0000] {dag.py:3033} INFO - Sync 1 DAGs
[2024-01-20T05:13:36.705+0000] {logging_mixin.py:188} INFO - [2024-01-20T05:13:36.705+0000] {dag.py:3820} INFO - Setting next_dagrun for dog_api_pipeline to None, run_after=None
[2024-01-20T05:13:36.736+0000] {processor.py:183} INFO - Processing /opt/airflow/dags/dog_api_pipeline.py took 0.107 seconds
[2024-01-20T05:14:06.880+0000] {processor.py:161} INFO - Started process (PID=1104) to work on /opt/airflow/dags/dog_api_pipeline.py
[2024-01-20T05:14:06.881+0000] {processor.py:830} INFO - Processing file /opt/airflow/dags/dog_api_pipeline.py for tasks to queue
[2024-01-20T05:14:06.882+0000] {logging_mixin.py:188} INFO - [2024-01-20T05:14:06.881+0000] {dagbag.py:538} INFO - Filling up the DagBag from /opt/airflow/dags/dog_api_pipeline.py
[2024-01-20T05:14:06.889+0000] {processor.py:840} INFO - DAG(s) 'dog_api_pipeline' retrieved from /opt/airflow/dags/dog_api_pipeline.py
[2024-01-20T05:14:06.911+0000] {logging_mixin.py:188} INFO - [2024-01-20T05:14:06.911+0000] {dag.py:3033} INFO - Sync 1 DAGs
[2024-01-20T05:14:06.920+0000] {logging_mixin.py:188} INFO - [2024-01-20T05:14:06.920+0000] {dag.py:3820} INFO - Setting next_dagrun for dog_api_pipeline to None, run_after=None
[2024-01-20T05:14:06.939+0000] {processor.py:183} INFO - Processing /opt/airflow/dags/dog_api_pipeline.py took 0.063 seconds
[2024-01-20T05:14:37.025+0000] {processor.py:161} INFO - Started process (PID=1127) to work on /opt/airflow/dags/dog_api_pipeline.py
[2024-01-20T05:14:37.026+0000] {processor.py:830} INFO - Processing file /opt/airflow/dags/dog_api_pipeline.py for tasks to queue
[2024-01-20T05:14:37.027+0000] {logging_mixin.py:188} INFO - [2024-01-20T05:14:37.027+0000] {dagbag.py:538} INFO - Filling up the DagBag from /opt/airflow/dags/dog_api_pipeline.py
[2024-01-20T05:14:37.033+0000] {processor.py:840} INFO - DAG(s) 'dog_api_pipeline' retrieved from /opt/airflow/dags/dog_api_pipeline.py
[2024-01-20T05:14:37.053+0000] {logging_mixin.py:188} INFO - [2024-01-20T05:14:37.053+0000] {dag.py:3033} INFO - Sync 1 DAGs
[2024-01-20T05:14:37.062+0000] {logging_mixin.py:188} INFO - [2024-01-20T05:14:37.062+0000] {dag.py:3820} INFO - Setting next_dagrun for dog_api_pipeline to None, run_after=None
[2024-01-20T05:14:37.081+0000] {processor.py:183} INFO - Processing /opt/airflow/dags/dog_api_pipeline.py took 0.059 seconds
[2024-01-20T05:15:07.186+0000] {processor.py:161} INFO - Started process (PID=1167) to work on /opt/airflow/dags/dog_api_pipeline.py
[2024-01-20T05:15:07.187+0000] {processor.py:830} INFO - Processing file /opt/airflow/dags/dog_api_pipeline.py for tasks to queue
[2024-01-20T05:15:07.188+0000] {logging_mixin.py:188} INFO - [2024-01-20T05:15:07.188+0000] {dagbag.py:538} INFO - Filling up the DagBag from /opt/airflow/dags/dog_api_pipeline.py
[2024-01-20T05:15:07.199+0000] {processor.py:840} INFO - DAG(s) 'dog_api_pipeline' retrieved from /opt/airflow/dags/dog_api_pipeline.py
[2024-01-20T05:15:07.229+0000] {logging_mixin.py:188} INFO - [2024-01-20T05:15:07.228+0000] {dag.py:3033} INFO - Sync 1 DAGs
[2024-01-20T05:15:07.243+0000] {logging_mixin.py:188} INFO - [2024-01-20T05:15:07.243+0000] {dag.py:3820} INFO - Setting next_dagrun for dog_api_pipeline to None, run_after=None
[2024-01-20T05:15:07.267+0000] {processor.py:183} INFO - Processing /opt/airflow/dags/dog_api_pipeline.py took 0.084 seconds
[2024-01-20T05:15:37.312+0000] {processor.py:161} INFO - Started process (PID=1190) to work on /opt/airflow/dags/dog_api_pipeline.py
[2024-01-20T05:15:37.313+0000] {processor.py:830} INFO - Processing file /opt/airflow/dags/dog_api_pipeline.py for tasks to queue
[2024-01-20T05:15:37.314+0000] {logging_mixin.py:188} INFO - [2024-01-20T05:15:37.313+0000] {dagbag.py:538} INFO - Filling up the DagBag from /opt/airflow/dags/dog_api_pipeline.py
[2024-01-20T05:15:37.320+0000] {processor.py:840} INFO - DAG(s) 'dog_api_pipeline' retrieved from /opt/airflow/dags/dog_api_pipeline.py
[2024-01-20T05:15:37.343+0000] {logging_mixin.py:188} INFO - [2024-01-20T05:15:37.342+0000] {dag.py:3033} INFO - Sync 1 DAGs
[2024-01-20T05:15:37.352+0000] {logging_mixin.py:188} INFO - [2024-01-20T05:15:37.352+0000] {dag.py:3820} INFO - Setting next_dagrun for dog_api_pipeline to None, run_after=None
[2024-01-20T05:15:37.372+0000] {processor.py:183} INFO - Processing /opt/airflow/dags/dog_api_pipeline.py took 0.062 seconds
[2024-01-20T05:16:07.516+0000] {processor.py:161} INFO - Started process (PID=1214) to work on /opt/airflow/dags/dog_api_pipeline.py
[2024-01-20T05:16:07.517+0000] {processor.py:830} INFO - Processing file /opt/airflow/dags/dog_api_pipeline.py for tasks to queue
[2024-01-20T05:16:07.517+0000] {logging_mixin.py:188} INFO - [2024-01-20T05:16:07.517+0000] {dagbag.py:538} INFO - Filling up the DagBag from /opt/airflow/dags/dog_api_pipeline.py
[2024-01-20T05:16:07.524+0000] {processor.py:840} INFO - DAG(s) 'dog_api_pipeline' retrieved from /opt/airflow/dags/dog_api_pipeline.py
[2024-01-20T05:16:07.546+0000] {logging_mixin.py:188} INFO - [2024-01-20T05:16:07.546+0000] {dag.py:3033} INFO - Sync 1 DAGs
[2024-01-20T05:16:07.556+0000] {logging_mixin.py:188} INFO - [2024-01-20T05:16:07.555+0000] {dag.py:3820} INFO - Setting next_dagrun for dog_api_pipeline to None, run_after=None
[2024-01-20T05:16:07.575+0000] {processor.py:183} INFO - Processing /opt/airflow/dags/dog_api_pipeline.py took 0.061 seconds
[2024-01-20T05:16:37.653+0000] {processor.py:161} INFO - Started process (PID=1243) to work on /opt/airflow/dags/dog_api_pipeline.py
[2024-01-20T05:16:37.653+0000] {processor.py:830} INFO - Processing file /opt/airflow/dags/dog_api_pipeline.py for tasks to queue
[2024-01-20T05:16:37.654+0000] {logging_mixin.py:188} INFO - [2024-01-20T05:16:37.654+0000] {dagbag.py:538} INFO - Filling up the DagBag from /opt/airflow/dags/dog_api_pipeline.py
[2024-01-20T05:16:37.661+0000] {processor.py:840} INFO - DAG(s) 'dog_api_pipeline' retrieved from /opt/airflow/dags/dog_api_pipeline.py
[2024-01-20T05:16:37.683+0000] {logging_mixin.py:188} INFO - [2024-01-20T05:16:37.683+0000] {dag.py:3033} INFO - Sync 1 DAGs
[2024-01-20T05:16:37.692+0000] {logging_mixin.py:188} INFO - [2024-01-20T05:16:37.692+0000] {dag.py:3820} INFO - Setting next_dagrun for dog_api_pipeline to None, run_after=None
[2024-01-20T05:16:37.712+0000] {processor.py:183} INFO - Processing /opt/airflow/dags/dog_api_pipeline.py took 0.062 seconds
[2024-01-20T05:17:07.802+0000] {processor.py:161} INFO - Started process (PID=1265) to work on /opt/airflow/dags/dog_api_pipeline.py
[2024-01-20T05:17:07.802+0000] {processor.py:830} INFO - Processing file /opt/airflow/dags/dog_api_pipeline.py for tasks to queue
[2024-01-20T05:17:07.803+0000] {logging_mixin.py:188} INFO - [2024-01-20T05:17:07.803+0000] {dagbag.py:538} INFO - Filling up the DagBag from /opt/airflow/dags/dog_api_pipeline.py
[2024-01-20T05:17:07.810+0000] {processor.py:840} INFO - DAG(s) 'dog_api_pipeline' retrieved from /opt/airflow/dags/dog_api_pipeline.py
[2024-01-20T05:17:07.830+0000] {logging_mixin.py:188} INFO - [2024-01-20T05:17:07.830+0000] {dag.py:3033} INFO - Sync 1 DAGs
[2024-01-20T05:17:07.839+0000] {logging_mixin.py:188} INFO - [2024-01-20T05:17:07.839+0000] {dag.py:3820} INFO - Setting next_dagrun for dog_api_pipeline to None, run_after=None
[2024-01-20T05:17:07.859+0000] {processor.py:183} INFO - Processing /opt/airflow/dags/dog_api_pipeline.py took 0.060 seconds
[2024-01-20T05:17:37.940+0000] {processor.py:161} INFO - Started process (PID=1294) to work on /opt/airflow/dags/dog_api_pipeline.py
[2024-01-20T05:17:37.941+0000] {processor.py:830} INFO - Processing file /opt/airflow/dags/dog_api_pipeline.py for tasks to queue
[2024-01-20T05:17:37.941+0000] {logging_mixin.py:188} INFO - [2024-01-20T05:17:37.941+0000] {dagbag.py:538} INFO - Filling up the DagBag from /opt/airflow/dags/dog_api_pipeline.py
[2024-01-20T05:17:37.951+0000] {processor.py:840} INFO - DAG(s) 'dog_api_pipeline' retrieved from /opt/airflow/dags/dog_api_pipeline.py
[2024-01-20T05:17:38.009+0000] {logging_mixin.py:188} INFO - [2024-01-20T05:17:38.008+0000] {dag.py:3033} INFO - Sync 1 DAGs
[2024-01-20T05:17:38.030+0000] {logging_mixin.py:188} INFO - [2024-01-20T05:17:38.030+0000] {dag.py:3820} INFO - Setting next_dagrun for dog_api_pipeline to None, run_after=None
[2024-01-20T05:17:38.084+0000] {processor.py:183} INFO - Processing /opt/airflow/dags/dog_api_pipeline.py took 0.147 seconds
[2024-01-20T05:18:08.209+0000] {processor.py:161} INFO - Started process (PID=1315) to work on /opt/airflow/dags/dog_api_pipeline.py
[2024-01-20T05:18:08.210+0000] {processor.py:830} INFO - Processing file /opt/airflow/dags/dog_api_pipeline.py for tasks to queue
[2024-01-20T05:18:08.210+0000] {logging_mixin.py:188} INFO - [2024-01-20T05:18:08.210+0000] {dagbag.py:538} INFO - Filling up the DagBag from /opt/airflow/dags/dog_api_pipeline.py
[2024-01-20T05:18:08.217+0000] {processor.py:840} INFO - DAG(s) 'dog_api_pipeline' retrieved from /opt/airflow/dags/dog_api_pipeline.py
[2024-01-20T05:18:08.238+0000] {logging_mixin.py:188} INFO - [2024-01-20T05:18:08.238+0000] {dag.py:3033} INFO - Sync 1 DAGs
[2024-01-20T05:18:08.248+0000] {logging_mixin.py:188} INFO - [2024-01-20T05:18:08.248+0000] {dag.py:3820} INFO - Setting next_dagrun for dog_api_pipeline to None, run_after=None
[2024-01-20T05:18:08.268+0000] {processor.py:183} INFO - Processing /opt/airflow/dags/dog_api_pipeline.py took 0.062 seconds
[2024-01-20T05:18:38.344+0000] {processor.py:161} INFO - Started process (PID=1336) to work on /opt/airflow/dags/dog_api_pipeline.py
[2024-01-20T05:18:38.345+0000] {processor.py:830} INFO - Processing file /opt/airflow/dags/dog_api_pipeline.py for tasks to queue
[2024-01-20T05:18:38.345+0000] {logging_mixin.py:188} INFO - [2024-01-20T05:18:38.345+0000] {dagbag.py:538} INFO - Filling up the DagBag from /opt/airflow/dags/dog_api_pipeline.py
[2024-01-20T05:18:38.352+0000] {processor.py:840} INFO - DAG(s) 'dog_api_pipeline' retrieved from /opt/airflow/dags/dog_api_pipeline.py
[2024-01-20T05:18:38.375+0000] {logging_mixin.py:188} INFO - [2024-01-20T05:18:38.375+0000] {dag.py:3033} INFO - Sync 1 DAGs
[2024-01-20T05:18:38.384+0000] {logging_mixin.py:188} INFO - [2024-01-20T05:18:38.384+0000] {dag.py:3820} INFO - Setting next_dagrun for dog_api_pipeline to None, run_after=None
[2024-01-20T05:18:38.403+0000] {processor.py:183} INFO - Processing /opt/airflow/dags/dog_api_pipeline.py took 0.062 seconds
[2024-01-20T05:19:08.488+0000] {processor.py:161} INFO - Started process (PID=1366) to work on /opt/airflow/dags/dog_api_pipeline.py
[2024-01-20T05:19:08.489+0000] {processor.py:830} INFO - Processing file /opt/airflow/dags/dog_api_pipeline.py for tasks to queue
[2024-01-20T05:19:08.490+0000] {logging_mixin.py:188} INFO - [2024-01-20T05:19:08.490+0000] {dagbag.py:538} INFO - Filling up the DagBag from /opt/airflow/dags/dog_api_pipeline.py
[2024-01-20T05:19:08.496+0000] {processor.py:840} INFO - DAG(s) 'dog_api_pipeline' retrieved from /opt/airflow/dags/dog_api_pipeline.py
[2024-01-20T05:19:08.517+0000] {logging_mixin.py:188} INFO - [2024-01-20T05:19:08.517+0000] {dag.py:3033} INFO - Sync 1 DAGs
[2024-01-20T05:19:08.526+0000] {logging_mixin.py:188} INFO - [2024-01-20T05:19:08.526+0000] {dag.py:3820} INFO - Setting next_dagrun for dog_api_pipeline to None, run_after=None
[2024-01-20T05:19:08.548+0000] {processor.py:183} INFO - Processing /opt/airflow/dags/dog_api_pipeline.py took 0.063 seconds
[2024-01-20T05:19:38.616+0000] {processor.py:161} INFO - Started process (PID=1387) to work on /opt/airflow/dags/dog_api_pipeline.py
[2024-01-20T05:19:38.617+0000] {processor.py:830} INFO - Processing file /opt/airflow/dags/dog_api_pipeline.py for tasks to queue
[2024-01-20T05:19:38.618+0000] {logging_mixin.py:188} INFO - [2024-01-20T05:19:38.618+0000] {dagbag.py:538} INFO - Filling up the DagBag from /opt/airflow/dags/dog_api_pipeline.py
[2024-01-20T05:19:38.625+0000] {processor.py:840} INFO - DAG(s) 'dog_api_pipeline' retrieved from /opt/airflow/dags/dog_api_pipeline.py
[2024-01-20T05:19:38.646+0000] {logging_mixin.py:188} INFO - [2024-01-20T05:19:38.646+0000] {dag.py:3033} INFO - Sync 1 DAGs
[2024-01-20T05:19:38.655+0000] {logging_mixin.py:188} INFO - [2024-01-20T05:19:38.655+0000] {dag.py:3820} INFO - Setting next_dagrun for dog_api_pipeline to None, run_after=None
[2024-01-20T05:19:38.674+0000] {processor.py:183} INFO - Processing /opt/airflow/dags/dog_api_pipeline.py took 0.060 seconds
[2024-01-20T05:20:08.805+0000] {processor.py:161} INFO - Started process (PID=1417) to work on /opt/airflow/dags/dog_api_pipeline.py
[2024-01-20T05:20:08.806+0000] {processor.py:830} INFO - Processing file /opt/airflow/dags/dog_api_pipeline.py for tasks to queue
[2024-01-20T05:20:08.807+0000] {logging_mixin.py:188} INFO - [2024-01-20T05:20:08.807+0000] {dagbag.py:538} INFO - Filling up the DagBag from /opt/airflow/dags/dog_api_pipeline.py
[2024-01-20T05:20:08.816+0000] {processor.py:840} INFO - DAG(s) 'dog_api_pipeline' retrieved from /opt/airflow/dags/dog_api_pipeline.py
[2024-01-20T05:20:08.844+0000] {logging_mixin.py:188} INFO - [2024-01-20T05:20:08.844+0000] {dag.py:3033} INFO - Sync 1 DAGs
[2024-01-20T05:20:08.862+0000] {logging_mixin.py:188} INFO - [2024-01-20T05:20:08.862+0000] {dag.py:3820} INFO - Setting next_dagrun for dog_api_pipeline to None, run_after=None
[2024-01-20T05:20:08.900+0000] {processor.py:183} INFO - Processing /opt/airflow/dags/dog_api_pipeline.py took 0.098 seconds
[2024-01-20T05:20:38.958+0000] {processor.py:161} INFO - Started process (PID=1440) to work on /opt/airflow/dags/dog_api_pipeline.py
[2024-01-20T05:20:38.959+0000] {processor.py:830} INFO - Processing file /opt/airflow/dags/dog_api_pipeline.py for tasks to queue
[2024-01-20T05:20:38.960+0000] {logging_mixin.py:188} INFO - [2024-01-20T05:20:38.959+0000] {dagbag.py:538} INFO - Filling up the DagBag from /opt/airflow/dags/dog_api_pipeline.py
[2024-01-20T05:20:38.969+0000] {processor.py:840} INFO - DAG(s) 'dog_api_pipeline' retrieved from /opt/airflow/dags/dog_api_pipeline.py
[2024-01-20T05:20:39.004+0000] {logging_mixin.py:188} INFO - [2024-01-20T05:20:39.004+0000] {dag.py:3033} INFO - Sync 1 DAGs
[2024-01-20T05:20:39.020+0000] {logging_mixin.py:188} INFO - [2024-01-20T05:20:39.020+0000] {dag.py:3820} INFO - Setting next_dagrun for dog_api_pipeline to None, run_after=None
[2024-01-20T05:20:39.042+0000] {processor.py:183} INFO - Processing /opt/airflow/dags/dog_api_pipeline.py took 0.088 seconds
[2024-01-20T05:21:09.160+0000] {processor.py:161} INFO - Started process (PID=1464) to work on /opt/airflow/dags/dog_api_pipeline.py
[2024-01-20T05:21:09.161+0000] {processor.py:830} INFO - Processing file /opt/airflow/dags/dog_api_pipeline.py for tasks to queue
[2024-01-20T05:21:09.161+0000] {logging_mixin.py:188} INFO - [2024-01-20T05:21:09.161+0000] {dagbag.py:538} INFO - Filling up the DagBag from /opt/airflow/dags/dog_api_pipeline.py
[2024-01-20T05:21:09.170+0000] {processor.py:840} INFO - DAG(s) 'dog_api_pipeline' retrieved from /opt/airflow/dags/dog_api_pipeline.py
[2024-01-20T05:21:09.197+0000] {logging_mixin.py:188} INFO - [2024-01-20T05:21:09.197+0000] {dag.py:3033} INFO - Sync 1 DAGs
[2024-01-20T05:21:09.206+0000] {logging_mixin.py:188} INFO - [2024-01-20T05:21:09.206+0000] {dag.py:3820} INFO - Setting next_dagrun for dog_api_pipeline to None, run_after=None
[2024-01-20T05:21:09.226+0000] {processor.py:183} INFO - Processing /opt/airflow/dags/dog_api_pipeline.py took 0.068 seconds
[2024-01-20T05:21:39.297+0000] {processor.py:161} INFO - Started process (PID=1495) to work on /opt/airflow/dags/dog_api_pipeline.py
[2024-01-20T05:21:39.298+0000] {processor.py:830} INFO - Processing file /opt/airflow/dags/dog_api_pipeline.py for tasks to queue
[2024-01-20T05:21:39.299+0000] {logging_mixin.py:188} INFO - [2024-01-20T05:21:39.298+0000] {dagbag.py:538} INFO - Filling up the DagBag from /opt/airflow/dags/dog_api_pipeline.py
[2024-01-20T05:21:39.308+0000] {processor.py:840} INFO - DAG(s) 'dog_api_pipeline' retrieved from /opt/airflow/dags/dog_api_pipeline.py
[2024-01-20T05:21:39.343+0000] {logging_mixin.py:188} INFO - [2024-01-20T05:21:39.343+0000] {dag.py:3033} INFO - Sync 1 DAGs
[2024-01-20T05:21:39.358+0000] {logging_mixin.py:188} INFO - [2024-01-20T05:21:39.358+0000] {dag.py:3820} INFO - Setting next_dagrun for dog_api_pipeline to None, run_after=None
[2024-01-20T05:21:39.382+0000] {processor.py:183} INFO - Processing /opt/airflow/dags/dog_api_pipeline.py took 0.089 seconds
[2024-01-20T05:22:09.457+0000] {processor.py:161} INFO - Started process (PID=1518) to work on /opt/airflow/dags/dog_api_pipeline.py
[2024-01-20T05:22:09.458+0000] {processor.py:830} INFO - Processing file /opt/airflow/dags/dog_api_pipeline.py for tasks to queue
[2024-01-20T05:22:09.459+0000] {logging_mixin.py:188} INFO - [2024-01-20T05:22:09.459+0000] {dagbag.py:538} INFO - Filling up the DagBag from /opt/airflow/dags/dog_api_pipeline.py
[2024-01-20T05:22:09.466+0000] {processor.py:840} INFO - DAG(s) 'dog_api_pipeline' retrieved from /opt/airflow/dags/dog_api_pipeline.py
[2024-01-20T05:22:09.490+0000] {logging_mixin.py:188} INFO - [2024-01-20T05:22:09.490+0000] {dag.py:3033} INFO - Sync 1 DAGs
[2024-01-20T05:22:09.501+0000] {logging_mixin.py:188} INFO - [2024-01-20T05:22:09.500+0000] {dag.py:3820} INFO - Setting next_dagrun for dog_api_pipeline to None, run_after=None
[2024-01-20T05:22:09.521+0000] {processor.py:183} INFO - Processing /opt/airflow/dags/dog_api_pipeline.py took 0.066 seconds
[2024-01-20T05:22:39.623+0000] {processor.py:161} INFO - Started process (PID=1540) to work on /opt/airflow/dags/dog_api_pipeline.py
[2024-01-20T05:22:39.626+0000] {processor.py:830} INFO - Processing file /opt/airflow/dags/dog_api_pipeline.py for tasks to queue
[2024-01-20T05:22:39.627+0000] {logging_mixin.py:188} INFO - [2024-01-20T05:22:39.626+0000] {dagbag.py:538} INFO - Filling up the DagBag from /opt/airflow/dags/dog_api_pipeline.py
[2024-01-20T05:22:39.636+0000] {processor.py:840} INFO - DAG(s) 'dog_api_pipeline' retrieved from /opt/airflow/dags/dog_api_pipeline.py
[2024-01-20T05:22:39.663+0000] {logging_mixin.py:188} INFO - [2024-01-20T05:22:39.663+0000] {dag.py:3033} INFO - Sync 1 DAGs
[2024-01-20T05:22:39.677+0000] {logging_mixin.py:188} INFO - [2024-01-20T05:22:39.677+0000] {dag.py:3820} INFO - Setting next_dagrun for dog_api_pipeline to None, run_after=None
[2024-01-20T05:22:39.700+0000] {processor.py:183} INFO - Processing /opt/airflow/dags/dog_api_pipeline.py took 0.079 seconds
[2024-01-20T05:23:09.767+0000] {processor.py:161} INFO - Started process (PID=1571) to work on /opt/airflow/dags/dog_api_pipeline.py
[2024-01-20T05:23:09.768+0000] {processor.py:830} INFO - Processing file /opt/airflow/dags/dog_api_pipeline.py for tasks to queue
[2024-01-20T05:23:09.769+0000] {logging_mixin.py:188} INFO - [2024-01-20T05:23:09.769+0000] {dagbag.py:538} INFO - Filling up the DagBag from /opt/airflow/dags/dog_api_pipeline.py
[2024-01-20T05:23:09.777+0000] {processor.py:840} INFO - DAG(s) 'dog_api_pipeline' retrieved from /opt/airflow/dags/dog_api_pipeline.py
[2024-01-20T05:23:09.799+0000] {logging_mixin.py:188} INFO - [2024-01-20T05:23:09.799+0000] {dag.py:3033} INFO - Sync 1 DAGs
[2024-01-20T05:23:09.810+0000] {logging_mixin.py:188} INFO - [2024-01-20T05:23:09.810+0000] {dag.py:3820} INFO - Setting next_dagrun for dog_api_pipeline to None, run_after=None
[2024-01-20T05:23:09.829+0000] {processor.py:183} INFO - Processing /opt/airflow/dags/dog_api_pipeline.py took 0.065 seconds
[2024-01-20T05:23:39.973+0000] {processor.py:161} INFO - Started process (PID=1594) to work on /opt/airflow/dags/dog_api_pipeline.py
[2024-01-20T05:23:39.974+0000] {processor.py:830} INFO - Processing file /opt/airflow/dags/dog_api_pipeline.py for tasks to queue
[2024-01-20T05:23:39.975+0000] {logging_mixin.py:188} INFO - [2024-01-20T05:23:39.975+0000] {dagbag.py:538} INFO - Filling up the DagBag from /opt/airflow/dags/dog_api_pipeline.py
[2024-01-20T05:23:39.981+0000] {processor.py:840} INFO - DAG(s) 'dog_api_pipeline' retrieved from /opt/airflow/dags/dog_api_pipeline.py
[2024-01-20T05:23:40.002+0000] {logging_mixin.py:188} INFO - [2024-01-20T05:23:40.001+0000] {dag.py:3033} INFO - Sync 1 DAGs
[2024-01-20T05:23:40.011+0000] {logging_mixin.py:188} INFO - [2024-01-20T05:23:40.011+0000] {dag.py:3820} INFO - Setting next_dagrun for dog_api_pipeline to None, run_after=None
[2024-01-20T05:23:40.029+0000] {processor.py:183} INFO - Processing /opt/airflow/dags/dog_api_pipeline.py took 0.058 seconds
[2024-01-20T05:24:10.121+0000] {processor.py:161} INFO - Started process (PID=1626) to work on /opt/airflow/dags/dog_api_pipeline.py
[2024-01-20T05:24:10.122+0000] {processor.py:830} INFO - Processing file /opt/airflow/dags/dog_api_pipeline.py for tasks to queue
[2024-01-20T05:24:10.123+0000] {logging_mixin.py:188} INFO - [2024-01-20T05:24:10.123+0000] {dagbag.py:538} INFO - Filling up the DagBag from /opt/airflow/dags/dog_api_pipeline.py
[2024-01-20T05:24:10.133+0000] {processor.py:840} INFO - DAG(s) 'dog_api_pipeline' retrieved from /opt/airflow/dags/dog_api_pipeline.py
[2024-01-20T05:24:10.160+0000] {logging_mixin.py:188} INFO - [2024-01-20T05:24:10.160+0000] {dag.py:3033} INFO - Sync 1 DAGs
[2024-01-20T05:24:10.174+0000] {logging_mixin.py:188} INFO - [2024-01-20T05:24:10.174+0000] {dag.py:3820} INFO - Setting next_dagrun for dog_api_pipeline to None, run_after=None
[2024-01-20T05:24:10.198+0000] {processor.py:183} INFO - Processing /opt/airflow/dags/dog_api_pipeline.py took 0.081 seconds
[2024-01-20T05:24:40.258+0000] {processor.py:161} INFO - Started process (PID=1648) to work on /opt/airflow/dags/dog_api_pipeline.py
[2024-01-20T05:24:40.259+0000] {processor.py:830} INFO - Processing file /opt/airflow/dags/dog_api_pipeline.py for tasks to queue
[2024-01-20T05:24:40.260+0000] {logging_mixin.py:188} INFO - [2024-01-20T05:24:40.260+0000] {dagbag.py:538} INFO - Filling up the DagBag from /opt/airflow/dags/dog_api_pipeline.py
[2024-01-20T05:24:40.266+0000] {processor.py:840} INFO - DAG(s) 'dog_api_pipeline' retrieved from /opt/airflow/dags/dog_api_pipeline.py
[2024-01-20T05:24:40.288+0000] {logging_mixin.py:188} INFO - [2024-01-20T05:24:40.288+0000] {dag.py:3033} INFO - Sync 1 DAGs
[2024-01-20T05:24:40.298+0000] {logging_mixin.py:188} INFO - [2024-01-20T05:24:40.298+0000] {dag.py:3820} INFO - Setting next_dagrun for dog_api_pipeline to None, run_after=None
[2024-01-20T05:24:40.317+0000] {processor.py:183} INFO - Processing /opt/airflow/dags/dog_api_pipeline.py took 0.061 seconds
[2024-01-20T05:25:10.445+0000] {processor.py:161} INFO - Started process (PID=1670) to work on /opt/airflow/dags/dog_api_pipeline.py
[2024-01-20T05:25:10.446+0000] {processor.py:830} INFO - Processing file /opt/airflow/dags/dog_api_pipeline.py for tasks to queue
[2024-01-20T05:25:10.447+0000] {logging_mixin.py:188} INFO - [2024-01-20T05:25:10.447+0000] {dagbag.py:538} INFO - Filling up the DagBag from /opt/airflow/dags/dog_api_pipeline.py
[2024-01-20T05:25:10.454+0000] {processor.py:840} INFO - DAG(s) 'dog_api_pipeline' retrieved from /opt/airflow/dags/dog_api_pipeline.py
[2024-01-20T05:25:10.476+0000] {logging_mixin.py:188} INFO - [2024-01-20T05:25:10.476+0000] {dag.py:3033} INFO - Sync 1 DAGs
[2024-01-20T05:25:10.486+0000] {logging_mixin.py:188} INFO - [2024-01-20T05:25:10.486+0000] {dag.py:3820} INFO - Setting next_dagrun for dog_api_pipeline to None, run_after=None
[2024-01-20T05:25:10.505+0000] {processor.py:183} INFO - Processing /opt/airflow/dags/dog_api_pipeline.py took 0.063 seconds
[2024-01-20T05:25:40.564+0000] {processor.py:161} INFO - Started process (PID=1702) to work on /opt/airflow/dags/dog_api_pipeline.py
[2024-01-20T05:25:40.564+0000] {processor.py:830} INFO - Processing file /opt/airflow/dags/dog_api_pipeline.py for tasks to queue
[2024-01-20T05:25:40.565+0000] {logging_mixin.py:188} INFO - [2024-01-20T05:25:40.565+0000] {dagbag.py:538} INFO - Filling up the DagBag from /opt/airflow/dags/dog_api_pipeline.py
[2024-01-20T05:25:40.572+0000] {processor.py:840} INFO - DAG(s) 'dog_api_pipeline' retrieved from /opt/airflow/dags/dog_api_pipeline.py
[2024-01-20T05:25:40.595+0000] {logging_mixin.py:188} INFO - [2024-01-20T05:25:40.595+0000] {dag.py:3033} INFO - Sync 1 DAGs
[2024-01-20T05:25:40.605+0000] {logging_mixin.py:188} INFO - [2024-01-20T05:25:40.605+0000] {dag.py:3820} INFO - Setting next_dagrun for dog_api_pipeline to None, run_after=None
[2024-01-20T05:25:40.628+0000] {processor.py:183} INFO - Processing /opt/airflow/dags/dog_api_pipeline.py took 0.067 seconds
[2024-01-20T05:26:10.730+0000] {processor.py:161} INFO - Started process (PID=1726) to work on /opt/airflow/dags/dog_api_pipeline.py
[2024-01-20T05:26:10.731+0000] {processor.py:830} INFO - Processing file /opt/airflow/dags/dog_api_pipeline.py for tasks to queue
[2024-01-20T05:26:10.732+0000] {logging_mixin.py:188} INFO - [2024-01-20T05:26:10.731+0000] {dagbag.py:538} INFO - Filling up the DagBag from /opt/airflow/dags/dog_api_pipeline.py
[2024-01-20T05:26:10.738+0000] {processor.py:840} INFO - DAG(s) 'dog_api_pipeline' retrieved from /opt/airflow/dags/dog_api_pipeline.py
[2024-01-20T05:26:10.758+0000] {logging_mixin.py:188} INFO - [2024-01-20T05:26:10.758+0000] {dag.py:3033} INFO - Sync 1 DAGs
[2024-01-20T05:26:10.768+0000] {logging_mixin.py:188} INFO - [2024-01-20T05:26:10.768+0000] {dag.py:3820} INFO - Setting next_dagrun for dog_api_pipeline to None, run_after=None
[2024-01-20T05:26:10.789+0000] {processor.py:183} INFO - Processing /opt/airflow/dags/dog_api_pipeline.py took 0.061 seconds
[2024-01-20T05:26:40.892+0000] {processor.py:161} INFO - Started process (PID=1758) to work on /opt/airflow/dags/dog_api_pipeline.py
[2024-01-20T05:26:40.893+0000] {processor.py:830} INFO - Processing file /opt/airflow/dags/dog_api_pipeline.py for tasks to queue
[2024-01-20T05:26:40.894+0000] {logging_mixin.py:188} INFO - [2024-01-20T05:26:40.894+0000] {dagbag.py:538} INFO - Filling up the DagBag from /opt/airflow/dags/dog_api_pipeline.py
[2024-01-20T05:26:40.920+0000] {processor.py:840} INFO - DAG(s) 'dog_api_pipeline' retrieved from /opt/airflow/dags/dog_api_pipeline.py
[2024-01-20T05:26:40.971+0000] {logging_mixin.py:188} INFO - [2024-01-20T05:26:40.971+0000] {dag.py:3033} INFO - Sync 1 DAGs
[2024-01-20T05:26:41.006+0000] {logging_mixin.py:188} INFO - [2024-01-20T05:26:41.006+0000] {dag.py:3820} INFO - Setting next_dagrun for dog_api_pipeline to None, run_after=None
[2024-01-20T05:26:41.038+0000] {processor.py:183} INFO - Processing /opt/airflow/dags/dog_api_pipeline.py took 0.150 seconds
[2024-01-20T05:27:11.170+0000] {processor.py:161} INFO - Started process (PID=1780) to work on /opt/airflow/dags/dog_api_pipeline.py
[2024-01-20T05:27:11.171+0000] {processor.py:830} INFO - Processing file /opt/airflow/dags/dog_api_pipeline.py for tasks to queue
[2024-01-20T05:27:11.172+0000] {logging_mixin.py:188} INFO - [2024-01-20T05:27:11.172+0000] {dagbag.py:538} INFO - Filling up the DagBag from /opt/airflow/dags/dog_api_pipeline.py
[2024-01-20T05:27:11.184+0000] {processor.py:840} INFO - DAG(s) 'dog_api_pipeline' retrieved from /opt/airflow/dags/dog_api_pipeline.py
[2024-01-20T05:27:11.211+0000] {logging_mixin.py:188} INFO - [2024-01-20T05:27:11.210+0000] {dag.py:3033} INFO - Sync 1 DAGs
[2024-01-20T05:27:11.225+0000] {logging_mixin.py:188} INFO - [2024-01-20T05:27:11.224+0000] {dag.py:3820} INFO - Setting next_dagrun for dog_api_pipeline to None, run_after=None
[2024-01-20T05:27:11.247+0000] {processor.py:183} INFO - Processing /opt/airflow/dags/dog_api_pipeline.py took 0.081 seconds
[2024-01-20T05:27:41.298+0000] {processor.py:161} INFO - Started process (PID=1803) to work on /opt/airflow/dags/dog_api_pipeline.py
[2024-01-20T05:27:41.298+0000] {processor.py:830} INFO - Processing file /opt/airflow/dags/dog_api_pipeline.py for tasks to queue
[2024-01-20T05:27:41.299+0000] {logging_mixin.py:188} INFO - [2024-01-20T05:27:41.299+0000] {dagbag.py:538} INFO - Filling up the DagBag from /opt/airflow/dags/dog_api_pipeline.py
[2024-01-20T05:27:41.306+0000] {processor.py:840} INFO - DAG(s) 'dog_api_pipeline' retrieved from /opt/airflow/dags/dog_api_pipeline.py
[2024-01-20T05:27:41.326+0000] {logging_mixin.py:188} INFO - [2024-01-20T05:27:41.326+0000] {dag.py:3033} INFO - Sync 1 DAGs
[2024-01-20T05:27:41.336+0000] {logging_mixin.py:188} INFO - [2024-01-20T05:27:41.336+0000] {dag.py:3820} INFO - Setting next_dagrun for dog_api_pipeline to None, run_after=None
[2024-01-20T05:27:41.355+0000] {processor.py:183} INFO - Processing /opt/airflow/dags/dog_api_pipeline.py took 0.060 seconds
[2024-01-20T05:28:11.484+0000] {processor.py:161} INFO - Started process (PID=1834) to work on /opt/airflow/dags/dog_api_pipeline.py
[2024-01-20T05:28:11.485+0000] {processor.py:830} INFO - Processing file /opt/airflow/dags/dog_api_pipeline.py for tasks to queue
[2024-01-20T05:28:11.486+0000] {logging_mixin.py:188} INFO - [2024-01-20T05:28:11.486+0000] {dagbag.py:538} INFO - Filling up the DagBag from /opt/airflow/dags/dog_api_pipeline.py
[2024-01-20T05:28:11.500+0000] {processor.py:840} INFO - DAG(s) 'dog_api_pipeline' retrieved from /opt/airflow/dags/dog_api_pipeline.py
[2024-01-20T05:28:11.538+0000] {logging_mixin.py:188} INFO - [2024-01-20T05:28:11.537+0000] {dag.py:3033} INFO - Sync 1 DAGs
[2024-01-20T05:28:11.548+0000] {logging_mixin.py:188} INFO - [2024-01-20T05:28:11.548+0000] {dag.py:3820} INFO - Setting next_dagrun for dog_api_pipeline to None, run_after=None
[2024-01-20T05:28:11.570+0000] {processor.py:183} INFO - Processing /opt/airflow/dags/dog_api_pipeline.py took 0.088 seconds
[2024-01-20T05:28:41.621+0000] {processor.py:161} INFO - Started process (PID=1855) to work on /opt/airflow/dags/dog_api_pipeline.py
[2024-01-20T05:28:41.622+0000] {processor.py:830} INFO - Processing file /opt/airflow/dags/dog_api_pipeline.py for tasks to queue
[2024-01-20T05:28:41.622+0000] {logging_mixin.py:188} INFO - [2024-01-20T05:28:41.622+0000] {dagbag.py:538} INFO - Filling up the DagBag from /opt/airflow/dags/dog_api_pipeline.py
[2024-01-20T05:28:41.629+0000] {processor.py:840} INFO - DAG(s) 'dog_api_pipeline' retrieved from /opt/airflow/dags/dog_api_pipeline.py
[2024-01-20T05:28:41.650+0000] {logging_mixin.py:188} INFO - [2024-01-20T05:28:41.650+0000] {dag.py:3033} INFO - Sync 1 DAGs
[2024-01-20T05:28:41.660+0000] {logging_mixin.py:188} INFO - [2024-01-20T05:28:41.660+0000] {dag.py:3820} INFO - Setting next_dagrun for dog_api_pipeline to None, run_after=None
[2024-01-20T05:28:41.679+0000] {processor.py:183} INFO - Processing /opt/airflow/dags/dog_api_pipeline.py took 0.060 seconds
[2024-01-20T05:29:11.812+0000] {processor.py:161} INFO - Started process (PID=1885) to work on /opt/airflow/dags/dog_api_pipeline.py
[2024-01-20T05:29:11.813+0000] {processor.py:830} INFO - Processing file /opt/airflow/dags/dog_api_pipeline.py for tasks to queue
[2024-01-20T05:29:11.813+0000] {logging_mixin.py:188} INFO - [2024-01-20T05:29:11.813+0000] {dagbag.py:538} INFO - Filling up the DagBag from /opt/airflow/dags/dog_api_pipeline.py
[2024-01-20T05:29:11.822+0000] {processor.py:840} INFO - DAG(s) 'dog_api_pipeline' retrieved from /opt/airflow/dags/dog_api_pipeline.py
[2024-01-20T05:29:11.851+0000] {logging_mixin.py:188} INFO - [2024-01-20T05:29:11.850+0000] {dag.py:3033} INFO - Sync 1 DAGs
[2024-01-20T05:29:11.865+0000] {logging_mixin.py:188} INFO - [2024-01-20T05:29:11.865+0000] {dag.py:3820} INFO - Setting next_dagrun for dog_api_pipeline to None, run_after=None
[2024-01-20T05:29:11.887+0000] {processor.py:183} INFO - Processing /opt/airflow/dags/dog_api_pipeline.py took 0.079 seconds
[2024-01-20T05:29:41.931+0000] {processor.py:161} INFO - Started process (PID=1907) to work on /opt/airflow/dags/dog_api_pipeline.py
[2024-01-20T05:29:41.932+0000] {processor.py:830} INFO - Processing file /opt/airflow/dags/dog_api_pipeline.py for tasks to queue
[2024-01-20T05:29:41.933+0000] {logging_mixin.py:188} INFO - [2024-01-20T05:29:41.932+0000] {dagbag.py:538} INFO - Filling up the DagBag from /opt/airflow/dags/dog_api_pipeline.py
[2024-01-20T05:29:41.940+0000] {processor.py:840} INFO - DAG(s) 'dog_api_pipeline' retrieved from /opt/airflow/dags/dog_api_pipeline.py
[2024-01-20T05:29:41.964+0000] {logging_mixin.py:188} INFO - [2024-01-20T05:29:41.964+0000] {dag.py:3033} INFO - Sync 1 DAGs
[2024-01-20T05:29:41.977+0000] {logging_mixin.py:188} INFO - [2024-01-20T05:29:41.976+0000] {dag.py:3820} INFO - Setting next_dagrun for dog_api_pipeline to None, run_after=None
[2024-01-20T05:29:41.996+0000] {processor.py:183} INFO - Processing /opt/airflow/dags/dog_api_pipeline.py took 0.067 seconds
[2024-01-20T05:30:12.116+0000] {processor.py:161} INFO - Started process (PID=1929) to work on /opt/airflow/dags/dog_api_pipeline.py
[2024-01-20T05:30:12.116+0000] {processor.py:830} INFO - Processing file /opt/airflow/dags/dog_api_pipeline.py for tasks to queue
[2024-01-20T05:30:12.117+0000] {logging_mixin.py:188} INFO - [2024-01-20T05:30:12.117+0000] {dagbag.py:538} INFO - Filling up the DagBag from /opt/airflow/dags/dog_api_pipeline.py
[2024-01-20T05:30:12.123+0000] {processor.py:840} INFO - DAG(s) 'dog_api_pipeline' retrieved from /opt/airflow/dags/dog_api_pipeline.py
[2024-01-20T05:30:12.144+0000] {logging_mixin.py:188} INFO - [2024-01-20T05:30:12.144+0000] {dag.py:3033} INFO - Sync 1 DAGs
[2024-01-20T05:30:12.153+0000] {logging_mixin.py:188} INFO - [2024-01-20T05:30:12.153+0000] {dag.py:3820} INFO - Setting next_dagrun for dog_api_pipeline to None, run_after=None
[2024-01-20T05:30:12.175+0000] {processor.py:183} INFO - Processing /opt/airflow/dags/dog_api_pipeline.py took 0.061 seconds
[2024-01-20T05:30:42.267+0000] {processor.py:161} INFO - Started process (PID=1959) to work on /opt/airflow/dags/dog_api_pipeline.py
[2024-01-20T05:30:42.268+0000] {processor.py:830} INFO - Processing file /opt/airflow/dags/dog_api_pipeline.py for tasks to queue
[2024-01-20T05:30:42.269+0000] {logging_mixin.py:188} INFO - [2024-01-20T05:30:42.269+0000] {dagbag.py:538} INFO - Filling up the DagBag from /opt/airflow/dags/dog_api_pipeline.py
[2024-01-20T05:30:42.280+0000] {processor.py:840} INFO - DAG(s) 'dog_api_pipeline' retrieved from /opt/airflow/dags/dog_api_pipeline.py
[2024-01-20T05:30:42.314+0000] {logging_mixin.py:188} INFO - [2024-01-20T05:30:42.314+0000] {dag.py:3033} INFO - Sync 1 DAGs
[2024-01-20T05:30:42.331+0000] {logging_mixin.py:188} INFO - [2024-01-20T05:30:42.331+0000] {dag.py:3820} INFO - Setting next_dagrun for dog_api_pipeline to None, run_after=None
[2024-01-20T05:30:42.357+0000] {processor.py:183} INFO - Processing /opt/airflow/dags/dog_api_pipeline.py took 0.094 seconds
[2024-01-20T05:31:12.404+0000] {processor.py:161} INFO - Started process (PID=1982) to work on /opt/airflow/dags/dog_api_pipeline.py
[2024-01-20T05:31:12.405+0000] {processor.py:830} INFO - Processing file /opt/airflow/dags/dog_api_pipeline.py for tasks to queue
[2024-01-20T05:31:12.405+0000] {logging_mixin.py:188} INFO - [2024-01-20T05:31:12.405+0000] {dagbag.py:538} INFO - Filling up the DagBag from /opt/airflow/dags/dog_api_pipeline.py
[2024-01-20T05:31:12.412+0000] {processor.py:840} INFO - DAG(s) 'dog_api_pipeline' retrieved from /opt/airflow/dags/dog_api_pipeline.py
[2024-01-20T05:31:12.434+0000] {logging_mixin.py:188} INFO - [2024-01-20T05:31:12.434+0000] {dag.py:3033} INFO - Sync 1 DAGs
[2024-01-20T05:31:12.448+0000] {logging_mixin.py:188} INFO - [2024-01-20T05:31:12.448+0000] {dag.py:3820} INFO - Setting next_dagrun for dog_api_pipeline to None, run_after=None
[2024-01-20T05:31:12.471+0000] {processor.py:183} INFO - Processing /opt/airflow/dags/dog_api_pipeline.py took 0.070 seconds
[2024-01-20T05:31:42.630+0000] {processor.py:161} INFO - Started process (PID=2004) to work on /opt/airflow/dags/dog_api_pipeline.py
[2024-01-20T05:31:42.631+0000] {processor.py:830} INFO - Processing file /opt/airflow/dags/dog_api_pipeline.py for tasks to queue
[2024-01-20T05:31:42.632+0000] {logging_mixin.py:188} INFO - [2024-01-20T05:31:42.632+0000] {dagbag.py:538} INFO - Filling up the DagBag from /opt/airflow/dags/dog_api_pipeline.py
[2024-01-20T05:31:42.638+0000] {processor.py:840} INFO - DAG(s) 'dog_api_pipeline' retrieved from /opt/airflow/dags/dog_api_pipeline.py
[2024-01-20T05:31:42.659+0000] {logging_mixin.py:188} INFO - [2024-01-20T05:31:42.659+0000] {dag.py:3033} INFO - Sync 1 DAGs
[2024-01-20T05:31:42.668+0000] {logging_mixin.py:188} INFO - [2024-01-20T05:31:42.668+0000] {dag.py:3820} INFO - Setting next_dagrun for dog_api_pipeline to None, run_after=None
[2024-01-20T05:31:42.688+0000] {processor.py:183} INFO - Processing /opt/airflow/dags/dog_api_pipeline.py took 0.060 seconds
[2024-01-20T05:32:12.779+0000] {processor.py:161} INFO - Started process (PID=2033) to work on /opt/airflow/dags/dog_api_pipeline.py
[2024-01-20T05:32:12.780+0000] {processor.py:830} INFO - Processing file /opt/airflow/dags/dog_api_pipeline.py for tasks to queue
[2024-01-20T05:32:12.780+0000] {logging_mixin.py:188} INFO - [2024-01-20T05:32:12.780+0000] {dagbag.py:538} INFO - Filling up the DagBag from /opt/airflow/dags/dog_api_pipeline.py
[2024-01-20T05:32:12.787+0000] {processor.py:840} INFO - DAG(s) 'dog_api_pipeline' retrieved from /opt/airflow/dags/dog_api_pipeline.py
[2024-01-20T05:32:12.807+0000] {logging_mixin.py:188} INFO - [2024-01-20T05:32:12.807+0000] {dag.py:3033} INFO - Sync 1 DAGs
[2024-01-20T05:32:12.818+0000] {logging_mixin.py:188} INFO - [2024-01-20T05:32:12.818+0000] {dag.py:3820} INFO - Setting next_dagrun for dog_api_pipeline to None, run_after=None
[2024-01-20T05:32:12.836+0000] {processor.py:183} INFO - Processing /opt/airflow/dags/dog_api_pipeline.py took 0.060 seconds
[2024-01-20T05:32:42.914+0000] {processor.py:161} INFO - Started process (PID=2056) to work on /opt/airflow/dags/dog_api_pipeline.py
[2024-01-20T05:32:42.915+0000] {processor.py:830} INFO - Processing file /opt/airflow/dags/dog_api_pipeline.py for tasks to queue
[2024-01-20T05:32:42.915+0000] {logging_mixin.py:188} INFO - [2024-01-20T05:32:42.915+0000] {dagbag.py:538} INFO - Filling up the DagBag from /opt/airflow/dags/dog_api_pipeline.py
[2024-01-20T05:32:42.922+0000] {processor.py:840} INFO - DAG(s) 'dog_api_pipeline' retrieved from /opt/airflow/dags/dog_api_pipeline.py
[2024-01-20T05:32:42.942+0000] {logging_mixin.py:188} INFO - [2024-01-20T05:32:42.942+0000] {dag.py:3033} INFO - Sync 1 DAGs
[2024-01-20T05:32:42.952+0000] {logging_mixin.py:188} INFO - [2024-01-20T05:32:42.952+0000] {dag.py:3820} INFO - Setting next_dagrun for dog_api_pipeline to None, run_after=None
[2024-01-20T05:32:42.970+0000] {processor.py:183} INFO - Processing /opt/airflow/dags/dog_api_pipeline.py took 0.059 seconds
[2024-01-20T05:33:13.052+0000] {processor.py:161} INFO - Started process (PID=2087) to work on /opt/airflow/dags/dog_api_pipeline.py
[2024-01-20T05:33:13.053+0000] {processor.py:830} INFO - Processing file /opt/airflow/dags/dog_api_pipeline.py for tasks to queue
[2024-01-20T05:33:13.054+0000] {logging_mixin.py:188} INFO - [2024-01-20T05:33:13.054+0000] {dagbag.py:538} INFO - Filling up the DagBag from /opt/airflow/dags/dog_api_pipeline.py
[2024-01-20T05:33:13.064+0000] {processor.py:840} INFO - DAG(s) 'dog_api_pipeline' retrieved from /opt/airflow/dags/dog_api_pipeline.py
[2024-01-20T05:33:13.093+0000] {logging_mixin.py:188} INFO - [2024-01-20T05:33:13.093+0000] {dag.py:3033} INFO - Sync 1 DAGs
[2024-01-20T05:33:13.109+0000] {logging_mixin.py:188} INFO - [2024-01-20T05:33:13.109+0000] {dag.py:3820} INFO - Setting next_dagrun for dog_api_pipeline to None, run_after=None
[2024-01-20T05:33:13.133+0000] {processor.py:183} INFO - Processing /opt/airflow/dags/dog_api_pipeline.py took 0.085 seconds
[2024-01-20T05:33:43.187+0000] {processor.py:161} INFO - Started process (PID=2110) to work on /opt/airflow/dags/dog_api_pipeline.py
[2024-01-20T05:33:43.188+0000] {processor.py:830} INFO - Processing file /opt/airflow/dags/dog_api_pipeline.py for tasks to queue
[2024-01-20T05:33:43.189+0000] {logging_mixin.py:188} INFO - [2024-01-20T05:33:43.188+0000] {dagbag.py:538} INFO - Filling up the DagBag from /opt/airflow/dags/dog_api_pipeline.py
[2024-01-20T05:33:43.195+0000] {processor.py:840} INFO - DAG(s) 'dog_api_pipeline' retrieved from /opt/airflow/dags/dog_api_pipeline.py
[2024-01-20T05:33:43.217+0000] {logging_mixin.py:188} INFO - [2024-01-20T05:33:43.216+0000] {dag.py:3033} INFO - Sync 1 DAGs
[2024-01-20T05:33:43.227+0000] {logging_mixin.py:188} INFO - [2024-01-20T05:33:43.227+0000] {dag.py:3820} INFO - Setting next_dagrun for dog_api_pipeline to None, run_after=None
[2024-01-20T05:33:43.247+0000] {processor.py:183} INFO - Processing /opt/airflow/dags/dog_api_pipeline.py took 0.062 seconds
[2024-01-20T05:34:13.368+0000] {processor.py:161} INFO - Started process (PID=2132) to work on /opt/airflow/dags/dog_api_pipeline.py
[2024-01-20T05:34:13.369+0000] {processor.py:830} INFO - Processing file /opt/airflow/dags/dog_api_pipeline.py for tasks to queue
[2024-01-20T05:34:13.370+0000] {logging_mixin.py:188} INFO - [2024-01-20T05:34:13.370+0000] {dagbag.py:538} INFO - Filling up the DagBag from /opt/airflow/dags/dog_api_pipeline.py
[2024-01-20T05:34:13.377+0000] {processor.py:840} INFO - DAG(s) 'dog_api_pipeline' retrieved from /opt/airflow/dags/dog_api_pipeline.py
[2024-01-20T05:34:13.397+0000] {logging_mixin.py:188} INFO - [2024-01-20T05:34:13.397+0000] {dag.py:3033} INFO - Sync 1 DAGs
[2024-01-20T05:34:13.406+0000] {logging_mixin.py:188} INFO - [2024-01-20T05:34:13.406+0000] {dag.py:3820} INFO - Setting next_dagrun for dog_api_pipeline to None, run_after=None
[2024-01-20T05:34:13.425+0000] {processor.py:183} INFO - Processing /opt/airflow/dags/dog_api_pipeline.py took 0.060 seconds
[2024-01-20T05:34:43.497+0000] {processor.py:161} INFO - Started process (PID=2161) to work on /opt/airflow/dags/dog_api_pipeline.py
[2024-01-20T05:34:43.498+0000] {processor.py:830} INFO - Processing file /opt/airflow/dags/dog_api_pipeline.py for tasks to queue
[2024-01-20T05:34:43.499+0000] {logging_mixin.py:188} INFO - [2024-01-20T05:34:43.499+0000] {dagbag.py:538} INFO - Filling up the DagBag from /opt/airflow/dags/dog_api_pipeline.py
[2024-01-20T05:34:43.507+0000] {processor.py:840} INFO - DAG(s) 'dog_api_pipeline' retrieved from /opt/airflow/dags/dog_api_pipeline.py
[2024-01-20T05:34:43.527+0000] {logging_mixin.py:188} INFO - [2024-01-20T05:34:43.527+0000] {dag.py:3033} INFO - Sync 1 DAGs
[2024-01-20T05:34:43.536+0000] {logging_mixin.py:188} INFO - [2024-01-20T05:34:43.536+0000] {dag.py:3820} INFO - Setting next_dagrun for dog_api_pipeline to None, run_after=None
[2024-01-20T05:34:43.557+0000] {processor.py:183} INFO - Processing /opt/airflow/dags/dog_api_pipeline.py took 0.062 seconds
[2024-01-20T05:35:13.645+0000] {processor.py:161} INFO - Started process (PID=2184) to work on /opt/airflow/dags/dog_api_pipeline.py
[2024-01-20T05:35:13.646+0000] {processor.py:830} INFO - Processing file /opt/airflow/dags/dog_api_pipeline.py for tasks to queue
[2024-01-20T05:35:13.646+0000] {logging_mixin.py:188} INFO - [2024-01-20T05:35:13.646+0000] {dagbag.py:538} INFO - Filling up the DagBag from /opt/airflow/dags/dog_api_pipeline.py
[2024-01-20T05:35:13.653+0000] {processor.py:840} INFO - DAG(s) 'dog_api_pipeline' retrieved from /opt/airflow/dags/dog_api_pipeline.py
[2024-01-20T05:35:13.673+0000] {logging_mixin.py:188} INFO - [2024-01-20T05:35:13.673+0000] {dag.py:3033} INFO - Sync 1 DAGs
[2024-01-20T05:35:13.682+0000] {logging_mixin.py:188} INFO - [2024-01-20T05:35:13.682+0000] {dag.py:3820} INFO - Setting next_dagrun for dog_api_pipeline to None, run_after=None
[2024-01-20T05:35:13.704+0000] {processor.py:183} INFO - Processing /opt/airflow/dags/dog_api_pipeline.py took 0.061 seconds
[2024-01-20T05:35:43.791+0000] {processor.py:161} INFO - Started process (PID=2214) to work on /opt/airflow/dags/dog_api_pipeline.py
[2024-01-20T05:35:43.792+0000] {processor.py:830} INFO - Processing file /opt/airflow/dags/dog_api_pipeline.py for tasks to queue
[2024-01-20T05:35:43.793+0000] {logging_mixin.py:188} INFO - [2024-01-20T05:35:43.793+0000] {dagbag.py:538} INFO - Filling up the DagBag from /opt/airflow/dags/dog_api_pipeline.py
[2024-01-20T05:35:43.804+0000] {processor.py:840} INFO - DAG(s) 'dog_api_pipeline' retrieved from /opt/airflow/dags/dog_api_pipeline.py
[2024-01-20T05:35:43.834+0000] {logging_mixin.py:188} INFO - [2024-01-20T05:35:43.833+0000] {dag.py:3033} INFO - Sync 1 DAGs
[2024-01-20T05:35:43.849+0000] {logging_mixin.py:188} INFO - [2024-01-20T05:35:43.849+0000] {dag.py:3820} INFO - Setting next_dagrun for dog_api_pipeline to None, run_after=None
[2024-01-20T05:35:43.878+0000] {processor.py:183} INFO - Processing /opt/airflow/dags/dog_api_pipeline.py took 0.096 seconds
[2024-01-20T05:36:13.924+0000] {processor.py:161} INFO - Started process (PID=2237) to work on /opt/airflow/dags/dog_api_pipeline.py
[2024-01-20T05:36:13.925+0000] {processor.py:830} INFO - Processing file /opt/airflow/dags/dog_api_pipeline.py for tasks to queue
[2024-01-20T05:36:13.925+0000] {logging_mixin.py:188} INFO - [2024-01-20T05:36:13.925+0000] {dagbag.py:538} INFO - Filling up the DagBag from /opt/airflow/dags/dog_api_pipeline.py
[2024-01-20T05:36:13.935+0000] {processor.py:840} INFO - DAG(s) 'dog_api_pipeline' retrieved from /opt/airflow/dags/dog_api_pipeline.py
[2024-01-20T05:36:13.965+0000] {logging_mixin.py:188} INFO - [2024-01-20T05:36:13.965+0000] {dag.py:3033} INFO - Sync 1 DAGs
[2024-01-20T05:36:13.979+0000] {logging_mixin.py:188} INFO - [2024-01-20T05:36:13.979+0000] {dag.py:3820} INFO - Setting next_dagrun for dog_api_pipeline to None, run_after=None
[2024-01-20T05:36:14.006+0000] {processor.py:183} INFO - Processing /opt/airflow/dags/dog_api_pipeline.py took 0.084 seconds
[2024-01-20T05:36:44.057+0000] {processor.py:161} INFO - Started process (PID=2259) to work on /opt/airflow/dags/dog_api_pipeline.py
[2024-01-20T05:36:44.058+0000] {processor.py:830} INFO - Processing file /opt/airflow/dags/dog_api_pipeline.py for tasks to queue
[2024-01-20T05:36:44.059+0000] {logging_mixin.py:188} INFO - [2024-01-20T05:36:44.059+0000] {dagbag.py:538} INFO - Filling up the DagBag from /opt/airflow/dags/dog_api_pipeline.py
[2024-01-20T05:36:44.066+0000] {processor.py:840} INFO - DAG(s) 'dog_api_pipeline' retrieved from /opt/airflow/dags/dog_api_pipeline.py
[2024-01-20T05:36:44.087+0000] {logging_mixin.py:188} INFO - [2024-01-20T05:36:44.087+0000] {dag.py:3033} INFO - Sync 1 DAGs
[2024-01-20T05:36:44.098+0000] {logging_mixin.py:188} INFO - [2024-01-20T05:36:44.098+0000] {dag.py:3820} INFO - Setting next_dagrun for dog_api_pipeline to None, run_after=None
[2024-01-20T05:36:44.116+0000] {processor.py:183} INFO - Processing /opt/airflow/dags/dog_api_pipeline.py took 0.063 seconds
[2024-01-20T05:37:14.256+0000] {processor.py:161} INFO - Started process (PID=2290) to work on /opt/airflow/dags/dog_api_pipeline.py
[2024-01-20T05:37:14.257+0000] {processor.py:830} INFO - Processing file /opt/airflow/dags/dog_api_pipeline.py for tasks to queue
[2024-01-20T05:37:14.258+0000] {logging_mixin.py:188} INFO - [2024-01-20T05:37:14.258+0000] {dagbag.py:538} INFO - Filling up the DagBag from /opt/airflow/dags/dog_api_pipeline.py
[2024-01-20T05:37:14.267+0000] {processor.py:840} INFO - DAG(s) 'dog_api_pipeline' retrieved from /opt/airflow/dags/dog_api_pipeline.py
[2024-01-20T05:37:14.302+0000] {logging_mixin.py:188} INFO - [2024-01-20T05:37:14.302+0000] {dag.py:3033} INFO - Sync 1 DAGs
[2024-01-20T05:37:14.324+0000] {logging_mixin.py:188} INFO - [2024-01-20T05:37:14.323+0000] {dag.py:3820} INFO - Setting next_dagrun for dog_api_pipeline to None, run_after=None
[2024-01-20T05:37:14.346+0000] {processor.py:183} INFO - Processing /opt/airflow/dags/dog_api_pipeline.py took 0.094 seconds
[2024-01-20T05:37:44.392+0000] {processor.py:161} INFO - Started process (PID=2312) to work on /opt/airflow/dags/dog_api_pipeline.py
[2024-01-20T05:37:44.392+0000] {processor.py:830} INFO - Processing file /opt/airflow/dags/dog_api_pipeline.py for tasks to queue
[2024-01-20T05:37:44.393+0000] {logging_mixin.py:188} INFO - [2024-01-20T05:37:44.393+0000] {dagbag.py:538} INFO - Filling up the DagBag from /opt/airflow/dags/dog_api_pipeline.py
[2024-01-20T05:37:44.400+0000] {processor.py:840} INFO - DAG(s) 'dog_api_pipeline' retrieved from /opt/airflow/dags/dog_api_pipeline.py
[2024-01-20T05:37:44.421+0000] {logging_mixin.py:188} INFO - [2024-01-20T05:37:44.421+0000] {dag.py:3033} INFO - Sync 1 DAGs
[2024-01-20T05:37:44.431+0000] {logging_mixin.py:188} INFO - [2024-01-20T05:37:44.431+0000] {dag.py:3820} INFO - Setting next_dagrun for dog_api_pipeline to None, run_after=None
[2024-01-20T05:37:44.449+0000] {processor.py:183} INFO - Processing /opt/airflow/dags/dog_api_pipeline.py took 0.060 seconds
[2024-01-20T05:38:14.586+0000] {processor.py:161} INFO - Started process (PID=2335) to work on /opt/airflow/dags/dog_api_pipeline.py
[2024-01-20T05:38:14.587+0000] {processor.py:830} INFO - Processing file /opt/airflow/dags/dog_api_pipeline.py for tasks to queue
[2024-01-20T05:38:14.588+0000] {logging_mixin.py:188} INFO - [2024-01-20T05:38:14.588+0000] {dagbag.py:538} INFO - Filling up the DagBag from /opt/airflow/dags/dog_api_pipeline.py
[2024-01-20T05:38:14.595+0000] {processor.py:840} INFO - DAG(s) 'dog_api_pipeline' retrieved from /opt/airflow/dags/dog_api_pipeline.py
[2024-01-20T05:38:14.615+0000] {logging_mixin.py:188} INFO - [2024-01-20T05:38:14.615+0000] {dag.py:3033} INFO - Sync 1 DAGs
[2024-01-20T05:38:14.625+0000] {logging_mixin.py:188} INFO - [2024-01-20T05:38:14.625+0000] {dag.py:3820} INFO - Setting next_dagrun for dog_api_pipeline to None, run_after=None
[2024-01-20T05:38:14.643+0000] {processor.py:183} INFO - Processing /opt/airflow/dags/dog_api_pipeline.py took 0.059 seconds
[2024-01-20T05:38:44.719+0000] {processor.py:161} INFO - Started process (PID=2365) to work on /opt/airflow/dags/dog_api_pipeline.py
[2024-01-20T05:38:44.720+0000] {processor.py:830} INFO - Processing file /opt/airflow/dags/dog_api_pipeline.py for tasks to queue
[2024-01-20T05:38:44.721+0000] {logging_mixin.py:188} INFO - [2024-01-20T05:38:44.721+0000] {dagbag.py:538} INFO - Filling up the DagBag from /opt/airflow/dags/dog_api_pipeline.py
[2024-01-20T05:38:44.732+0000] {processor.py:840} INFO - DAG(s) 'dog_api_pipeline' retrieved from /opt/airflow/dags/dog_api_pipeline.py
[2024-01-20T05:38:44.752+0000] {logging_mixin.py:188} INFO - [2024-01-20T05:38:44.752+0000] {dag.py:3033} INFO - Sync 1 DAGs
[2024-01-20T05:38:44.762+0000] {logging_mixin.py:188} INFO - [2024-01-20T05:38:44.762+0000] {dag.py:3820} INFO - Setting next_dagrun for dog_api_pipeline to None, run_after=None
[2024-01-20T05:38:44.781+0000] {processor.py:183} INFO - Processing /opt/airflow/dags/dog_api_pipeline.py took 0.064 seconds
[2024-01-20T05:39:14.896+0000] {processor.py:161} INFO - Started process (PID=2387) to work on /opt/airflow/dags/dog_api_pipeline.py
[2024-01-20T05:39:14.897+0000] {processor.py:830} INFO - Processing file /opt/airflow/dags/dog_api_pipeline.py for tasks to queue
[2024-01-20T05:39:14.898+0000] {logging_mixin.py:188} INFO - [2024-01-20T05:39:14.897+0000] {dagbag.py:538} INFO - Filling up the DagBag from /opt/airflow/dags/dog_api_pipeline.py
[2024-01-20T05:39:14.906+0000] {processor.py:840} INFO - DAG(s) 'dog_api_pipeline' retrieved from /opt/airflow/dags/dog_api_pipeline.py
[2024-01-20T05:39:14.926+0000] {logging_mixin.py:188} INFO - [2024-01-20T05:39:14.926+0000] {dag.py:3033} INFO - Sync 1 DAGs
[2024-01-20T05:39:14.936+0000] {logging_mixin.py:188} INFO - [2024-01-20T05:39:14.935+0000] {dag.py:3820} INFO - Setting next_dagrun for dog_api_pipeline to None, run_after=None
[2024-01-20T05:39:14.955+0000] {processor.py:183} INFO - Processing /opt/airflow/dags/dog_api_pipeline.py took 0.063 seconds
[2024-01-20T05:39:45.102+0000] {processor.py:161} INFO - Started process (PID=2417) to work on /opt/airflow/dags/dog_api_pipeline.py
[2024-01-20T05:39:45.103+0000] {processor.py:830} INFO - Processing file /opt/airflow/dags/dog_api_pipeline.py for tasks to queue
[2024-01-20T05:39:45.113+0000] {logging_mixin.py:188} INFO - [2024-01-20T05:39:45.112+0000] {dagbag.py:538} INFO - Filling up the DagBag from /opt/airflow/dags/dog_api_pipeline.py
[2024-01-20T05:39:45.144+0000] {processor.py:840} INFO - DAG(s) 'dog_api_pipeline' retrieved from /opt/airflow/dags/dog_api_pipeline.py
[2024-01-20T05:39:45.215+0000] {logging_mixin.py:188} INFO - [2024-01-20T05:39:45.215+0000] {dag.py:3033} INFO - Sync 1 DAGs
[2024-01-20T05:39:45.249+0000] {logging_mixin.py:188} INFO - [2024-01-20T05:39:45.249+0000] {dag.py:3820} INFO - Setting next_dagrun for dog_api_pipeline to None, run_after=None
[2024-01-20T05:39:45.316+0000] {processor.py:183} INFO - Processing /opt/airflow/dags/dog_api_pipeline.py took 0.222 seconds
[2024-01-20T05:40:15.450+0000] {processor.py:161} INFO - Started process (PID=2437) to work on /opt/airflow/dags/dog_api_pipeline.py
[2024-01-20T05:40:15.451+0000] {processor.py:830} INFO - Processing file /opt/airflow/dags/dog_api_pipeline.py for tasks to queue
[2024-01-20T05:40:15.452+0000] {logging_mixin.py:188} INFO - [2024-01-20T05:40:15.452+0000] {dagbag.py:538} INFO - Filling up the DagBag from /opt/airflow/dags/dog_api_pipeline.py
[2024-01-20T05:40:15.462+0000] {processor.py:840} INFO - DAG(s) 'dog_api_pipeline' retrieved from /opt/airflow/dags/dog_api_pipeline.py
[2024-01-20T05:40:15.495+0000] {logging_mixin.py:188} INFO - [2024-01-20T05:40:15.494+0000] {dag.py:3033} INFO - Sync 1 DAGs
[2024-01-20T05:40:15.511+0000] {logging_mixin.py:188} INFO - [2024-01-20T05:40:15.511+0000] {dag.py:3820} INFO - Setting next_dagrun for dog_api_pipeline to None, run_after=None
[2024-01-20T05:40:15.534+0000] {processor.py:183} INFO - Processing /opt/airflow/dags/dog_api_pipeline.py took 0.089 seconds
[2024-01-20T05:40:45.577+0000] {processor.py:161} INFO - Started process (PID=2460) to work on /opt/airflow/dags/dog_api_pipeline.py
[2024-01-20T05:40:45.577+0000] {processor.py:830} INFO - Processing file /opt/airflow/dags/dog_api_pipeline.py for tasks to queue
[2024-01-20T05:40:45.578+0000] {logging_mixin.py:188} INFO - [2024-01-20T05:40:45.578+0000] {dagbag.py:538} INFO - Filling up the DagBag from /opt/airflow/dags/dog_api_pipeline.py
[2024-01-20T05:40:45.585+0000] {processor.py:840} INFO - DAG(s) 'dog_api_pipeline' retrieved from /opt/airflow/dags/dog_api_pipeline.py
[2024-01-20T05:40:45.606+0000] {logging_mixin.py:188} INFO - [2024-01-20T05:40:45.606+0000] {dag.py:3033} INFO - Sync 1 DAGs
[2024-01-20T05:40:45.615+0000] {logging_mixin.py:188} INFO - [2024-01-20T05:40:45.615+0000] {dag.py:3820} INFO - Setting next_dagrun for dog_api_pipeline to None, run_after=None
[2024-01-20T05:40:45.634+0000] {processor.py:183} INFO - Processing /opt/airflow/dags/dog_api_pipeline.py took 0.060 seconds
[2024-01-20T05:41:15.762+0000] {processor.py:161} INFO - Started process (PID=2491) to work on /opt/airflow/dags/dog_api_pipeline.py
[2024-01-20T05:41:15.763+0000] {processor.py:830} INFO - Processing file /opt/airflow/dags/dog_api_pipeline.py for tasks to queue
[2024-01-20T05:41:15.764+0000] {logging_mixin.py:188} INFO - [2024-01-20T05:41:15.763+0000] {dagbag.py:538} INFO - Filling up the DagBag from /opt/airflow/dags/dog_api_pipeline.py
[2024-01-20T05:41:15.770+0000] {processor.py:840} INFO - DAG(s) 'dog_api_pipeline' retrieved from /opt/airflow/dags/dog_api_pipeline.py
[2024-01-20T05:41:15.790+0000] {logging_mixin.py:188} INFO - [2024-01-20T05:41:15.790+0000] {dag.py:3033} INFO - Sync 1 DAGs
[2024-01-20T05:41:15.800+0000] {logging_mixin.py:188} INFO - [2024-01-20T05:41:15.800+0000] {dag.py:3820} INFO - Setting next_dagrun for dog_api_pipeline to None, run_after=None
[2024-01-20T05:41:15.820+0000] {processor.py:183} INFO - Processing /opt/airflow/dags/dog_api_pipeline.py took 0.060 seconds
[2024-01-20T05:41:45.892+0000] {processor.py:161} INFO - Started process (PID=2513) to work on /opt/airflow/dags/dog_api_pipeline.py
[2024-01-20T05:41:45.893+0000] {processor.py:830} INFO - Processing file /opt/airflow/dags/dog_api_pipeline.py for tasks to queue
[2024-01-20T05:41:45.894+0000] {logging_mixin.py:188} INFO - [2024-01-20T05:41:45.893+0000] {dagbag.py:538} INFO - Filling up the DagBag from /opt/airflow/dags/dog_api_pipeline.py
[2024-01-20T05:41:45.901+0000] {processor.py:840} INFO - DAG(s) 'dog_api_pipeline' retrieved from /opt/airflow/dags/dog_api_pipeline.py
[2024-01-20T05:41:45.924+0000] {logging_mixin.py:188} INFO - [2024-01-20T05:41:45.924+0000] {dag.py:3033} INFO - Sync 1 DAGs
[2024-01-20T05:41:45.933+0000] {logging_mixin.py:188} INFO - [2024-01-20T05:41:45.933+0000] {dag.py:3820} INFO - Setting next_dagrun for dog_api_pipeline to None, run_after=None
[2024-01-20T05:41:45.952+0000] {processor.py:183} INFO - Processing /opt/airflow/dags/dog_api_pipeline.py took 0.062 seconds
[2024-01-20T05:42:16.056+0000] {processor.py:161} INFO - Started process (PID=2543) to work on /opt/airflow/dags/dog_api_pipeline.py
[2024-01-20T05:42:16.057+0000] {processor.py:830} INFO - Processing file /opt/airflow/dags/dog_api_pipeline.py for tasks to queue
[2024-01-20T05:42:16.058+0000] {logging_mixin.py:188} INFO - [2024-01-20T05:42:16.058+0000] {dagbag.py:538} INFO - Filling up the DagBag from /opt/airflow/dags/dog_api_pipeline.py
[2024-01-20T05:42:16.075+0000] {processor.py:840} INFO - DAG(s) 'dog_api_pipeline' retrieved from /opt/airflow/dags/dog_api_pipeline.py
[2024-01-20T05:42:16.114+0000] {logging_mixin.py:188} INFO - [2024-01-20T05:42:16.114+0000] {dag.py:3033} INFO - Sync 1 DAGs
[2024-01-20T05:42:16.128+0000] {logging_mixin.py:188} INFO - [2024-01-20T05:42:16.128+0000] {dag.py:3820} INFO - Setting next_dagrun for dog_api_pipeline to None, run_after=None
[2024-01-20T05:42:16.151+0000] {processor.py:183} INFO - Processing /opt/airflow/dags/dog_api_pipeline.py took 0.098 seconds
[2024-01-20T05:42:46.265+0000] {processor.py:161} INFO - Started process (PID=2566) to work on /opt/airflow/dags/dog_api_pipeline.py
[2024-01-20T05:42:46.266+0000] {processor.py:830} INFO - Processing file /opt/airflow/dags/dog_api_pipeline.py for tasks to queue
[2024-01-20T05:42:46.266+0000] {logging_mixin.py:188} INFO - [2024-01-20T05:42:46.266+0000] {dagbag.py:538} INFO - Filling up the DagBag from /opt/airflow/dags/dog_api_pipeline.py
[2024-01-20T05:42:46.273+0000] {processor.py:840} INFO - DAG(s) 'dog_api_pipeline' retrieved from /opt/airflow/dags/dog_api_pipeline.py
[2024-01-20T05:42:46.294+0000] {logging_mixin.py:188} INFO - [2024-01-20T05:42:46.294+0000] {dag.py:3033} INFO - Sync 1 DAGs
[2024-01-20T05:42:46.304+0000] {logging_mixin.py:188} INFO - [2024-01-20T05:42:46.304+0000] {dag.py:3820} INFO - Setting next_dagrun for dog_api_pipeline to None, run_after=None
[2024-01-20T05:42:46.322+0000] {processor.py:183} INFO - Processing /opt/airflow/dags/dog_api_pipeline.py took 0.060 seconds
[2024-01-20T05:43:16.390+0000] {processor.py:161} INFO - Started process (PID=2588) to work on /opt/airflow/dags/dog_api_pipeline.py
[2024-01-20T05:43:16.391+0000] {processor.py:830} INFO - Processing file /opt/airflow/dags/dog_api_pipeline.py for tasks to queue
[2024-01-20T05:43:16.391+0000] {logging_mixin.py:188} INFO - [2024-01-20T05:43:16.391+0000] {dagbag.py:538} INFO - Filling up the DagBag from /opt/airflow/dags/dog_api_pipeline.py
[2024-01-20T05:43:16.398+0000] {processor.py:840} INFO - DAG(s) 'dog_api_pipeline' retrieved from /opt/airflow/dags/dog_api_pipeline.py
[2024-01-20T05:43:16.421+0000] {logging_mixin.py:188} INFO - [2024-01-20T05:43:16.421+0000] {dag.py:3033} INFO - Sync 1 DAGs
[2024-01-20T05:43:16.430+0000] {logging_mixin.py:188} INFO - [2024-01-20T05:43:16.430+0000] {dag.py:3820} INFO - Setting next_dagrun for dog_api_pipeline to None, run_after=None
[2024-01-20T05:43:16.449+0000] {processor.py:183} INFO - Processing /opt/airflow/dags/dog_api_pipeline.py took 0.062 seconds
[2024-01-20T05:43:46.549+0000] {processor.py:161} INFO - Started process (PID=2619) to work on /opt/airflow/dags/dog_api_pipeline.py
[2024-01-20T05:43:46.550+0000] {processor.py:830} INFO - Processing file /opt/airflow/dags/dog_api_pipeline.py for tasks to queue
[2024-01-20T05:43:46.551+0000] {logging_mixin.py:188} INFO - [2024-01-20T05:43:46.550+0000] {dagbag.py:538} INFO - Filling up the DagBag from /opt/airflow/dags/dog_api_pipeline.py
[2024-01-20T05:43:46.557+0000] {processor.py:840} INFO - DAG(s) 'dog_api_pipeline' retrieved from /opt/airflow/dags/dog_api_pipeline.py
[2024-01-20T05:43:46.578+0000] {logging_mixin.py:188} INFO - [2024-01-20T05:43:46.577+0000] {dag.py:3033} INFO - Sync 1 DAGs
[2024-01-20T05:43:46.587+0000] {logging_mixin.py:188} INFO - [2024-01-20T05:43:46.587+0000] {dag.py:3820} INFO - Setting next_dagrun for dog_api_pipeline to None, run_after=None
[2024-01-20T05:43:46.607+0000] {processor.py:183} INFO - Processing /opt/airflow/dags/dog_api_pipeline.py took 0.060 seconds
[2024-01-20T05:44:16.676+0000] {processor.py:161} INFO - Started process (PID=2641) to work on /opt/airflow/dags/dog_api_pipeline.py
[2024-01-20T05:44:16.677+0000] {processor.py:830} INFO - Processing file /opt/airflow/dags/dog_api_pipeline.py for tasks to queue
[2024-01-20T05:44:16.677+0000] {logging_mixin.py:188} INFO - [2024-01-20T05:44:16.677+0000] {dagbag.py:538} INFO - Filling up the DagBag from /opt/airflow/dags/dog_api_pipeline.py
[2024-01-20T05:44:16.684+0000] {processor.py:840} INFO - DAG(s) 'dog_api_pipeline' retrieved from /opt/airflow/dags/dog_api_pipeline.py
[2024-01-20T05:44:16.705+0000] {logging_mixin.py:188} INFO - [2024-01-20T05:44:16.705+0000] {dag.py:3033} INFO - Sync 1 DAGs
[2024-01-20T05:44:16.714+0000] {logging_mixin.py:188} INFO - [2024-01-20T05:44:16.714+0000] {dag.py:3820} INFO - Setting next_dagrun for dog_api_pipeline to None, run_after=None
[2024-01-20T05:44:16.757+0000] {processor.py:183} INFO - Processing /opt/airflow/dags/dog_api_pipeline.py took 0.084 seconds
[2024-01-20T05:44:46.839+0000] {processor.py:161} INFO - Started process (PID=2670) to work on /opt/airflow/dags/dog_api_pipeline.py
[2024-01-20T05:44:46.840+0000] {processor.py:830} INFO - Processing file /opt/airflow/dags/dog_api_pipeline.py for tasks to queue
[2024-01-20T05:44:46.841+0000] {logging_mixin.py:188} INFO - [2024-01-20T05:44:46.841+0000] {dagbag.py:538} INFO - Filling up the DagBag from /opt/airflow/dags/dog_api_pipeline.py
[2024-01-20T05:44:46.855+0000] {processor.py:840} INFO - DAG(s) 'dog_api_pipeline' retrieved from /opt/airflow/dags/dog_api_pipeline.py
[2024-01-20T05:44:46.883+0000] {logging_mixin.py:188} INFO - [2024-01-20T05:44:46.883+0000] {dag.py:3033} INFO - Sync 1 DAGs
[2024-01-20T05:44:46.898+0000] {logging_mixin.py:188} INFO - [2024-01-20T05:44:46.898+0000] {dag.py:3820} INFO - Setting next_dagrun for dog_api_pipeline to None, run_after=None
[2024-01-20T05:44:46.921+0000] {processor.py:183} INFO - Processing /opt/airflow/dags/dog_api_pipeline.py took 0.086 seconds
[2024-01-20T05:45:16.986+0000] {processor.py:161} INFO - Started process (PID=2692) to work on /opt/airflow/dags/dog_api_pipeline.py
[2024-01-20T05:45:16.986+0000] {processor.py:830} INFO - Processing file /opt/airflow/dags/dog_api_pipeline.py for tasks to queue
[2024-01-20T05:45:16.987+0000] {logging_mixin.py:188} INFO - [2024-01-20T05:45:16.987+0000] {dagbag.py:538} INFO - Filling up the DagBag from /opt/airflow/dags/dog_api_pipeline.py
[2024-01-20T05:45:16.994+0000] {processor.py:840} INFO - DAG(s) 'dog_api_pipeline' retrieved from /opt/airflow/dags/dog_api_pipeline.py
[2024-01-20T05:45:17.016+0000] {logging_mixin.py:188} INFO - [2024-01-20T05:45:17.016+0000] {dag.py:3033} INFO - Sync 1 DAGs
[2024-01-20T05:45:17.025+0000] {logging_mixin.py:188} INFO - [2024-01-20T05:45:17.025+0000] {dag.py:3820} INFO - Setting next_dagrun for dog_api_pipeline to None, run_after=None
[2024-01-20T05:45:17.045+0000] {processor.py:183} INFO - Processing /opt/airflow/dags/dog_api_pipeline.py took 0.061 seconds
[2024-01-20T05:45:47.154+0000] {processor.py:161} INFO - Started process (PID=2714) to work on /opt/airflow/dags/dog_api_pipeline.py
[2024-01-20T05:45:47.155+0000] {processor.py:830} INFO - Processing file /opt/airflow/dags/dog_api_pipeline.py for tasks to queue
[2024-01-20T05:45:47.155+0000] {logging_mixin.py:188} INFO - [2024-01-20T05:45:47.155+0000] {dagbag.py:538} INFO - Filling up the DagBag from /opt/airflow/dags/dog_api_pipeline.py
[2024-01-20T05:45:47.162+0000] {processor.py:840} INFO - DAG(s) 'dog_api_pipeline' retrieved from /opt/airflow/dags/dog_api_pipeline.py
[2024-01-20T05:45:47.182+0000] {logging_mixin.py:188} INFO - [2024-01-20T05:45:47.182+0000] {dag.py:3033} INFO - Sync 1 DAGs
[2024-01-20T05:45:47.191+0000] {logging_mixin.py:188} INFO - [2024-01-20T05:45:47.191+0000] {dag.py:3820} INFO - Setting next_dagrun for dog_api_pipeline to None, run_after=None
[2024-01-20T05:45:47.210+0000] {processor.py:183} INFO - Processing /opt/airflow/dags/dog_api_pipeline.py took 0.059 seconds
[2024-01-20T05:46:17.285+0000] {processor.py:161} INFO - Started process (PID=2746) to work on /opt/airflow/dags/dog_api_pipeline.py
[2024-01-20T05:46:17.286+0000] {processor.py:830} INFO - Processing file /opt/airflow/dags/dog_api_pipeline.py for tasks to queue
[2024-01-20T05:46:17.287+0000] {logging_mixin.py:188} INFO - [2024-01-20T05:46:17.287+0000] {dagbag.py:538} INFO - Filling up the DagBag from /opt/airflow/dags/dog_api_pipeline.py
[2024-01-20T05:46:17.298+0000] {processor.py:840} INFO - DAG(s) 'dog_api_pipeline' retrieved from /opt/airflow/dags/dog_api_pipeline.py
[2024-01-20T05:46:17.338+0000] {logging_mixin.py:188} INFO - [2024-01-20T05:46:17.338+0000] {dag.py:3033} INFO - Sync 1 DAGs
[2024-01-20T05:46:17.356+0000] {logging_mixin.py:188} INFO - [2024-01-20T05:46:17.355+0000] {dag.py:3820} INFO - Setting next_dagrun for dog_api_pipeline to None, run_after=None
[2024-01-20T05:46:17.379+0000] {processor.py:183} INFO - Processing /opt/airflow/dags/dog_api_pipeline.py took 0.097 seconds
[2024-01-20T05:46:47.436+0000] {processor.py:161} INFO - Started process (PID=2769) to work on /opt/airflow/dags/dog_api_pipeline.py
[2024-01-20T05:46:47.437+0000] {processor.py:830} INFO - Processing file /opt/airflow/dags/dog_api_pipeline.py for tasks to queue
[2024-01-20T05:46:47.438+0000] {logging_mixin.py:188} INFO - [2024-01-20T05:46:47.437+0000] {dagbag.py:538} INFO - Filling up the DagBag from /opt/airflow/dags/dog_api_pipeline.py
[2024-01-20T05:46:47.446+0000] {processor.py:840} INFO - DAG(s) 'dog_api_pipeline' retrieved from /opt/airflow/dags/dog_api_pipeline.py
[2024-01-20T05:46:47.468+0000] {logging_mixin.py:188} INFO - [2024-01-20T05:46:47.468+0000] {dag.py:3033} INFO - Sync 1 DAGs
[2024-01-20T05:46:47.479+0000] {logging_mixin.py:188} INFO - [2024-01-20T05:46:47.479+0000] {dag.py:3820} INFO - Setting next_dagrun for dog_api_pipeline to None, run_after=None
[2024-01-20T05:46:47.498+0000] {processor.py:183} INFO - Processing /opt/airflow/dags/dog_api_pipeline.py took 0.064 seconds
[2024-01-20T05:47:17.639+0000] {processor.py:161} INFO - Started process (PID=2797) to work on /opt/airflow/dags/dog_api_pipeline.py
[2024-01-20T05:47:17.640+0000] {processor.py:830} INFO - Processing file /opt/airflow/dags/dog_api_pipeline.py for tasks to queue
[2024-01-20T05:47:17.641+0000] {logging_mixin.py:188} INFO - [2024-01-20T05:47:17.641+0000] {dagbag.py:538} INFO - Filling up the DagBag from /opt/airflow/dags/dog_api_pipeline.py
[2024-01-20T05:47:17.650+0000] {processor.py:840} INFO - DAG(s) 'dog_api_pipeline' retrieved from /opt/airflow/dags/dog_api_pipeline.py
[2024-01-20T05:47:17.678+0000] {logging_mixin.py:188} INFO - [2024-01-20T05:47:17.678+0000] {dag.py:3033} INFO - Sync 1 DAGs
[2024-01-20T05:47:17.693+0000] {logging_mixin.py:188} INFO - [2024-01-20T05:47:17.693+0000] {dag.py:3820} INFO - Setting next_dagrun for dog_api_pipeline to None, run_after=None
[2024-01-20T05:47:17.716+0000] {processor.py:183} INFO - Processing /opt/airflow/dags/dog_api_pipeline.py took 0.081 seconds
[2024-01-20T05:47:47.781+0000] {processor.py:161} INFO - Started process (PID=2819) to work on /opt/airflow/dags/dog_api_pipeline.py
[2024-01-20T05:47:47.782+0000] {processor.py:830} INFO - Processing file /opt/airflow/dags/dog_api_pipeline.py for tasks to queue
[2024-01-20T05:47:47.783+0000] {logging_mixin.py:188} INFO - [2024-01-20T05:47:47.782+0000] {dagbag.py:538} INFO - Filling up the DagBag from /opt/airflow/dags/dog_api_pipeline.py
[2024-01-20T05:47:47.789+0000] {processor.py:840} INFO - DAG(s) 'dog_api_pipeline' retrieved from /opt/airflow/dags/dog_api_pipeline.py
[2024-01-20T05:47:47.810+0000] {logging_mixin.py:188} INFO - [2024-01-20T05:47:47.810+0000] {dag.py:3033} INFO - Sync 1 DAGs
[2024-01-20T05:47:47.819+0000] {logging_mixin.py:188} INFO - [2024-01-20T05:47:47.819+0000] {dag.py:3820} INFO - Setting next_dagrun for dog_api_pipeline to None, run_after=None
[2024-01-20T05:47:47.839+0000] {processor.py:183} INFO - Processing /opt/airflow/dags/dog_api_pipeline.py took 0.060 seconds
[2024-01-20T05:48:17.960+0000] {processor.py:161} INFO - Started process (PID=2842) to work on /opt/airflow/dags/dog_api_pipeline.py
[2024-01-20T05:48:17.961+0000] {processor.py:830} INFO - Processing file /opt/airflow/dags/dog_api_pipeline.py for tasks to queue
[2024-01-20T05:48:17.962+0000] {logging_mixin.py:188} INFO - [2024-01-20T05:48:17.962+0000] {dagbag.py:538} INFO - Filling up the DagBag from /opt/airflow/dags/dog_api_pipeline.py
[2024-01-20T05:48:17.968+0000] {processor.py:840} INFO - DAG(s) 'dog_api_pipeline' retrieved from /opt/airflow/dags/dog_api_pipeline.py
[2024-01-20T05:48:17.988+0000] {logging_mixin.py:188} INFO - [2024-01-20T05:48:17.988+0000] {dag.py:3033} INFO - Sync 1 DAGs
[2024-01-20T05:48:17.997+0000] {logging_mixin.py:188} INFO - [2024-01-20T05:48:17.997+0000] {dag.py:3820} INFO - Setting next_dagrun for dog_api_pipeline to None, run_after=None
[2024-01-20T05:48:18.018+0000] {processor.py:183} INFO - Processing /opt/airflow/dags/dog_api_pipeline.py took 0.060 seconds
[2024-01-20T05:48:48.101+0000] {processor.py:161} INFO - Started process (PID=2871) to work on /opt/airflow/dags/dog_api_pipeline.py
[2024-01-20T05:48:48.102+0000] {processor.py:830} INFO - Processing file /opt/airflow/dags/dog_api_pipeline.py for tasks to queue
[2024-01-20T05:48:48.103+0000] {logging_mixin.py:188} INFO - [2024-01-20T05:48:48.103+0000] {dagbag.py:538} INFO - Filling up the DagBag from /opt/airflow/dags/dog_api_pipeline.py
[2024-01-20T05:48:48.117+0000] {processor.py:840} INFO - DAG(s) 'dog_api_pipeline' retrieved from /opt/airflow/dags/dog_api_pipeline.py
[2024-01-20T05:48:48.144+0000] {logging_mixin.py:188} INFO - [2024-01-20T05:48:48.144+0000] {dag.py:3033} INFO - Sync 1 DAGs
[2024-01-20T05:48:48.157+0000] {logging_mixin.py:188} INFO - [2024-01-20T05:48:48.157+0000] {dag.py:3820} INFO - Setting next_dagrun for dog_api_pipeline to None, run_after=None
[2024-01-20T05:48:48.181+0000] {processor.py:183} INFO - Processing /opt/airflow/dags/dog_api_pipeline.py took 0.084 seconds
[2024-01-20T05:49:18.247+0000] {processor.py:161} INFO - Started process (PID=2893) to work on /opt/airflow/dags/dog_api_pipeline.py
[2024-01-20T05:49:18.248+0000] {processor.py:830} INFO - Processing file /opt/airflow/dags/dog_api_pipeline.py for tasks to queue
[2024-01-20T05:49:18.249+0000] {logging_mixin.py:188} INFO - [2024-01-20T05:49:18.248+0000] {dagbag.py:538} INFO - Filling up the DagBag from /opt/airflow/dags/dog_api_pipeline.py
[2024-01-20T05:49:18.256+0000] {processor.py:840} INFO - DAG(s) 'dog_api_pipeline' retrieved from /opt/airflow/dags/dog_api_pipeline.py
[2024-01-20T05:49:18.277+0000] {logging_mixin.py:188} INFO - [2024-01-20T05:49:18.277+0000] {dag.py:3033} INFO - Sync 1 DAGs
[2024-01-20T05:49:18.287+0000] {logging_mixin.py:188} INFO - [2024-01-20T05:49:18.287+0000] {dag.py:3820} INFO - Setting next_dagrun for dog_api_pipeline to None, run_after=None
[2024-01-20T05:49:18.309+0000] {processor.py:183} INFO - Processing /opt/airflow/dags/dog_api_pipeline.py took 0.064 seconds
[2024-01-20T05:49:48.409+0000] {processor.py:161} INFO - Started process (PID=2917) to work on /opt/airflow/dags/dog_api_pipeline.py
[2024-01-20T05:49:48.410+0000] {processor.py:830} INFO - Processing file /opt/airflow/dags/dog_api_pipeline.py for tasks to queue
[2024-01-20T05:49:48.411+0000] {logging_mixin.py:188} INFO - [2024-01-20T05:49:48.410+0000] {dagbag.py:538} INFO - Filling up the DagBag from /opt/airflow/dags/dog_api_pipeline.py
[2024-01-20T05:49:48.417+0000] {processor.py:840} INFO - DAG(s) 'dog_api_pipeline' retrieved from /opt/airflow/dags/dog_api_pipeline.py
[2024-01-20T05:49:48.437+0000] {logging_mixin.py:188} INFO - [2024-01-20T05:49:48.437+0000] {dag.py:3033} INFO - Sync 1 DAGs
[2024-01-20T05:49:48.447+0000] {logging_mixin.py:188} INFO - [2024-01-20T05:49:48.447+0000] {dag.py:3820} INFO - Setting next_dagrun for dog_api_pipeline to None, run_after=None
[2024-01-20T05:49:48.466+0000] {processor.py:183} INFO - Processing /opt/airflow/dags/dog_api_pipeline.py took 0.060 seconds
[2024-01-20T05:50:18.555+0000] {processor.py:161} INFO - Started process (PID=2947) to work on /opt/airflow/dags/dog_api_pipeline.py
[2024-01-20T05:50:18.556+0000] {processor.py:830} INFO - Processing file /opt/airflow/dags/dog_api_pipeline.py for tasks to queue
[2024-01-20T05:50:18.556+0000] {logging_mixin.py:188} INFO - [2024-01-20T05:50:18.556+0000] {dagbag.py:538} INFO - Filling up the DagBag from /opt/airflow/dags/dog_api_pipeline.py
[2024-01-20T05:50:18.563+0000] {processor.py:840} INFO - DAG(s) 'dog_api_pipeline' retrieved from /opt/airflow/dags/dog_api_pipeline.py
[2024-01-20T05:50:18.583+0000] {logging_mixin.py:188} INFO - [2024-01-20T05:50:18.583+0000] {dag.py:3033} INFO - Sync 1 DAGs
[2024-01-20T05:50:18.593+0000] {logging_mixin.py:188} INFO - [2024-01-20T05:50:18.593+0000] {dag.py:3820} INFO - Setting next_dagrun for dog_api_pipeline to None, run_after=None
[2024-01-20T05:50:18.612+0000] {processor.py:183} INFO - Processing /opt/airflow/dags/dog_api_pipeline.py took 0.060 seconds
[2024-01-20T05:50:48.694+0000] {processor.py:161} INFO - Started process (PID=2969) to work on /opt/airflow/dags/dog_api_pipeline.py
[2024-01-20T05:50:48.695+0000] {processor.py:830} INFO - Processing file /opt/airflow/dags/dog_api_pipeline.py for tasks to queue
[2024-01-20T05:50:48.699+0000] {logging_mixin.py:188} INFO - [2024-01-20T05:50:48.698+0000] {dagbag.py:538} INFO - Filling up the DagBag from /opt/airflow/dags/dog_api_pipeline.py
[2024-01-20T05:50:48.713+0000] {processor.py:840} INFO - DAG(s) 'dog_api_pipeline' retrieved from /opt/airflow/dags/dog_api_pipeline.py
[2024-01-20T05:50:48.741+0000] {logging_mixin.py:188} INFO - [2024-01-20T05:50:48.741+0000] {dag.py:3033} INFO - Sync 1 DAGs
[2024-01-20T05:50:48.758+0000] {logging_mixin.py:188} INFO - [2024-01-20T05:50:48.757+0000] {dag.py:3820} INFO - Setting next_dagrun for dog_api_pipeline to None, run_after=None
[2024-01-20T05:50:48.787+0000] {processor.py:183} INFO - Processing /opt/airflow/dags/dog_api_pipeline.py took 0.097 seconds
